Flow report for DDS
Mon Oct 20 11:17:56 2014
Quartus II 32-bit Version 13.0.1 Build 232 06/12/2013 Service Pack 1 SJ Web Edition


---------------------
; Table of Contents ;
---------------------
  1. Legal Notice
  2. Flow Summary
  3. Flow Settings
  4. Flow Non-Default Global Settings
  5. Flow Elapsed Time
  6. Flow OS Summary
  7. Flow Log
  8. Flow Messages
  9. Flow Suppressed Messages



----------------
; Legal Notice ;
----------------
Copyright (C) 1991-2013 Altera Corporation
Your use of Altera Corporation's design tools, logic functions 
and other software and tools, and its AMPP partner logic 
functions, and any output files from any of the foregoing 
(including device programming or simulation files), and any 
associated documentation or information are expressly subject 
to the terms and conditions of the Altera Program License 
Subscription Agreement, Altera MegaCore Function License 
Agreement, or other applicable license agreement, including, 
without limitation, that your use is for the sole purpose of 
programming logic devices manufactured by Altera and sold by 
Altera or its authorized distributors.  Please refer to the 
applicable agreement for further details.



+--------------------------------------------------------------------------------------+
; Flow Summary                                                                         ;
+------------------------------------+-------------------------------------------------+
; Flow Status                        ; Successful - Mon Oct 20 11:17:54 2014           ;
; Quartus II 32-bit Version          ; 13.0.1 Build 232 06/12/2013 SP 1 SJ Web Edition ;
; Revision Name                      ; DDS                                             ;
; Top-level Entity Name              ; dds                                             ;
; Family                             ; Cyclone II                                      ;
; Device                             ; EP2C5T144C6                                     ;
; Timing Models                      ; Final                                           ;
; Total logic elements               ; 364 / 4,608 ( 8 % )                             ;
;     Total combinational functions  ; 297 / 4,608 ( 6 % )                             ;
;     Dedicated logic registers      ; 216 / 4,608 ( 5 % )                             ;
; Total registers                    ; 216                                             ;
; Total pins                         ; 73 / 89 ( 82 % )                                ;
; Total virtual pins                 ; 0                                               ;
; Total memory bits                  ; 65,536 / 119,808 ( 55 % )                       ;
; Embedded Multiplier 9-bit elements ; 0 / 26 ( 0 % )                                  ;
; Total PLLs                         ; 1 / 2 ( 50 % )                                  ;
+------------------------------------+-------------------------------------------------+


+-----------------------------------------+
; Flow Settings                           ;
+-------------------+---------------------+
; Option            ; Setting             ;
+-------------------+---------------------+
; Start date & time ; 10/20/2014 11:17:43 ;
; Main task         ; Compilation         ;
; Revision Name     ; DDS                 ;
+-------------------+---------------------+


+------------------------------------------------------------------------------------------------------------------+
; Flow Non-Default Global Settings                                                                                 ;
+-------------------------------------+------------------------------+---------------+----------------+------------+
; Assignment Name                     ; Value                        ; Default Value ; Entity Name    ; Section Id ;
+-------------------------------------+------------------------------+---------------+----------------+------------+
; COMPILER_SIGNATURE_ID               ; 121374651439.141377146302332 ; --            ; --             ; --         ;
; IP_TOOL_NAME                        ; ALTPLL                       ; --            ; --             ; --         ;
; IP_TOOL_NAME                        ; RAM: 2-PORT                  ; --            ; --             ; --         ;
; IP_TOOL_VERSION                     ; 11.1                         ; --            ; --             ; --         ;
; IP_TOOL_VERSION                     ; 12.1                         ; --            ; --             ; --         ;
; MAX_CORE_JUNCTION_TEMP              ; 85                           ; --            ; --             ; --         ;
; MIN_CORE_JUNCTION_TEMP              ; 0                            ; --            ; --             ; --         ;
; MISC_FILE                           ; dds_pll.cmp                  ; --            ; --             ; --         ;
; MISC_FILE                           ; dds_pll.ppf                  ; --            ; --             ; --         ;
; MISC_FILE                           ; dds_ram.cmp                  ; --            ; --             ; --         ;
; PARTITION_COLOR                     ; 16764057                     ; --            ; --             ; Top        ;
; PARTITION_COLOR                     ; 16764057                     ; --            ; dds_controller ; Top        ;
; PARTITION_FITTER_PRESERVATION_LEVEL ; PLACEMENT_AND_ROUTING        ; --            ; --             ; Top        ;
; PARTITION_FITTER_PRESERVATION_LEVEL ; PLACEMENT_AND_ROUTING        ; --            ; dds_controller ; Top        ;
; PARTITION_NETLIST_TYPE              ; SOURCE                       ; --            ; --             ; Top        ;
; PARTITION_NETLIST_TYPE              ; SOURCE                       ; --            ; dds_controller ; Top        ;
+-------------------------------------+------------------------------+---------------+----------------+------------+


+-------------------------------------------------------------------------------------------------------------------------------+
; Flow Elapsed Time                                                                                                             ;
+---------------------------+--------------+-------------------------+---------------------+------------------------------------+
; Module Name               ; Elapsed Time ; Average Processors Used ; Peak Virtual Memory ; Total CPU Time (on all processors) ;
+---------------------------+--------------+-------------------------+---------------------+------------------------------------+
; Analysis & Synthesis      ; 00:00:03     ; 1.0                     ; 392 MB              ; 00:00:02                           ;
; Fitter                    ; 00:00:05     ; 1.0                     ; 419 MB              ; 00:00:05                           ;
; Assembler                 ; 00:00:01     ; 1.0                     ; 328 MB              ; 00:00:01                           ;
; TimeQuest Timing Analyzer ; 00:00:01     ; 1.0                     ; 311 MB              ; 00:00:01                           ;
; Total                     ; 00:00:10     ; --                      ; --                  ; 00:00:09                           ;
+---------------------------+--------------+-------------------------+---------------------+------------------------------------+


+----------------------------------------------------------------------------------------+
; Flow OS Summary                                                                        ;
+---------------------------+------------------+-----------+------------+----------------+
; Module Name               ; Machine Hostname ; OS Name   ; OS Version ; Processor type ;
+---------------------------+------------------+-----------+------------+----------------+
; Analysis & Synthesis      ; THANEDPRUTT2A78  ; Windows 7 ; 6.2        ; i686           ;
; Fitter                    ; THANEDPRUTT2A78  ; Windows 7 ; 6.2        ; i686           ;
; Assembler                 ; THANEDPRUTT2A78  ; Windows 7 ; 6.2        ; i686           ;
; TimeQuest Timing Analyzer ; THANEDPRUTT2A78  ; Windows 7 ; 6.2        ; i686           ;
+---------------------------+------------------+-----------+------------+----------------+


------------
; Flow Log ;
------------
quartus_map --read_settings_files=on --write_settings_files=off DDS -c DDS
quartus_fit --read_settings_files=off --write_settings_files=off DDS -c DDS
quartus_asm --read_settings_files=off --write_settings_files=off DDS -c DDS
quartus_sta DDS -c DDS



