Removed Pin From Net: NetName=IOB8_1 Pin=P4-2
Removed Pin From Net: NetName=IOB8_9 Pin=P4-4
Removed Pin From Net: NetName=IOB8_10 Pin=P4-6
Removed Pin From Net: NetName=IOB8_6 Pin=P4-8
Removed Pin From Net: NetName=IOB8_1 Pin=R14-1
Removed Pin From Net: NetName=IOB8_9 Pin=R16-1
Removed Pin From Net: NetName=IOB8_10 Pin=R17-1
Removed Pin From Net: NetName=IOB8_6 Pin=R18-1
Removed Pin From Net: NetName=IOB4_11 Pin=U21-1
Removed Pin From Net: NetName=IOB4_8 Pin=U21-2
Removed Pin From Net: NetName=IOB4_12 Pin=U21-3
Removed Pin From Net: NetName=IOB4_15 Pin=U21-4
Removed Pin From Net: NetName=IOB4_16 Pin=U21-5
Removed Pin From Net: NetName=IOB5_0 Pin=U21-6
Removed Pin From Net: NetName=IOB5_7 Pin=U21-7
Removed Pin From Net: NetName=IOB5_6 Pin=U21-8
Removed Pin From Net: NetName=IOB5_15 Pin=U21-9
Removed Pin From Net: NetName=IOB5_14 Pin=U21-10
Removed Pin From Net: NetName=IOB6_6 Pin=U21-11
Removed Pin From Net: NetName=IOB6_2 Pin=U21-12
Removed Pin From Net: NetName=IOB7_1 Pin=U21-13
Removed Pin From Net: NetName=IOB7_0 Pin=U21-14
Removed Pin From Net: NetName=IOB4_0 Pin=U21-28
Removed Pin From Net: NetName=IOB8_3 Pin=U23-2
Removed Pin From Net: NetName=IOB1_4 Pin=U23-3
Removed Pin From Net: NetName=IOB3_19 Pin=U23-4
Removed Pin From Net: NetName=IOB8_2 Pin=U23-13
Added Pin To Net: NetName=IOB4_15 Pin=P4-2
Added Pin To Net: NetName=IOB4_16 Pin=P4-4
Added Pin To Net: NetName=IOB5_0 Pin=P4-6
Added Pin To Net: NetName=IOB5_7 Pin=P4-8
Added Pin To Net: NetName=IOB4_15 Pin=R14-1
Added Pin To Net: NetName=IOB4_16 Pin=R16-1
Added Pin To Net: NetName=IOB5_0 Pin=R17-1
Added Pin To Net: NetName=IOB5_7 Pin=R18-1
Added Pin To Net: NetName=IOB5_15 Pin=U21-1
Added Pin To Net: NetName=IOB5_14 Pin=U21-2
Added Pin To Net: NetName=IOB6_6 Pin=U21-3
Added Pin To Net: NetName=IOB6_2 Pin=U21-4
Added Pin To Net: NetName=IOB7_1 Pin=U21-5
Added Pin To Net: NetName=IOB7_0 Pin=U21-6
Added Pin To Net: NetName=IOB3_19 Pin=U21-7
Added Pin To Net: NetName=IOB1_4 Pin=U21-8
Added Pin To Net: NetName=IOB8_3 Pin=U21-9
Added Pin To Net: NetName=IOB8_2 Pin=U21-10
Added Pin To Net: NetName=IOB8_1 Pin=U21-11
Added Pin To Net: NetName=IOB8_9 Pin=U21-12
Added Pin To Net: NetName=IOB8_10 Pin=U21-13
Added Pin To Net: NetName=IOB8_6 Pin=U21-14
Added Pin To Net: NetName=IOB5_6 Pin=U21-28
Added Pin To Net: NetName=IOB4_8 Pin=U23-2
Added Pin To Net: NetName=IOB4_11 Pin=U23-3
Added Pin To Net: NetName=IOB4_0 Pin=U23-4
Added Pin To Net: NetName=IOB4_12 Pin=U23-13
