Removed Pin From Net: NetName=DGND Pin=C1-1
Removed Pin From Net: NetName=3.3V_DIG Pin=C1-2
Removed Pin From Net: NetName=AS_DCLK Pin=D1-1
Removed Pin From Net: NetName=3.3V_DIG Pin=D1-2
Removed Pin From Net: NetName=AS_DATA Pin=D2-1
Removed Pin From Net: NetName=3.3V_DIG Pin=D2-2
Removed Pin From Net: NetName=ASDI Pin=D3-1
Removed Pin From Net: NetName=3.3V_DIG Pin=D3-2
Removed Pin From Net: NetName=NCS Pin=D4-1
Removed Pin From Net: NetName=3.3V_DIG Pin=D4-2
Removed Pin From Net: NetName=NetR2_1 Pin=R2-1
Removed Pin From Net: NetName=3.3V_DIG Pin=R2-2
Removed Pin From Net: NetName=3.3V_DIG Pin=U1-A1
Removed Pin From Net: NetName=IOB8_16 Pin=U1-A2
Removed Pin From Net: NetName=IOB8_17 Pin=U1-A3
Removed Pin From Net: NetName=IOB8_14 Pin=U1-A4
Removed Pin From Net: NetName=IOB8_11 Pin=U1-A5
Removed Pin From Net: NetName=IOB8_7 Pin=U1-A6
Removed Pin From Net: NetName=IOB8_4 Pin=U1-A7
Removed Pin From Net: NetName=SYNC_CLK Pin=U1-A9
Removed Pin From Net: NetName=IOB7_17 Pin=U1-A10
Removed Pin From Net: NetName=IOB7_12 Pin=U1-A11
Removed Pin From Net: NetName=IOB7_10 Pin=U1-A12
Removed Pin From Net: NetName=IOB7_4 Pin=U1-A13
Removed Pin From Net: NetName=IOB7_6 Pin=U1-A14
Removed Pin From Net: NetName=IOB7_15 Pin=U1-A15
Removed Pin From Net: NetName=3.3V_DIG Pin=U1-A16
Removed Pin From Net: NetName=IOB1_0 Pin=U1-B1
Removed Pin From Net: NetName=DGND Pin=U1-B2
Removed Pin From Net: NetName=IOB8_19 Pin=U1-B3
Removed Pin From Net: NetName=IOB8_15 Pin=U1-B4
Removed Pin From Net: NetName=IOB8_12 Pin=U1-B5
Removed Pin From Net: NetName=IOB8_8 Pin=U1-B6
Removed Pin From Net: NetName=IOB8_5 Pin=U1-B7
Removed Pin From Net: NetName=IOB7_18 Pin=U1-B10
Removed Pin From Net: NetName=IOB7_13 Pin=U1-B11
Removed Pin From Net: NetName=IOB7_11 Pin=U1-B12
Removed Pin From Net: NetName=IOB7_5 Pin=U1-B13
Removed Pin From Net: NetName=IOB7_7 Pin=U1-B14
Removed Pin From Net: NetName=DGND Pin=U1-B15
Removed Pin From Net: NetName=IOB6_5 Pin=U1-B16
Removed Pin From Net: NetName=ASDI Pin=U1-C1
Removed Pin From Net: NetName=IOB1_1 Pin=U1-C2
Removed Pin From Net: NetName=IOB8_20 Pin=U1-C3
Removed Pin From Net: NetName=3.3V_DIG Pin=U1-C4
Removed Pin From Net: NetName=DGND Pin=U1-C5
Removed Pin From Net: NetName=IOB8_6 Pin=U1-C6
Removed Pin From Net: NetName=3.3V_DIG Pin=U1-C7
Removed Pin From Net: NetName=IOB8_0 Pin=U1-C8
Removed Pin From Net: NetName=IOB7_19 Pin=U1-C9
Removed Pin From Net: NetName=3.3V_DIG Pin=U1-C10
Removed Pin From Net: NetName=IOB7_14 Pin=U1-C11
Removed Pin From Net: NetName=DGND Pin=U1-C12
Removed Pin From Net: NetName=3.3V_DIG Pin=U1-C13
Removed Pin From Net: NetName=IOB7_0 Pin=U1-C14
Removed Pin From Net: NetName=IOB6_10 Pin=U1-C15
Removed Pin From Net: NetName=IOB6_9 Pin=U1-C16
Removed Pin From Net: NetName=IOB1_3 Pin=U1-D1
Removed Pin From Net: NetName=NCS Pin=U1-D2
Removed Pin From Net: NetName=IOB8_21 Pin=U1-D3
Removed Pin From Net: NetName=1.2V_DIG Pin=U1-D4
Removed Pin From Net: NetName=IOB8_18 Pin=U1-D5
Removed Pin From Net: NetName=IOB8_13 Pin=U1-D6
Removed Pin From Net: NetName=DGND Pin=U1-D7
Removed Pin From Net: NetName=IOB8_1 Pin=U1-D8
Removed Pin From Net: NetName=IOB7_20 Pin=U1-D9
Removed Pin From Net: NetName=DGND Pin=U1-D10
Removed Pin From Net: NetName=IOB7_2 Pin=U1-D11
Removed Pin From Net: NetName=IOB7_3 Pin=U1-D12
Removed Pin From Net: NetName=1.2V_DIG Pin=U1-D13
Removed Pin From Net: NetName=IOB7_1 Pin=U1-D14
Removed Pin From Net: NetName=IOB6_8 Pin=U1-D15
Removed Pin From Net: NetName=IOB6_7 Pin=U1-D16
Removed Pin From Net: NetName=DGND Pin=U1-E2
Removed Pin From Net: NetName=3.3V_DIG Pin=U1-E3
Removed Pin From Net: NetName=DGND Pin=U1-E4
Removed Pin From Net: NetName=DGND Pin=U1-E5
Removed Pin From Net: NetName=IOB8_10 Pin=U1-E6
Removed Pin From Net: NetName=IOB8_9 Pin=U1-E7
Removed Pin From Net: NetName=IOB8_2 Pin=U1-E8
Removed Pin From Net: NetName=IOB7_21 Pin=U1-E9
Removed Pin From Net: NetName=IOB7_9 Pin=U1-E10
Removed Pin From Net: NetName=IOB7_8 Pin=U1-E11
Removed Pin From Net: NetName=DGND Pin=U1-E12
Removed Pin From Net: NetName=DGND Pin=U1-E13
Removed Pin From Net: NetName=3.3V_DIG Pin=U1-E14
Removed Pin From Net: NetName=IOB1_6 Pin=U1-F1
Removed Pin From Net: NetName=IOB1_5 Pin=U1-F2
Removed Pin From Net: NetName=IOB1_2 Pin=U1-F3
Removed Pin From Net: NetName=NetR1_1 Pin=U1-F4
Removed Pin From Net: NetName=2.5V_DIG Pin=U1-F5
Removed Pin From Net: NetName=DGND Pin=U1-F6
Removed Pin From Net: NetName=1.2V_DIG Pin=U1-F7
Removed Pin From Net: NetName=IOB8_3 Pin=U1-F8
Removed Pin From Net: NetName=IOB7_16 Pin=U1-F9
Removed Pin From Net: NetName=DGND Pin=U1-F10
Removed Pin From Net: NetName=1.2V_DIG Pin=U1-F11
Removed Pin From Net: NetName=2.5V_DIG Pin=U1-F12
Removed Pin From Net: NetName=IOB6_2 Pin=U1-F13
Removed Pin From Net: NetName=IOB6_6 Pin=U1-F14
Removed Pin From Net: NetName=IOB6_4 Pin=U1-F15
Removed Pin From Net: NetName=IOB6_3 Pin=U1-F16
Removed Pin From Net: NetName=IOB1_8 Pin=U1-G1
Removed Pin From Net: NetName=IOB1_7 Pin=U1-G2
Removed Pin From Net: NetName=3.3V_DIG Pin=U1-G3
Removed Pin From Net: NetName=DGND Pin=U1-G4
Removed Pin From Net: NetName=IOB1_4 Pin=U1-G5
Removed Pin From Net: NetName=1.2V_DIG Pin=U1-G6
Removed Pin From Net: NetName=1.2V_DIG Pin=U1-G7
Removed Pin From Net: NetName=1.2V_DIG Pin=U1-G8
Removed Pin From Net: NetName=1.2V_DIG Pin=U1-G9
Removed Pin From Net: NetName=1.2V_DIG Pin=U1-G10
Removed Pin From Net: NetName=DGND Pin=U1-G11
Removed Pin From Net: NetName=DGND Pin=U1-G12
Removed Pin From Net: NetName=DGND Pin=U1-G13
Removed Pin From Net: NetName=3.3V_DIG Pin=U1-G14
Removed Pin From Net: NetName=IOB6_1 Pin=U1-G15
Removed Pin From Net: NetName=IOB6_0 Pin=U1-G16
Removed Pin From Net: NetName=AS_DCLK Pin=U1-H1
Removed Pin From Net: NetName=AS_DATA Pin=U1-H2
Removed Pin From Net: NetName=NetP1_1 Pin=U1-H3
Removed Pin From Net: NetName=NetP1_9 Pin=U1-H4
Removed Pin From Net: NetName=NetR2_1 Pin=U1-H5
Removed Pin From Net: NetName=1.2V_DIG Pin=U1-H6
Removed Pin From Net: NetName=DGND Pin=U1-H7
Removed Pin From Net: NetName=DGND Pin=U1-H8
Removed Pin From Net: NetName=DGND Pin=U1-H9
Removed Pin From Net: NetName=DGND Pin=U1-H10
Removed Pin From Net: NetName=1.2V_DIG Pin=U1-H11
Removed Pin From Net: NetName=3.3V_DIG Pin=U1-H12
Removed Pin From Net: NetName=DGND Pin=U1-H13
Removed Pin From Net: NetName=NetR3_1 Pin=U1-H14
Removed Pin From Net: NetName=DGND Pin=U1-H15
Removed Pin From Net: NetName=DGND Pin=U1-H16
Removed Pin From Net: NetName=IOB2_1 Pin=U1-J1
Removed Pin From Net: NetName=IOB2_0 Pin=U1-J2
Removed Pin From Net: NetName=NCE Pin=U1-J3
Removed Pin From Net: NetName=NetP1_3 Pin=U1-J4
Removed Pin From Net: NetName=NetP1_5 Pin=U1-J5
Removed Pin From Net: NetName=1.2V_DIG Pin=U1-J6
Removed Pin From Net: NetName=DGND Pin=U1-J7
Removed Pin From Net: NetName=DGND Pin=U1-J8
Removed Pin From Net: NetName=DGND Pin=U1-J9
Removed Pin From Net: NetName=DGND Pin=U1-J10
Removed Pin From Net: NetName=DGND Pin=U1-J11
Removed Pin From Net: NetName=1.2V_DIG Pin=U1-J12
Removed Pin From Net: NetName=IOB5_15 Pin=U1-J13
Removed Pin From Net: NetName=IOB5_14 Pin=U1-J14
Removed Pin From Net: NetName=IOB5_13 Pin=U1-J15
Removed Pin From Net: NetName=IOB5_12 Pin=U1-J16
Removed Pin From Net: NetName=IOB2_3 Pin=U1-K1
Removed Pin From Net: NetName=IOB2_2 Pin=U1-K2
Removed Pin From Net: NetName=3.3V_DIG Pin=U1-K3
Removed Pin From Net: NetName=DGND Pin=U1-K4
Removed Pin From Net: NetName=IOB2_9 Pin=U1-K5
Removed Pin From Net: NetName=DGND Pin=U1-K6
Removed Pin From Net: NetName=1.2V_DIG Pin=U1-K7
Removed Pin From Net: NetName=DGND Pin=U1-K8
Removed Pin From Net: NetName=1.2V_DIG Pin=U1-K9
Removed Pin From Net: NetName=1.2V_DIG Pin=U1-K10
Removed Pin From Net: NetName=1.2V_DIG Pin=U1-K11
Removed Pin From Net: NetName=DGND Pin=U1-K12
Removed Pin From Net: NetName=DGND Pin=U1-K13
Removed Pin From Net: NetName=3.3V_DIG Pin=U1-K14
Removed Pin From Net: NetName=IOB5_11 Pin=U1-K15
Removed Pin From Net: NetName=IOB5_10 Pin=U1-K16
Removed Pin From Net: NetName=IOB2_5 Pin=U1-L1
Removed Pin From Net: NetName=IOB2_4 Pin=U1-L2
Removed Pin From Net: NetName=IOB2_6 Pin=U1-L3
Removed Pin From Net: NetName=IOB2_10 Pin=U1-L4
Removed Pin From Net: NetName=2.5V_DIG Pin=U1-L5
Removed Pin From Net: NetName=1.2V_DIG Pin=U1-L6
Removed Pin From Net: NetName=IOB3_16 Pin=U1-L7
Removed Pin From Net: NetName=IOB3_19 Pin=U1-L8
Removed Pin From Net: NetName=DGND Pin=U1-L9
Removed Pin From Net: NetName=DGND Pin=U1-L10
Removed Pin From Net: NetName=DGND Pin=U1-L11
Removed Pin From Net: NetName=2.5V_DIG Pin=U1-L12
Removed Pin From Net: NetName=IOB5_7 Pin=U1-L13
Removed Pin From Net: NetName=IOB5_6 Pin=U1-L14
Removed Pin From Net: NetName=IOB5_9 Pin=U1-L15
Removed Pin From Net: NetName=IOB5_8 Pin=U1-L16
Removed Pin From Net: NetName=3.3V_DIG Pin=U1-M3
Removed Pin From Net: NetName=DGND Pin=U1-M4
Removed Pin From Net: NetName=DGND Pin=U1-M5
Removed Pin From Net: NetName=IOB3_9 Pin=U1-M6
Removed Pin From Net: NetName=IOB3_11 Pin=U1-M7
Removed Pin From Net: NetName=IOB3_20 Pin=U1-M8
Removed Pin From Net: NetName=1.2V_DIG Pin=U1-M9
Removed Pin From Net: NetName=IOB4_11 Pin=U1-M10
Removed Pin From Net: NetName=1.2V_DIG Pin=U1-M11
Removed Pin From Net: NetName=DGND Pin=U1-M12
Removed Pin From Net: NetName=DGND Pin=U1-M13
Removed Pin From Net: NetName=3.3V_DIG Pin=U1-M14
Removed Pin From Net: NetName=IOB2_8 Pin=U1-N1
Removed Pin From Net: NetName=IOB2_7 Pin=U1-N2
Removed Pin From Net: NetName=IOB3_0 Pin=U1-N3
Removed Pin From Net: NetName=1.2V_DIG Pin=U1-N4
Removed Pin From Net: NetName=IOB3_7 Pin=U1-N5
Removed Pin From Net: NetName=IOB3_8 Pin=U1-N6
Removed Pin From Net: NetName=DGND Pin=U1-N7
Removed Pin From Net: NetName=IOB3_21 Pin=U1-N8
Removed Pin From Net: NetName=IOB4_0 Pin=U1-N9
Removed Pin From Net: NetName=DGND Pin=U1-N10
Removed Pin From Net: NetName=IOB4_12 Pin=U1-N11
Removed Pin From Net: NetName=IOB4_15 Pin=U1-N12
Removed Pin From Net: NetName=1.2V_DIG Pin=U1-N13
Removed Pin From Net: NetName=IOB5_0 Pin=U1-N14
Removed Pin From Net: NetName=IOB5_5 Pin=U1-N15
Removed Pin From Net: NetName=IOB5_4 Pin=U1-N16
Removed Pin From Net: NetName=IOB2_13 Pin=U1-P1
Removed Pin From Net: NetName=IOB2_12 Pin=U1-P2
Removed Pin From Net: NetName=IOB3_1 Pin=U1-P3
Removed Pin From Net: NetName=3.3V_DIG Pin=U1-P4
Removed Pin From Net: NetName=DGND Pin=U1-P5
Removed Pin From Net: NetName=IOB3_10 Pin=U1-P6
Removed Pin From Net: NetName=3.3V_DIG Pin=U1-P7
Removed Pin From Net: NetName=IOB3_22 Pin=U1-P8
Removed Pin From Net: NetName=IOB4_7 Pin=U1-P9
Removed Pin From Net: NetName=3.3V_DIG Pin=U1-P10
Removed Pin From Net: NetName=IOB4_8 Pin=U1-P11
Removed Pin From Net: NetName=DGND Pin=U1-P12
Removed Pin From Net: NetName=3.3V_DIG Pin=U1-P13
Removed Pin From Net: NetName=IOB4_16 Pin=U1-P14
Removed Pin From Net: NetName=IOB5_1 Pin=U1-P15
Removed Pin From Net: NetName=IOB5_2 Pin=U1-P16
Removed Pin From Net: NetName=IOB2_11 Pin=U1-R1
Removed Pin From Net: NetName=DGND Pin=U1-R2
Removed Pin From Net: NetName=IOB3_2 Pin=U1-R3
Removed Pin From Net: NetName=IOB3_5 Pin=U1-R4
Removed Pin From Net: NetName=IOB3_12 Pin=U1-R5
Removed Pin From Net: NetName=IOB3_14 Pin=U1-R6
Removed Pin From Net: NetName=IOB3_17 Pin=U1-R7
Removed Pin From Net: NetName=IOB4_1 Pin=U1-R10
Removed Pin From Net: NetName=IOB4_3 Pin=U1-R11
Removed Pin From Net: NetName=IOB4_5 Pin=U1-R12
Removed Pin From Net: NetName=IOB4_9 Pin=U1-R13
Removed Pin From Net: NetName=IOB4_17 Pin=U1-R14
Removed Pin From Net: NetName=DGND Pin=U1-R15
Removed Pin From Net: NetName=IOB5_3 Pin=U1-R16
Removed Pin From Net: NetName=3.3V_DIG Pin=U1-T1
Removed Pin From Net: NetName=IOB3_4 Pin=U1-T2
Removed Pin From Net: NetName=IOB3_3 Pin=U1-T3
Removed Pin From Net: NetName=IOB3_6 Pin=U1-T4
Removed Pin From Net: NetName=IOB3_13 Pin=U1-T5
Removed Pin From Net: NetName=IOB3_15 Pin=U1-T6
Removed Pin From Net: NetName=IOB3_18 Pin=U1-T7
Removed Pin From Net: NetName=IOB4_2 Pin=U1-T10
Removed Pin From Net: NetName=IOB4_4 Pin=U1-T11
Removed Pin From Net: NetName=IOB4_6 Pin=U1-T12
Removed Pin From Net: NetName=IOB4_10 Pin=U1-T13
Removed Pin From Net: NetName=IOB4_13 Pin=U1-T14
Removed Pin From Net: NetName=IOB4_14 Pin=U1-T15
Removed Pin From Net: NetName=3.3V_DIG Pin=U1-T16
Removed Pin From Net: NetName=NCS Pin=U2-1
Removed Pin From Net: NetName=AS_DATA Pin=U2-2
Removed Pin From Net: NetName=3.3V_DIG Pin=U2-3
Removed Pin From Net: NetName=DGND Pin=U2-4
Removed Pin From Net: NetName=ASDI Pin=U2-5
Removed Pin From Net: NetName=AS_DCLK Pin=U2-6
Removed Pin From Net: NetName=3.3V_DIG Pin=U2-7
Removed Pin From Net: NetName=3.3V_DIG Pin=U2-8
Removed Member From Class: ClassName=FPGA Member=C1
Removed Member From Class: ClassName=FPGA Member=D1
Removed Member From Class: ClassName=FPGA Member=D2
Removed Member From Class: ClassName=FPGA Member=D3
Removed Member From Class: ClassName=FPGA Member=D4
Removed Member From Class: ClassName=FPGA Member=R2
Removed Member From Class: ClassName=FPGA Member=U1
Change Component DesignItemId : Designator=D1 Old DesignItemId=Diode New DesignItemId=LED3
Change Component DesignItemId : Designator=D2 Old DesignItemId=Diode New DesignItemId=LED3
Change Component DesignItemId : Designator=D3 Old DesignItemId=Diode New DesignItemId=LED3
Change Component DesignItemId : Designator=D4 Old DesignItemId=Diode New DesignItemId=LED3
Change Component DesignItemId : Designator=U2 Old DesignItemId=EPCS4SI8N New DesignItemId=TLC5917
Change Component Footprint: Designator=D1 Old Footprint=SOD323 New Footprint=DSO-C2/D5.6
Change Component Footprint: Designator=D2 Old Footprint=SOD323 New Footprint=DSO-C2/D5.6
Change Component Footprint: Designator=D3 Old Footprint=SOD323 New Footprint=DSO-C2/D5.6
Change Component Footprint: Designator=D4 Old Footprint=SOD323 New Footprint=DSO-C2/D5.6
Change Component Footprint: Designator=U2 Old Footprint=SOIC8_L New Footprint=D016_N
Change Component Comment : Designator=D1 Old Comment=1PS76SB17 New Comment=LED3
Change Component Comment : Designator=D2 Old Comment=1PS76SB17 New Comment=LED3
Change Component Comment : Designator=D3 Old Comment=1PS76SB17 New Comment=LED3
Change Component Comment : Designator=D4 Old Comment=1PS76SB17 New Comment=LED3
Change Component Comment : Designator=U2 Old Comment=EPCS16SI8N New Comment=TLC5917
Change Component Designator: OldDesignator=U2 NewDesignator=U1
Added Component: Designator=D5(DSO-C2/D5.6)
Added Component: Designator=D6(DSO-C2/D5.6)
Added Component: Designator=D7(DSO-C2/D5.6)
Added Component: Designator=D8(DSO-C2/D5.6)
Added Component: Designator=U2(SOIC8_L)
Added Pin To Net: NetName=3.3V_DIG Pin=C1-1
Added Pin To Net: NetName=DGND Pin=C1-1
Added Pin To Net: NetName=3.3V_DIG Pin=C1-2
Added Pin To Net: NetName=DGND Pin=C1-2
Added Pin To Net: NetName=3.3V_DIG Pin=D1-1
Added Pin To Net: NetName=AS_DCLK Pin=D1-1
Added Pin To Net: NetName=3.3V_DIG Pin=D1-2
Added Pin To Net: NetName=3.3V_DIG Pin=D2-1
Added Pin To Net: NetName=AS_DATA Pin=D2-1
Added Pin To Net: NetName=3.3V_DIG Pin=D2-2
Added Pin To Net: NetName=3.3V_DIG Pin=D3-1
Added Pin To Net: NetName=ASDI Pin=D3-1
Added Pin To Net: NetName=3.3V_DIG Pin=D3-2
Added Pin To Net: NetName=3.3V_DIG Pin=D4-1
Added Pin To Net: NetName=NCS Pin=D4-1
Added Pin To Net: NetName=3.3V_DIG Pin=D4-2
Added Pin To Net: NetName=3.3V_DIG Pin=D5-1
Added Pin To Net: NetName=3.3V_DIG Pin=D6-1
Added Pin To Net: NetName=3.3V_DIG Pin=D7-1
Added Pin To Net: NetName=3.3V_DIG Pin=D8-1
Added Pin To Net: NetName=BUS17_N Pin=P3-A5
Added Pin To Net: NetName=BUS17_P Pin=P3-A6
Added Pin To Net: NetName=BUS16_P Pin=P3-A7
Added Pin To Net: NetName=BUS16_N Pin=P3-A8
Added Pin To Net: NetName=BUS19_N Pin=P3-A9
Added Pin To Net: NetName=BUS19_P Pin=P3-A10
Added Pin To Net: NetName=BUS18_P Pin=P3-A11
Added Pin To Net: NetName=BUS18_N Pin=P3-A14
Added Pin To Net: NetName=DGND Pin=P3-A15
Added Pin To Net: NetName=BUS21_N Pin=P3-A16
Added Pin To Net: NetName=BUS21_P Pin=P3-A17
Added Pin To Net: NetName=BUS20_P Pin=P3-A18
Added Pin To Net: NetName=BUS20_N Pin=P3-A19
Added Pin To Net: NetName=BUS23_N Pin=P3-A20
Added Pin To Net: NetName=BUS23_P Pin=P3-A21
Added Pin To Net: NetName=BUS22_P Pin=P3-A22
Added Pin To Net: NetName=BUS22_N Pin=P3-A23
Added Pin To Net: NetName=DGND Pin=P3-A24
Added Pin To Net: NetName=BUS25_N Pin=P3-A25
Added Pin To Net: NetName=BUS25_P Pin=P3-A26
Added Pin To Net: NetName=BUS24_P Pin=P3-A27
Added Pin To Net: NetName=BUS24_N Pin=P3-A28
Added Pin To Net: NetName=BUS27_N Pin=P3-A29
Added Pin To Net: NetName=BUS27_P Pin=P3-A30
Added Pin To Net: NetName=BUS26_P Pin=P3-A31
Added Pin To Net: NetName=BUS26_N Pin=P3-A32
Added Pin To Net: NetName=DGND Pin=P3-A33
Added Pin To Net: NetName=BUS29_N Pin=P3-A34
Added Pin To Net: NetName=BUS29_P Pin=P3-A35
Added Pin To Net: NetName=BUS28_P Pin=P3-A36
Added Pin To Net: NetName=BUS28_N Pin=P3-A37
Added Pin To Net: NetName=BUS31_N Pin=P3-A38
Added Pin To Net: NetName=BUS31_P Pin=P3-A39
Added Pin To Net: NetName=BUS30_P Pin=P3-A40
Added Pin To Net: NetName=BUS30_N Pin=P3-A41
Added Pin To Net: NetName=DGND Pin=P3-A42
Added Pin To Net: NetName=BUS37_P Pin=P3-A43
Added Pin To Net: NetName=BUS37_N Pin=P3-A44
Added Pin To Net: NetName=BUS36_N Pin=P3-A45
Added Pin To Net: NetName=BUS36_P Pin=P3-A46
Added Pin To Net: NetName=BUS39_P Pin=P3-A47
Added Pin To Net: NetName=BUS39_N Pin=P3-A48
Added Pin To Net: NetName=BUS38_N Pin=P3-A49
Added Pin To Net: NetName=BUS38_P Pin=P3-A50
Added Pin To Net: NetName=BUS2_N Pin=P3-B5
Added Pin To Net: NetName=BUS2_P Pin=P3-B6
Added Pin To Net: NetName=BUS3_P Pin=P3-B7
Added Pin To Net: NetName=BUS3_N Pin=P3-B8
Added Pin To Net: NetName=BUS0_N Pin=P3-B9
Added Pin To Net: NetName=BUS0_P Pin=P3-B10
Added Pin To Net: NetName=BUS1_P Pin=P3-B11
Added Pin To Net: NetName=BUS1_N Pin=P3-B14
Added Pin To Net: NetName=DGND Pin=P3-B15
Added Pin To Net: NetName=BUS6_N Pin=P3-B16
Added Pin To Net: NetName=BUS6_P Pin=P3-B17
Added Pin To Net: NetName=BUS7_P Pin=P3-B18
Added Pin To Net: NetName=BUS7_N Pin=P3-B19
Added Pin To Net: NetName=BUS4_N Pin=P3-B20
Added Pin To Net: NetName=BUS4_P Pin=P3-B21
Added Pin To Net: NetName=BUS5_P Pin=P3-B22
Added Pin To Net: NetName=BUS5_N Pin=P3-B23
Added Pin To Net: NetName=DGND Pin=P3-B24
Added Pin To Net: NetName=BUS10_N Pin=P3-B25
Added Pin To Net: NetName=BUS10_P Pin=P3-B26
Added Pin To Net: NetName=BUS11_P Pin=P3-B27
Added Pin To Net: NetName=BUS11_N Pin=P3-B28
Added Pin To Net: NetName=BUS8_N Pin=P3-B29
Added Pin To Net: NetName=BUS8_P Pin=P3-B30
Added Pin To Net: NetName=BUS9_P Pin=P3-B31
Added Pin To Net: NetName=BUS9_N Pin=P3-B32
Added Pin To Net: NetName=DGND Pin=P3-B33
Added Pin To Net: NetName=BUS14_N Pin=P3-B34
Added Pin To Net: NetName=BUS14_P Pin=P3-B35
Added Pin To Net: NetName=BUS15_P Pin=P3-B36
Added Pin To Net: NetName=BUS15_N Pin=P3-B37
Added Pin To Net: NetName=BUS12_N Pin=P3-B38
Added Pin To Net: NetName=BUS12_P Pin=P3-B39
Added Pin To Net: NetName=BUS13_P Pin=P3-B40
Added Pin To Net: NetName=BUS13_N Pin=P3-B41
Added Pin To Net: NetName=DGND Pin=P3-B42
Added Pin To Net: NetName=BUS34_P Pin=P3-B43
Added Pin To Net: NetName=BUS34_N Pin=P3-B44
Added Pin To Net: NetName=BUS35_N Pin=P3-B45
Added Pin To Net: NetName=BUS35_P Pin=P3-B46
Added Pin To Net: NetName=BUS32_P Pin=P3-B47
Added Pin To Net: NetName=BUS32_N Pin=P3-B48
Added Pin To Net: NetName=BUS33_N Pin=P3-B49
Added Pin To Net: NetName=BUS33_P Pin=P3-B50
Added Pin To Net: NetName=DGND Pin=R2-1
Added Pin To Net: NetName=NetR2_1 Pin=R2-1
Added Pin To Net: NetName=3.3V_DIG Pin=R2-2
Added Pin To Net: NetName=DGND Pin=U1-1
Added Pin To Net: NetName=3.3V_DIG Pin=U1-16
Added Pin To Net: NetName=NCS Pin=U2-1
Added Pin To Net: NetName=AS_DATA Pin=U2-2
Added Pin To Net: NetName=3.3V_DIG Pin=U2-3
Added Pin To Net: NetName=DGND Pin=U2-4
Added Pin To Net: NetName=ASDI Pin=U2-5
Added Pin To Net: NetName=AS_DCLK Pin=U2-6
Added Pin To Net: NetName=3.3V_DIG Pin=U2-7
Added Pin To Net: NetName=3.3V_DIG Pin=U2-8
Added Pin To Net: NetName=IOB2_3 Pin=U4-3
Added Pin To Net: NetName=IOB2_2 Pin=U4-5
Added Pin To Net: NetName=IOB2_1 Pin=U4-11
Added Pin To Net: NetName=IOB2_0 Pin=U4-13
Added Pin To Net: NetName=IOB3_5 Pin=U5-3
Added Pin To Net: NetName=IOB3_6 Pin=U5-5
Added Pin To Net: NetName=IOB3_2 Pin=U5-11
Added Pin To Net: NetName=IOB3_3 Pin=U5-13
Added Pin To Net: NetName=IOB3_7 Pin=U6-3
Added Pin To Net: NetName=IOB3_1 Pin=U6-5
Added Pin To Net: NetName=IOB3_8 Pin=U6-11
Added Pin To Net: NetName=IOB3_9 Pin=U6-13
Added Pin To Net: NetName=IOB3_14 Pin=U7-1
Added Pin To Net: NetName=IOB3_15 Pin=U7-7
Added Pin To Net: NetName=IOB3_12 Pin=U7-9
Added Pin To Net: NetName=IOB3_13 Pin=U7-15
Added Pin To Net: NetName=IOB2_8 Pin=U8-3
Added Pin To Net: NetName=IOB2_7 Pin=U8-5
Added Pin To Net: NetName=IOB2_5 Pin=U8-11
Added Pin To Net: NetName=IOB2_4 Pin=U8-13
Added Pin To Net: NetName=IOB8_21 Pin=U9-3
Added Pin To Net: NetName=IOB8_20 Pin=U9-5
Added Pin To Net: NetName=IOB1_4 Pin=U9-11
Added Pin To Net: NetName=IOB1_2 Pin=U9-13
Added Pin To Net: NetName=IOB3_16 Pin=U10-3
Added Pin To Net: NetName=IOB3_10 Pin=U10-5
Added Pin To Net: NetName=IOB3_19 Pin=U10-11
Added Pin To Net: NetName=IOB3_11 Pin=U10-13
Added Pin To Net: NetName=IOB3_21 Pin=U11-1
Added Pin To Net: NetName=IOB3_20 Pin=U11-7
Added Pin To Net: NetName=IOB4_7 Pin=U11-9
Added Pin To Net: NetName=IOB3_22 Pin=U11-15
Added Pin To Net: NetName=IOB2_11 Pin=U12-3
Added Pin To Net: NetName=IOB3_4 Pin=U12-5
Added Pin To Net: NetName=IOB2_13 Pin=U12-11
Added Pin To Net: NetName=IOB2_12 Pin=U12-13
Added Pin To Net: NetName=IOB2_6 Pin=U20-3
Added Pin To Net: NetName=IOB2_9 Pin=U20-5
Added Pin To Net: NetName=IOB3_0 Pin=U20-11
Added Pin To Net: NetName=IOB2_10 Pin=U20-13
Added Pin To Net: NetName=NetD1_2 Pin=D1-2
Added Pin To Net: NetName=NetD1_2 Pin=U1-5
Added Net: Name=NetD1_2
Added Pin To Net: NetName=NetD2_2 Pin=D2-2
Added Pin To Net: NetName=NetD2_2 Pin=U1-6
Added Net: Name=NetD2_2
Added Pin To Net: NetName=NetD3_2 Pin=D3-2
Added Pin To Net: NetName=NetD3_2 Pin=U1-12
Added Net: Name=NetD3_2
Added Pin To Net: NetName=NetD4_2 Pin=D4-2
Added Pin To Net: NetName=NetD4_2 Pin=U1-7
Added Net: Name=NetD4_2
Added Pin To Net: NetName=NetD5_2 Pin=D5-2
Added Pin To Net: NetName=NetD5_2 Pin=U1-11
Added Net: Name=NetD5_2
Added Pin To Net: NetName=NetD6_2 Pin=D6-2
Added Pin To Net: NetName=NetD6_2 Pin=U1-8
Added Net: Name=NetD6_2
Added Pin To Net: NetName=NetD7_2 Pin=D7-2
Added Pin To Net: NetName=NetD7_2 Pin=U1-10
Added Net: Name=NetD7_2
Added Pin To Net: NetName=NetD8_2 Pin=D8-2
Added Pin To Net: NetName=NetD8_2 Pin=U1-9
Added Net: Name=NetD8_2
Added Pin To Net: NetName=NetR2_2 Pin=R2-2
Added Pin To Net: NetName=NetR2_2 Pin=U1-15
Added Net: Name=NetR2_2
Added Member To Class: ClassName=DDS_RIKEN_main Member=Component C1 Cap Semi
Added Member To Class: ClassName=DDS_RIKEN_main Member=Component D1 LED3
Added Member To Class: ClassName=DDS_RIKEN_main Member=Component D2 LED3
Added Member To Class: ClassName=DDS_RIKEN_main Member=Component D3 LED3
Added Member To Class: ClassName=DDS_RIKEN_main Member=Component D4 LED3
Added Member To Class: ClassName=DDS_RIKEN_main Member=Component D5 LED3
Added Member To Class: ClassName=DDS_RIKEN_main Member=Component D6 LED3
Added Member To Class: ClassName=DDS_RIKEN_main Member=Component D7 LED3
Added Member To Class: ClassName=DDS_RIKEN_main Member=Component D8 LED3
Added Member To Class: ClassName=DDS_RIKEN_main Member=Component R2 
Added Member To Class: ClassName=DDS_RIKEN_main Member=Component U1 TLC5917
