Added Component: Designator=C83(c0805)
Added Component: Designator=C84(c0805)
Added Component: Designator=P6(SMA_Edgecon_31milthick)
Added Component: Designator=P7(SMA_Edgecon_31milthick)
Added Component: Designator=R20(RESC3216L)
Added Component: Designator=R21(RESC3216L)
Added Component: Designator=R22(RESC3216L)
Added Component: Designator=R23(RESC3216L)
Added Component: Designator=T1(TC1-1T+)
Added Component: Designator=T2(TC1-1T+)
Added Component: Designator=U26(LAT-10+)
Added Component: Designator=U27(SALF-325)
Added Component: Designator=U28(LAT-10+)
Added Component: Designator=U29(SALF-325)
Added Pin To Net: NetName=AGND Pin=P7-2
Added Pin To Net: NetName=AGND Pin=P7-2
Added Pin To Net: NetName=AGND Pin=P7-2
Added Pin To Net: NetName=AGND Pin=P7-2
Added Pin To Net: NetName=AGND Pin=R21-2
Added Pin To Net: NetName=AGND Pin=R23-1
Added Pin To Net: NetName=AGND Pin=T1-2
Added Pin To Net: NetName=AGND Pin=T1-4
Added Pin To Net: NetName=AGND Pin=T2-6
Added Pin To Net: NetName=AGND Pin=T3-4
Added Pin To Net: NetName=AGND Pin=U26-1
Added Pin To Net: NetName=AGND Pin=U26-3
Added Pin To Net: NetName=AGND Pin=U27-2
Added Pin To Net: NetName=AGND Pin=U27-3
Added Pin To Net: NetName=AGND Pin=U27-4
Added Pin To Net: NetName=AGND Pin=U27-5
Added Pin To Net: NetName=AGND Pin=U27-6
Added Pin To Net: NetName=AGND Pin=U27-7
Added Pin To Net: NetName=AGND Pin=U28-1
Added Pin To Net: NetName=AGND Pin=U28-3
Added Pin To Net: NetName=AGND Pin=U29-2
Added Pin To Net: NetName=AGND Pin=U29-3
Added Pin To Net: NetName=AGND Pin=U29-4
Added Pin To Net: NetName=AGND Pin=U29-5
Added Pin To Net: NetName=AGND Pin=U29-6
Added Pin To Net: NetName=AGND Pin=U29-7
Added Pin To Net: NetName=DDS_CLK+ Pin=C83-1
Added Pin To Net: NetName=DDS_CLK+ Pin=U3-54
Added Net: Name=DDS_CLK+
Added Pin To Net: NetName=DDS_CLK- Pin=C84-1
Added Pin To Net: NetName=DDS_CLK- Pin=U3-55
Added Net: Name=DDS_CLK-
Added Pin To Net: NetName=IOUT+ Pin=R22-1
Added Pin To Net: NetName=IOUT+ Pin=R23-2
Added Pin To Net: NetName=IOUT+ Pin=T1-1
Added Pin To Net: NetName=IOUT+ Pin=U3-41
Added Net: Name=IOUT+
Added Pin To Net: NetName=IOUT- Pin=R21-1
Added Pin To Net: NetName=IOUT- Pin=R22-2
Added Pin To Net: NetName=IOUT- Pin=T1-3
Added Pin To Net: NetName=IOUT- Pin=U3-42
Added Net: Name=IOUT-
Added Pin To Net: NetName=NetC83_2 Pin=C83-2
Added Pin To Net: NetName=NetC83_2 Pin=P6-1
Added Pin To Net: NetName=NetC83_2 Pin=R20-2
Added Net: Name=NetC83_2
Added Pin To Net: NetName=NetC84_2 Pin=C84-2
Added Pin To Net: NetName=NetC84_2 Pin=P6-2
Added Pin To Net: NetName=NetC84_2 Pin=P6-2
Added Pin To Net: NetName=NetC84_2 Pin=P6-2
Added Pin To Net: NetName=NetC84_2 Pin=P6-2
Added Pin To Net: NetName=NetC84_2 Pin=R20-1
Added Net: Name=NetC84_2
Added Pin To Net: NetName=NetP7_2 Pin=P7-1
Added Pin To Net: NetName=NetP7_2 Pin=U29-8
Added Net: Name=NetP7_2
Added Pin To Net: NetName=NetT1_6 Pin=T1-6
Added Pin To Net: NetName=NetT1_6 Pin=U26-4
Added Net: Name=NetT1_6
Added Pin To Net: NetName=NetT2_4 Pin=T2-4
Added Pin To Net: NetName=NetT2_4 Pin=U28-2
Added Net: Name=NetT2_4
Added Pin To Net: NetName=NetT3_6 Pin=T3-6
Added Pin To Net: NetName=NetT3_6 Pin=U29-1
Added Net: Name=NetT3_6
Added Pin To Net: NetName=NetU26_2 Pin=U26-2
Added Pin To Net: NetName=NetU26_2 Pin=U27-1
Added Net: Name=NetU26_2
Added Pin To Net: NetName=NetU27_8 Pin=U27-8
Added Pin To Net: NetName=NetU27_8 Pin=U28-4
Added Net: Name=NetU27_8
Added Pin To Net: NetName=RFHI Pin=T2-3
Added Pin To Net: NetName=RFHI Pin=U22-3
Added Net: Name=RFHI
Added Pin To Net: NetName=RFLO Pin=T2-1
Added Pin To Net: NetName=RFLO Pin=U22-4
Added Net: Name=RFLO
Added Member To Class: ClassName=DDS_RIKEN_main Member=Component C83 Cap
Added Member To Class: ClassName=DDS_RIKEN_main Member=Component C84 Cap
Added Member To Class: ClassName=DDS_RIKEN_main Member=Component P6 RF_IN
Added Member To Class: ClassName=DDS_RIKEN_main Member=Component P7 RF_OUT
Added Member To Class: ClassName=DDS_RIKEN_main Member=Component R20 
Added Member To Class: ClassName=DDS_RIKEN_main Member=Component R21 
Added Member To Class: ClassName=DDS_RIKEN_main Member=Component R22 
Added Member To Class: ClassName=DDS_RIKEN_main Member=Component R23 
Added Member To Class: ClassName=DDS_RIKEN_main Member=Component T1 TC1-1T+
Added Member To Class: ClassName=DDS_RIKEN_main Member=Component T2 TC1-1T+
Added Member To Class: ClassName=DDS_RIKEN_main Member=Component U26 LAT-10+
Added Member To Class: ClassName=DDS_RIKEN_main Member=Component U27 SALF-325
Added Member To Class: ClassName=DDS_RIKEN_main Member=Component U28 LAT-10+
Added Member To Class: ClassName=DDS_RIKEN_main Member=Component U29 SALF-325
