Removed Member From Class: ClassName=DDS_RIKEN_main Member=P1
Change Component DesignItemId : Designator=U1 Old DesignItemId=AD9915BCPZ New DesignItemId=EP4CE22F17C8
Change Component DesignItemId : Designator=U2 Old DesignItemId=EP4CE22F17C8 New DesignItemId=EPCS4SI8N
Change Component DesignItemId : Designator=P1 Old DesignItemId=PCI3V32BIT New DesignItemId=Header 5X2
Change Component Footprint: Designator=U1 Old Footprint=CP_88_5 New Footprint=FBGA256
Change Component Footprint: Designator=U2 Old Footprint=FBGA256 New Footprint=SOIC8_L
Change Component Footprint: Designator=P1 Old Footprint=PCI3V32BIT New Footprint=HDR2X5
Change Component Comment : Designator=U1 Old Comment=AD9915BCPZ New Comment=EP4CE22F17C8
Change Component Comment : Designator=U2 Old Comment=EP4CE22F17C8 New Comment=EPCS16SI8N
Change Component Comment : Designator=P1 Old Comment=PCI3V32BIT New Comment=JTAG
Added Component: Designator=C1(CAPC2012L)
Added Component: Designator=C2(CAPC2012L)
Added Component: Designator=C3(CAPC2012L)
Added Component: Designator=C4(CAPC2012L)
Added Component: Designator=C5(CAPC2012L)
Added Component: Designator=C6(CAPC2012L)
Added Component: Designator=C7(CAPC2012L)
Added Component: Designator=C8(CAPC2012L)
Added Component: Designator=C9(CAPC2012L)
Added Component: Designator=C10(CAPC2012L)
Added Component: Designator=C11(CAPC2012L)
Added Component: Designator=C12(CAPC2012L)
Added Component: Designator=C13(CAPC2012L)
Added Component: Designator=C14(CAPC2012L)
Added Component: Designator=C15(CAPC2012L)
Added Component: Designator=C16(CAPC2012L)
Added Component: Designator=C17(CAPC2012L)
Added Component: Designator=C18(CAPC2012L)
Added Component: Designator=C19(CAPC2012L)
Added Component: Designator=C20(CAPC2012L)
Added Component: Designator=C21(CAPC2012L)
Added Component: Designator=D1(SOD323)
Added Component: Designator=D2(SOD323)
Added Component: Designator=D3(SOD323)
Added Component: Designator=D4(SOD323)
Added Component: Designator=P2(HDR2X5)
Added Component: Designator=R1(RESC3216L)
Added Component: Designator=R2(RESC3216L)
Added Component: Designator=R3(RESC3216L)
Added Component: Designator=R4(RESC3216L)
Added Component: Designator=R5(RESC3216L)
Added Component: Designator=R6(RESC3216L)
Added Component: Designator=R7(RESC3216L)
Added Component: Designator=U3(CP_88_5)
Added Pin To Net: NetName=1.2V_DIG Pin=C3-1
Added Pin To Net: NetName=1.2V_DIG Pin=C7-1
Added Pin To Net: NetName=1.2V_DIG Pin=C18-2
Added Pin To Net: NetName=1.2V_DIG Pin=C21-2
Added Pin To Net: NetName=1.2V_DIG Pin=U1-D4
Added Pin To Net: NetName=1.2V_DIG Pin=U1-D13
Added Pin To Net: NetName=1.2V_DIG Pin=U1-F7
Added Pin To Net: NetName=1.2V_DIG Pin=U1-F11
Added Pin To Net: NetName=1.2V_DIG Pin=U1-G6
Added Pin To Net: NetName=1.2V_DIG Pin=U1-G7
Added Pin To Net: NetName=1.2V_DIG Pin=U1-G8
Added Pin To Net: NetName=1.2V_DIG Pin=U1-G9
Added Pin To Net: NetName=1.2V_DIG Pin=U1-G10
Added Pin To Net: NetName=1.2V_DIG Pin=U1-H6
Added Pin To Net: NetName=1.2V_DIG Pin=U1-H11
Added Pin To Net: NetName=1.2V_DIG Pin=U1-J6
Added Pin To Net: NetName=1.2V_DIG Pin=U1-J12
Added Pin To Net: NetName=1.2V_DIG Pin=U1-K7
Added Pin To Net: NetName=1.2V_DIG Pin=U1-K9
Added Pin To Net: NetName=1.2V_DIG Pin=U1-K10
Added Pin To Net: NetName=1.2V_DIG Pin=U1-K11
Added Pin To Net: NetName=1.2V_DIG Pin=U1-L6
Added Pin To Net: NetName=1.2V_DIG Pin=U1-M9
Added Pin To Net: NetName=1.2V_DIG Pin=U1-M11
Added Pin To Net: NetName=1.2V_DIG Pin=U1-N4
Added Pin To Net: NetName=1.2V_DIG Pin=U1-N13
Added Net: Name=1.2V_DIG
Added Pin To Net: NetName=2.5V_DIG Pin=C17-2
Added Pin To Net: NetName=2.5V_DIG Pin=C20-1
Added Pin To Net: NetName=2.5V_DIG Pin=U1-F5
Added Pin To Net: NetName=2.5V_DIG Pin=U1-F12
Added Pin To Net: NetName=2.5V_DIG Pin=U1-L5
Added Pin To Net: NetName=2.5V_DIG Pin=U1-L12
Added Net: Name=2.5V_DIG
Added Pin To Net: NetName=3.3V_DIG Pin=C1-2
Added Pin To Net: NetName=3.3V_DIG Pin=C2-2
Added Pin To Net: NetName=3.3V_DIG Pin=C4-2
Added Pin To Net: NetName=3.3V_DIG Pin=C5-2
Added Pin To Net: NetName=3.3V_DIG Pin=C6-2
Added Pin To Net: NetName=3.3V_DIG Pin=C8-2
Added Pin To Net: NetName=3.3V_DIG Pin=C9-2
Added Pin To Net: NetName=3.3V_DIG Pin=C10-2
Added Pin To Net: NetName=3.3V_DIG Pin=C15-1
Added Pin To Net: NetName=3.3V_DIG Pin=C16-1
Added Pin To Net: NetName=3.3V_DIG Pin=C19-1
Added Pin To Net: NetName=3.3V_DIG Pin=D1-2
Added Pin To Net: NetName=3.3V_DIG Pin=D2-2
Added Pin To Net: NetName=3.3V_DIG Pin=D3-2
Added Pin To Net: NetName=3.3V_DIG Pin=D4-2
Added Pin To Net: NetName=3.3V_DIG Pin=P1-4
Added Pin To Net: NetName=3.3V_DIG Pin=P1-6
Added Pin To Net: NetName=3.3V_DIG Pin=P2-4
Added Pin To Net: NetName=3.3V_DIG Pin=R1-2
Added Pin To Net: NetName=3.3V_DIG Pin=R2-2
Added Pin To Net: NetName=3.3V_DIG Pin=R3-2
Added Pin To Net: NetName=3.3V_DIG Pin=R5-2
Added Pin To Net: NetName=3.3V_DIG Pin=R6-2
Added Pin To Net: NetName=3.3V_DIG Pin=U1-A1
Added Pin To Net: NetName=3.3V_DIG Pin=U1-A16
Added Pin To Net: NetName=3.3V_DIG Pin=U1-C4
Added Pin To Net: NetName=3.3V_DIG Pin=U1-C7
Added Pin To Net: NetName=3.3V_DIG Pin=U1-C10
Added Pin To Net: NetName=3.3V_DIG Pin=U1-C13
Added Pin To Net: NetName=3.3V_DIG Pin=U1-E3
Added Pin To Net: NetName=3.3V_DIG Pin=U1-E14
Added Pin To Net: NetName=3.3V_DIG Pin=U1-G3
Added Pin To Net: NetName=3.3V_DIG Pin=U1-G14
Added Pin To Net: NetName=3.3V_DIG Pin=U1-H12
Added Pin To Net: NetName=3.3V_DIG Pin=U1-K3
Added Pin To Net: NetName=3.3V_DIG Pin=U1-K14
Added Pin To Net: NetName=3.3V_DIG Pin=U1-M3
Added Pin To Net: NetName=3.3V_DIG Pin=U1-M14
Added Pin To Net: NetName=3.3V_DIG Pin=U1-P4
Added Pin To Net: NetName=3.3V_DIG Pin=U1-P7
Added Pin To Net: NetName=3.3V_DIG Pin=U1-P10
Added Pin To Net: NetName=3.3V_DIG Pin=U1-P13
Added Pin To Net: NetName=3.3V_DIG Pin=U1-T1
Added Pin To Net: NetName=3.3V_DIG Pin=U1-T16
Added Pin To Net: NetName=3.3V_DIG Pin=U2-3
Added Pin To Net: NetName=3.3V_DIG Pin=U2-7
Added Pin To Net: NetName=3.3V_DIG Pin=U2-8
Added Net: Name=3.3V_DIG
Added Pin To Net: NetName=AGND Pin=U3-33
Added Pin To Net: NetName=AGND Pin=U3-35
Added Pin To Net: NetName=AGND Pin=U3-37
Added Pin To Net: NetName=AGND Pin=U3-38
Added Pin To Net: NetName=AGND Pin=U3-44
Added Pin To Net: NetName=AGND Pin=U3-46
Added Pin To Net: NetName=AGND Pin=U3-49
Added Pin To Net: NetName=AGND Pin=U3-51
Added Net: Name=AGND
Added Pin To Net: NetName=AS_CONF_DONE Pin=P2-3
Added Net: Name=AS_CONF_DONE
Added Pin To Net: NetName=AS_DATA Pin=C12-1
Added Pin To Net: NetName=AS_DATA Pin=D2-1
Added Pin To Net: NetName=AS_DATA Pin=P2-7
Added Pin To Net: NetName=AS_DATA Pin=U1-H2
Added Pin To Net: NetName=AS_DATA Pin=U2-2
Added Net: Name=AS_DATA
Added Pin To Net: NetName=AS_DCLK Pin=C11-1
Added Pin To Net: NetName=AS_DCLK Pin=D1-1
Added Pin To Net: NetName=AS_DCLK Pin=P2-1
Added Pin To Net: NetName=AS_DCLK Pin=U1-H1
Added Pin To Net: NetName=AS_DCLK Pin=U2-6
Added Net: Name=AS_DCLK
Added Pin To Net: NetName=AS_NCONFIG Pin=P2-5
Added Net: Name=AS_NCONFIG
Added Pin To Net: NetName=ASDI Pin=C13-1
Added Pin To Net: NetName=ASDI Pin=D3-1
Added Pin To Net: NetName=ASDI Pin=P2-9
Added Pin To Net: NetName=ASDI Pin=U1-C1
Added Pin To Net: NetName=ASDI Pin=U2-5
Added Net: Name=ASDI
Added Pin To Net: NetName=DGND Pin=C1-1
Added Pin To Net: NetName=DGND Pin=C2-1
Added Pin To Net: NetName=DGND Pin=C3-2
Added Pin To Net: NetName=DGND Pin=C4-1
Added Pin To Net: NetName=DGND Pin=C5-1
Added Pin To Net: NetName=DGND Pin=C6-1
Added Pin To Net: NetName=DGND Pin=C7-2
Added Pin To Net: NetName=DGND Pin=C8-1
Added Pin To Net: NetName=DGND Pin=C9-1
Added Pin To Net: NetName=DGND Pin=C10-1
Added Pin To Net: NetName=DGND Pin=C11-2
Added Pin To Net: NetName=DGND Pin=C12-2
Added Pin To Net: NetName=DGND Pin=C13-2
Added Pin To Net: NetName=DGND Pin=C14-2
Added Pin To Net: NetName=DGND Pin=C15-2
Added Pin To Net: NetName=DGND Pin=C16-2
Added Pin To Net: NetName=DGND Pin=C17-1
Added Pin To Net: NetName=DGND Pin=C18-1
Added Pin To Net: NetName=DGND Pin=C19-2
Added Pin To Net: NetName=DGND Pin=C20-2
Added Pin To Net: NetName=DGND Pin=C21-1
Added Pin To Net: NetName=DGND Pin=P1-2
Added Pin To Net: NetName=DGND Pin=P1-10
Added Pin To Net: NetName=DGND Pin=P2-2
Added Pin To Net: NetName=DGND Pin=P2-10
Added Pin To Net: NetName=DGND Pin=R4-2
Added Pin To Net: NetName=DGND Pin=R7-2
Added Pin To Net: NetName=DGND Pin=U1-B2
Added Pin To Net: NetName=DGND Pin=U1-B15
Added Pin To Net: NetName=DGND Pin=U1-C5
Added Pin To Net: NetName=DGND Pin=U1-C12
Added Pin To Net: NetName=DGND Pin=U1-D7
Added Pin To Net: NetName=DGND Pin=U1-D10
Added Pin To Net: NetName=DGND Pin=U1-E2
Added Pin To Net: NetName=DGND Pin=U1-E4
Added Pin To Net: NetName=DGND Pin=U1-E5
Added Pin To Net: NetName=DGND Pin=U1-E12
Added Pin To Net: NetName=DGND Pin=U1-E13
Added Pin To Net: NetName=DGND Pin=U1-F6
Added Pin To Net: NetName=DGND Pin=U1-F10
Added Pin To Net: NetName=DGND Pin=U1-G4
Added Pin To Net: NetName=DGND Pin=U1-G11
Added Pin To Net: NetName=DGND Pin=U1-G12
Added Pin To Net: NetName=DGND Pin=U1-G13
Added Pin To Net: NetName=DGND Pin=U1-H7
Added Pin To Net: NetName=DGND Pin=U1-H8
Added Pin To Net: NetName=DGND Pin=U1-H9
Added Pin To Net: NetName=DGND Pin=U1-H10
Added Pin To Net: NetName=DGND Pin=U1-H13
Added Pin To Net: NetName=DGND Pin=U1-H15
Added Pin To Net: NetName=DGND Pin=U1-H16
Added Pin To Net: NetName=DGND Pin=U1-J7
Added Pin To Net: NetName=DGND Pin=U1-J8
Added Pin To Net: NetName=DGND Pin=U1-J9
Added Pin To Net: NetName=DGND Pin=U1-J10
Added Pin To Net: NetName=DGND Pin=U1-J11
Added Pin To Net: NetName=DGND Pin=U1-K4
Added Pin To Net: NetName=DGND Pin=U1-K6
Added Pin To Net: NetName=DGND Pin=U1-K8
Added Pin To Net: NetName=DGND Pin=U1-K12
Added Pin To Net: NetName=DGND Pin=U1-K13
Added Pin To Net: NetName=DGND Pin=U1-L9
Added Pin To Net: NetName=DGND Pin=U1-L10
Added Pin To Net: NetName=DGND Pin=U1-L11
Added Pin To Net: NetName=DGND Pin=U1-M4
Added Pin To Net: NetName=DGND Pin=U1-M5
Added Pin To Net: NetName=DGND Pin=U1-M12
Added Pin To Net: NetName=DGND Pin=U1-M13
Added Pin To Net: NetName=DGND Pin=U1-N7
Added Pin To Net: NetName=DGND Pin=U1-N10
Added Pin To Net: NetName=DGND Pin=U1-P5
Added Pin To Net: NetName=DGND Pin=U1-P12
Added Pin To Net: NetName=DGND Pin=U1-R2
Added Pin To Net: NetName=DGND Pin=U1-R15
Added Pin To Net: NetName=DGND Pin=U2-4
Added Pin To Net: NetName=DGND Pin=U3-7
Added Pin To Net: NetName=DGND Pin=U3-17
Added Pin To Net: NetName=DGND Pin=U3-24
Added Pin To Net: NetName=DGND Pin=U3-74
Added Pin To Net: NetName=DGND Pin=U3-84
Added Net: Name=DGND
Added Pin To Net: NetName=IOB1_0 Pin=U1-B1
Added Net: Name=IOB1_0
Added Pin To Net: NetName=IOB1_1 Pin=U1-C2
Added Net: Name=IOB1_1
Added Pin To Net: NetName=IOB1_2 Pin=U1-F3
Added Net: Name=IOB1_2
Added Pin To Net: NetName=IOB1_3 Pin=U1-D1
Added Net: Name=IOB1_3
Added Pin To Net: NetName=IOB1_4 Pin=U1-G5
Added Net: Name=IOB1_4
Added Pin To Net: NetName=IOB1_5 Pin=U1-F2
Added Net: Name=IOB1_5
Added Pin To Net: NetName=IOB1_6 Pin=U1-F1
Added Net: Name=IOB1_6
Added Pin To Net: NetName=IOB1_7 Pin=U1-G2
Added Net: Name=IOB1_7
Added Pin To Net: NetName=IOB1_8 Pin=U1-G1
Added Net: Name=IOB1_8
Added Pin To Net: NetName=IOB2_0 Pin=U1-J2
Added Net: Name=IOB2_0
Added Pin To Net: NetName=IOB2_1 Pin=U1-J1
Added Net: Name=IOB2_1
Added Pin To Net: NetName=IOB2_2 Pin=U1-K2
Added Net: Name=IOB2_2
Added Pin To Net: NetName=IOB2_3 Pin=U1-K1
Added Net: Name=IOB2_3
Added Pin To Net: NetName=IOB2_4 Pin=U1-L2
Added Net: Name=IOB2_4
Added Pin To Net: NetName=IOB2_5 Pin=U1-L1
Added Net: Name=IOB2_5
Added Pin To Net: NetName=IOB2_6 Pin=U1-L3
Added Net: Name=IOB2_6
Added Pin To Net: NetName=IOB2_7 Pin=U1-N2
Added Net: Name=IOB2_7
Added Pin To Net: NetName=IOB2_8 Pin=U1-N1
Added Net: Name=IOB2_8
Added Pin To Net: NetName=IOB2_9 Pin=U1-K5
Added Net: Name=IOB2_9
Added Pin To Net: NetName=IOB2_10 Pin=U1-L4
Added Net: Name=IOB2_10
Added Pin To Net: NetName=IOB2_11 Pin=U1-R1
Added Net: Name=IOB2_11
Added Pin To Net: NetName=IOB2_12 Pin=U1-P2
Added Net: Name=IOB2_12
Added Pin To Net: NetName=IOB2_13 Pin=U1-P1
Added Net: Name=IOB2_13
Added Pin To Net: NetName=IOB3_0 Pin=U1-N3
Added Net: Name=IOB3_0
Added Pin To Net: NetName=IOB3_1 Pin=U1-P3
Added Net: Name=IOB3_1
Added Pin To Net: NetName=IOB3_2 Pin=U1-R3
Added Net: Name=IOB3_2
Added Pin To Net: NetName=IOB3_3 Pin=U1-T3
Added Net: Name=IOB3_3
Added Pin To Net: NetName=IOB3_4 Pin=U1-T2
Added Net: Name=IOB3_4
Added Pin To Net: NetName=IOB3_5 Pin=U1-R4
Added Net: Name=IOB3_5
Added Pin To Net: NetName=IOB3_6 Pin=U1-T4
Added Net: Name=IOB3_6
Added Pin To Net: NetName=IOB3_7 Pin=U1-N5
Added Net: Name=IOB3_7
Added Pin To Net: NetName=IOB3_8 Pin=U1-N6
Added Net: Name=IOB3_8
Added Pin To Net: NetName=IOB3_9 Pin=U1-M6
Added Net: Name=IOB3_9
Added Pin To Net: NetName=IOB3_10 Pin=U1-P6
Added Net: Name=IOB3_10
Added Pin To Net: NetName=IOB3_11 Pin=U1-M7
Added Net: Name=IOB3_11
Added Pin To Net: NetName=IOB3_12 Pin=U1-R5
Added Net: Name=IOB3_12
Added Pin To Net: NetName=IOB3_13 Pin=U1-T5
Added Net: Name=IOB3_13
Added Pin To Net: NetName=IOB3_14 Pin=U1-R6
Added Net: Name=IOB3_14
Added Pin To Net: NetName=IOB3_15 Pin=U1-T6
Added Net: Name=IOB3_15
Added Pin To Net: NetName=IOB3_16 Pin=U1-L7
Added Net: Name=IOB3_16
Added Pin To Net: NetName=IOB3_17 Pin=U1-R7
Added Net: Name=IOB3_17
Added Pin To Net: NetName=IOB3_18 Pin=U1-T7
Added Net: Name=IOB3_18
Added Pin To Net: NetName=IOB3_19 Pin=U1-L8
Added Net: Name=IOB3_19
Added Pin To Net: NetName=IOB3_20 Pin=U1-M8
Added Net: Name=IOB3_20
Added Pin To Net: NetName=IOB3_21 Pin=U1-N8
Added Net: Name=IOB3_21
Added Pin To Net: NetName=IOB3_22 Pin=U1-P8
Added Net: Name=IOB3_22
Added Pin To Net: NetName=IOB4_0 Pin=U1-N9
Added Net: Name=IOB4_0
Added Pin To Net: NetName=IOB4_1 Pin=U1-R10
Added Net: Name=IOB4_1
Added Pin To Net: NetName=IOB4_2 Pin=U1-T10
Added Net: Name=IOB4_2
Added Pin To Net: NetName=IOB4_3 Pin=U1-R11
Added Net: Name=IOB4_3
Added Pin To Net: NetName=IOB4_4 Pin=U1-T11
Added Net: Name=IOB4_4
Added Pin To Net: NetName=IOB4_5 Pin=U1-R12
Added Net: Name=IOB4_5
Added Pin To Net: NetName=IOB4_6 Pin=U1-T12
Added Net: Name=IOB4_6
Added Pin To Net: NetName=IOB4_7 Pin=U1-P9
Added Net: Name=IOB4_7
Added Pin To Net: NetName=IOB4_8 Pin=U1-P11
Added Net: Name=IOB4_8
Added Pin To Net: NetName=IOB4_9 Pin=U1-R13
Added Net: Name=IOB4_9
Added Pin To Net: NetName=IOB4_10 Pin=U1-T13
Added Net: Name=IOB4_10
Added Pin To Net: NetName=IOB4_11 Pin=U1-M10
Added Net: Name=IOB4_11
Added Pin To Net: NetName=IOB4_12 Pin=U1-N11
Added Net: Name=IOB4_12
Added Pin To Net: NetName=IOB4_13 Pin=U1-T14
Added Net: Name=IOB4_13
Added Pin To Net: NetName=IOB4_14 Pin=U1-T15
Added Net: Name=IOB4_14
Added Pin To Net: NetName=IOB4_15 Pin=U1-N12
Added Net: Name=IOB4_15
Added Pin To Net: NetName=IOB4_16 Pin=U1-P14
Added Net: Name=IOB4_16
Added Pin To Net: NetName=IOB4_17 Pin=U1-R14
Added Net: Name=IOB4_17
Added Pin To Net: NetName=IOB5_0 Pin=U1-N14
Added Net: Name=IOB5_0
Added Pin To Net: NetName=IOB5_1 Pin=U1-P15
Added Net: Name=IOB5_1
Added Pin To Net: NetName=IOB5_2 Pin=U1-P16
Added Net: Name=IOB5_2
Added Pin To Net: NetName=IOB5_3 Pin=U1-R16
Added Net: Name=IOB5_3
Added Pin To Net: NetName=IOB5_4 Pin=U1-N16
Added Net: Name=IOB5_4
Added Pin To Net: NetName=IOB5_5 Pin=U1-N15
Added Net: Name=IOB5_5
Added Pin To Net: NetName=IOB5_6 Pin=U1-L14
Added Net: Name=IOB5_6
Added Pin To Net: NetName=IOB5_7 Pin=U1-L13
Added Net: Name=IOB5_7
Added Pin To Net: NetName=IOB5_8 Pin=U1-L16
Added Net: Name=IOB5_8
Added Pin To Net: NetName=IOB5_9 Pin=U1-L15
Added Net: Name=IOB5_9
Added Pin To Net: NetName=IOB5_10 Pin=U1-K16
Added Net: Name=IOB5_10
Added Pin To Net: NetName=IOB5_11 Pin=U1-K15
Added Net: Name=IOB5_11
Added Pin To Net: NetName=IOB5_12 Pin=U1-J16
Added Pin To Net: NetName=IOB5_12 Pin=U3-22
Added Net: Name=IOB5_12
Added Pin To Net: NetName=IOB5_13 Pin=U1-J15
Added Pin To Net: NetName=IOB5_13 Pin=U3-21
Added Net: Name=IOB5_13
Added Pin To Net: NetName=IOB5_14 Pin=U1-J14
Added Net: Name=IOB5_14
Added Pin To Net: NetName=IOB5_15 Pin=U1-J13
Added Net: Name=IOB5_15
Added Pin To Net: NetName=IOB6_0 Pin=U1-G16
Added Pin To Net: NetName=IOB6_0 Pin=U3-20
Added Net: Name=IOB6_0
Added Pin To Net: NetName=IOB6_1 Pin=U1-G15
Added Pin To Net: NetName=IOB6_1 Pin=U3-19
Added Net: Name=IOB6_1
Added Pin To Net: NetName=IOB6_2 Pin=U1-F13
Added Net: Name=IOB6_2
Added Pin To Net: NetName=IOB6_3 Pin=U1-F16
Added Pin To Net: NetName=IOB6_3 Pin=U3-18
Added Net: Name=IOB6_3
Added Pin To Net: NetName=IOB6_4 Pin=U1-F15
Added Pin To Net: NetName=IOB6_4 Pin=U3-15
Added Net: Name=IOB6_4
Added Pin To Net: NetName=IOB6_5 Pin=U1-B16
Added Pin To Net: NetName=IOB6_5 Pin=U3-10
Added Net: Name=IOB6_5
Added Pin To Net: NetName=IOB6_6 Pin=U1-F14
Added Net: Name=IOB6_6
Added Pin To Net: NetName=IOB6_7 Pin=U1-D16
Added Pin To Net: NetName=IOB6_7 Pin=U3-14
Added Net: Name=IOB6_7
Added Pin To Net: NetName=IOB6_8 Pin=U1-D15
Added Pin To Net: NetName=IOB6_8 Pin=U3-13
Added Net: Name=IOB6_8
Added Pin To Net: NetName=IOB6_9 Pin=U1-C16
Added Pin To Net: NetName=IOB6_9 Pin=U3-12
Added Net: Name=IOB6_9
Added Pin To Net: NetName=IOB6_10 Pin=U1-C15
Added Pin To Net: NetName=IOB6_10 Pin=U3-11
Added Net: Name=IOB6_10
Added Pin To Net: NetName=IOB7_0 Pin=U1-C14
Added Net: Name=IOB7_0
Added Pin To Net: NetName=IOB7_1 Pin=U1-D14
Added Net: Name=IOB7_1
Added Pin To Net: NetName=IOB7_2 Pin=U1-D11
Added Net: Name=IOB7_2
Added Pin To Net: NetName=IOB7_3 Pin=U1-D12
Added Net: Name=IOB7_3
Added Pin To Net: NetName=IOB7_4 Pin=U1-A13
Added Pin To Net: NetName=IOB7_4 Pin=U3-4
Added Net: Name=IOB7_4
Added Pin To Net: NetName=IOB7_5 Pin=U1-B13
Added Pin To Net: NetName=IOB7_5 Pin=U3-3
Added Net: Name=IOB7_5
Added Pin To Net: NetName=IOB7_6 Pin=U1-A14
Added Pin To Net: NetName=IOB7_6 Pin=U3-8
Added Net: Name=IOB7_6
Added Pin To Net: NetName=IOB7_7 Pin=U1-B14
Added Pin To Net: NetName=IOB7_7 Pin=U3-5
Added Net: Name=IOB7_7
Added Pin To Net: NetName=IOB7_8 Pin=U1-E11
Added Net: Name=IOB7_8
Added Pin To Net: NetName=IOB7_9 Pin=U1-E10
Added Net: Name=IOB7_9
Added Pin To Net: NetName=IOB7_10 Pin=U1-A12
Added Pin To Net: NetName=IOB7_10 Pin=U3-2
Added Net: Name=IOB7_10
Added Pin To Net: NetName=IOB7_11 Pin=U1-B12
Added Pin To Net: NetName=IOB7_11 Pin=U3-1
Added Net: Name=IOB7_11
Added Pin To Net: NetName=IOB7_12 Pin=U1-A11
Added Pin To Net: NetName=IOB7_12 Pin=U3-88
Added Net: Name=IOB7_12
Added Pin To Net: NetName=IOB7_13 Pin=U1-B11
Added Pin To Net: NetName=IOB7_13 Pin=U3-87
Added Net: Name=IOB7_13
Added Pin To Net: NetName=IOB7_14 Pin=U1-C11
Added Net: Name=IOB7_14
Added Pin To Net: NetName=IOB7_15 Pin=U1-A15
Added Pin To Net: NetName=IOB7_15 Pin=U3-9
Added Net: Name=IOB7_15
Added Pin To Net: NetName=IOB7_16 Pin=U1-F9
Added Net: Name=IOB7_16
Added Pin To Net: NetName=IOB7_17 Pin=U1-A10
Added Pin To Net: NetName=IOB7_17 Pin=U3-86
Added Net: Name=IOB7_17
Added Pin To Net: NetName=IOB7_18 Pin=U1-B10
Added Pin To Net: NetName=IOB7_18 Pin=U3-85
Added Net: Name=IOB7_18
Added Pin To Net: NetName=IOB7_19 Pin=U1-C9
Added Net: Name=IOB7_19
Added Pin To Net: NetName=IOB7_20 Pin=U1-D9
Added Net: Name=IOB7_20
Added Pin To Net: NetName=IOB7_21 Pin=U1-E9
Added Net: Name=IOB7_21
Added Pin To Net: NetName=IOB8_0 Pin=U1-C8
Added Pin To Net: NetName=IOB8_0 Pin=U3-81
Added Net: Name=IOB8_0
Added Pin To Net: NetName=IOB8_1 Pin=U1-D8
Added Net: Name=IOB8_1
Added Pin To Net: NetName=IOB8_2 Pin=U1-E8
Added Net: Name=IOB8_2
Added Pin To Net: NetName=IOB8_3 Pin=U1-F8
Added Net: Name=IOB8_3
Added Pin To Net: NetName=IOB8_4 Pin=U1-A7
Added Pin To Net: NetName=IOB8_4 Pin=U3-79
Added Net: Name=IOB8_4
Added Pin To Net: NetName=IOB8_5 Pin=U1-B7
Added Pin To Net: NetName=IOB8_5 Pin=U3-80
Added Net: Name=IOB8_5
Added Pin To Net: NetName=IOB8_6 Pin=U1-C6
Added Net: Name=IOB8_6
Added Pin To Net: NetName=IOB8_7 Pin=U1-A6
Added Pin To Net: NetName=IOB8_7 Pin=U3-77
Added Net: Name=IOB8_7
Added Pin To Net: NetName=IOB8_8 Pin=U1-B6
Added Pin To Net: NetName=IOB8_8 Pin=U3-78
Added Net: Name=IOB8_8
Added Pin To Net: NetName=IOB8_9 Pin=U1-E7
Added Net: Name=IOB8_9
Added Pin To Net: NetName=IOB8_10 Pin=U1-E6
Added Net: Name=IOB8_10
Added Pin To Net: NetName=IOB8_11 Pin=U1-A5
Added Pin To Net: NetName=IOB8_11 Pin=U3-75
Added Net: Name=IOB8_11
Added Pin To Net: NetName=IOB8_12 Pin=U1-B5
Added Pin To Net: NetName=IOB8_12 Pin=U3-76
Added Net: Name=IOB8_12
Added Pin To Net: NetName=IOB8_13 Pin=U1-D6
Added Net: Name=IOB8_13
Added Pin To Net: NetName=IOB8_14 Pin=U1-A4
Added Pin To Net: NetName=IOB8_14 Pin=U3-71
Added Net: Name=IOB8_14
Added Pin To Net: NetName=IOB8_15 Pin=U1-B4
Added Pin To Net: NetName=IOB8_15 Pin=U3-72
Added Net: Name=IOB8_15
Added Pin To Net: NetName=IOB8_16 Pin=U1-A2
Added Pin To Net: NetName=IOB8_16 Pin=U3-68
Added Net: Name=IOB8_16
Added Pin To Net: NetName=IOB8_17 Pin=U1-A3
Added Pin To Net: NetName=IOB8_17 Pin=U3-69
Added Net: Name=IOB8_17
Added Pin To Net: NetName=IOB8_18 Pin=U1-D5
Added Net: Name=IOB8_18
Added Pin To Net: NetName=IOB8_19 Pin=U1-B3
Added Pin To Net: NetName=IOB8_19 Pin=U3-70
Added Net: Name=IOB8_19
Added Pin To Net: NetName=IOB8_20 Pin=U1-C3
Added Net: Name=IOB8_20
Added Pin To Net: NetName=IOB8_21 Pin=U1-D3
Added Net: Name=IOB8_21
Added Pin To Net: NetName=NCE Pin=P2-6
Added Pin To Net: NetName=NCE Pin=R7-1
Added Pin To Net: NetName=NCE Pin=U1-J3
Added Net: Name=NCE
Added Pin To Net: NetName=NCS Pin=C14-1
Added Pin To Net: NetName=NCS Pin=D4-1
Added Pin To Net: NetName=NCS Pin=P2-8
Added Pin To Net: NetName=NCS Pin=U1-D2
Added Pin To Net: NetName=NCS Pin=U2-1
Added Net: Name=NCS
Added Pin To Net: NetName=NetP1_1 Pin=P1-1
Added Pin To Net: NetName=NetP1_1 Pin=R4-1
Added Pin To Net: NetName=NetP1_1 Pin=U1-H3
Added Net: Name=NetP1_1
Added Pin To Net: NetName=NetP1_3 Pin=P1-3
Added Pin To Net: NetName=NetP1_3 Pin=R5-1
Added Pin To Net: NetName=NetP1_3 Pin=U1-J4
Added Net: Name=NetP1_3
Added Pin To Net: NetName=NetP1_5 Pin=P1-5
Added Pin To Net: NetName=NetP1_5 Pin=U1-J5
Added Net: Name=NetP1_5
Added Pin To Net: NetName=NetP1_9 Pin=P1-9
Added Pin To Net: NetName=NetP1_9 Pin=R6-1
Added Pin To Net: NetName=NetP1_9 Pin=U1-H4
Added Net: Name=NetP1_9
Added Pin To Net: NetName=NetR1_1 Pin=R1-1
Added Pin To Net: NetName=NetR1_1 Pin=U1-F4
Added Net: Name=NetR1_1
Added Pin To Net: NetName=NetR2_1 Pin=R2-1
Added Pin To Net: NetName=NetR2_1 Pin=U1-H5
Added Net: Name=NetR2_1
Added Pin To Net: NetName=NetR3_1 Pin=R3-1
Added Pin To Net: NetName=NetR3_1 Pin=U1-H14
Added Net: Name=NetR3_1
Added Pin To Net: NetName=SYNC_CLK Pin=U1-A9
Added Pin To Net: NetName=SYNC_CLK Pin=U3-82
Added Net: Name=SYNC_CLK
Change Class Name : Old Net Name=cyclone4 New Net Name=Designator
Added Class: Name=IOB1_[8..0]
Added Class: Name=IOB2_[13..0]
Added Class: Name=IOB3_[22..0]
Added Class: Name=IOB4_[17..0]
Added Class: Name=IOB5_[15..0]
Added Class: Name=IOB6_[10..0]
Added Class: Name=IOB7_[21..0]
Added Class: Name=IOB8_[21..0]
Added Member To Class: ClassName=Designator Member=Component C1 Cap Semi
Added Member To Class: ClassName=Designator Member=Component C2 Cap Semi
Added Member To Class: ClassName=Designator Member=Component C3 Cap Semi
Added Member To Class: ClassName=Designator Member=Component C4 Cap Semi
Added Member To Class: ClassName=Designator Member=Component C5 Cap Semi
Added Member To Class: ClassName=Designator Member=Component C6 Cap Semi
Added Member To Class: ClassName=Designator Member=Component C7 Cap Semi
Added Member To Class: ClassName=Designator Member=Component C8 Cap Semi
Added Member To Class: ClassName=Designator Member=Component C9 Cap Semi
Added Member To Class: ClassName=Designator Member=Component C10 Cap Semi
Added Member To Class: ClassName=Designator Member=Component C11 Cap Semi
Added Member To Class: ClassName=Designator Member=Component C12 Cap Semi
Added Member To Class: ClassName=Designator Member=Component C13 Cap Semi
Added Member To Class: ClassName=Designator Member=Component C14 Cap Semi
Added Member To Class: ClassName=Designator Member=Component C15 Cap Semi
Added Member To Class: ClassName=Designator Member=Component C16 Cap Semi
Added Member To Class: ClassName=Designator Member=Component C17 Cap Semi
Added Member To Class: ClassName=Designator Member=Component C18 Cap Semi
Added Member To Class: ClassName=Designator Member=Component C19 Cap Semi
Added Member To Class: ClassName=Designator Member=Component C20 Cap Semi
Added Member To Class: ClassName=Designator Member=Component C21 Cap Semi
Added Member To Class: ClassName=Designator Member=Component D1 1PS76SB17
Added Member To Class: ClassName=Designator Member=Component D2 1PS76SB17
Added Member To Class: ClassName=Designator Member=Component D3 1PS76SB17
Added Member To Class: ClassName=Designator Member=Component D4 1PS76SB17
Added Member To Class: ClassName=Designator Member=Component P1 JTAG
Added Member To Class: ClassName=Designator Member=Component P2 ASCONFIG
Added Member To Class: ClassName=Designator Member=Component R1 
Added Member To Class: ClassName=Designator Member=Component R2 
Added Member To Class: ClassName=Designator Member=Component R3 
Added Member To Class: ClassName=Designator Member=Component R4 
Added Member To Class: ClassName=Designator Member=Component R5 
Added Member To Class: ClassName=Designator Member=Component R6 
Added Member To Class: ClassName=Designator Member=Component R7 
Added Member To Class: ClassName=Designator Member=Component U1 EP4CE22F17C8
Added Room: Name=Designator
