Added Component: Designator=P5(BMIS-207)
Added Pin To Net: NetName=AGND Pin=P3-A52
Added Pin To Net: NetName=AGND Pin=P3-A53
Added Pin To Net: NetName=AGND Pin=P3-A54
Added Pin To Net: NetName=AGND Pin=P3-A55
Added Pin To Net: NetName=AGND Pin=P3-A56
Added Pin To Net: NetName=DGND Pin=P3-A57
Added Pin To Net: NetName=DGND Pin=P3-A58
Added Pin To Net: NetName=DGND Pin=P3-A59
Added Pin To Net: NetName=DGND Pin=P3-A60
Added Pin To Net: NetName=AGND Pin=P3-B52
Added Pin To Net: NetName=AGND Pin=P3-B53
Added Pin To Net: NetName=AGND Pin=P3-B54
Added Pin To Net: NetName=AGND Pin=P3-B55
Added Pin To Net: NetName=AGND Pin=P3-B56
Added Pin To Net: NetName=DGND Pin=P3-B57
Added Pin To Net: NetName=DGND Pin=P3-B58
Added Pin To Net: NetName=DGND Pin=P3-B59
Added Pin To Net: NetName=DGND Pin=P3-B60
Added Pin To Net: NetName=AGND Pin=P5-1
Added Pin To Net: NetName=AGND Pin=P5-2
Added Pin To Net: NetName=AGND Pin=P5-3
Added Pin To Net: NetName=AGND Pin=P5-4
Added Pin To Net: NetName=AGND Pin=P5-5
Added Pin To Net: NetName=AGND Pin=P5-6
Added Pin To Net: NetName=AGND Pin=P5-7
Added Pin To Net: NetName=AGND Pin=P5-8
Added Pin To Net: NetName=AGND Pin=P5-9
Added Pin To Net: NetName=AGND Pin=P5-10
Added Pin To Net: NetName=AGND Pin=P5-11
Added Pin To Net: NetName=AGND Pin=P5-12
Added Pin To Net: NetName=AGND Pin=P5-13
Added Pin To Net: NetName=AGND Pin=P5-14
Added Pin To Net: NetName=AGND Pin=P5-15
Added Pin To Net: NetName=AGND Pin=P5-16
Added Pin To Net: NetName=AGND Pin=P5-17
Added Pin To Net: NetName=AGND Pin=P5-18
Added Pin To Net: NetName=AGND Pin=P5-19
Added Pin To Net: NetName=AGND Pin=P5-20
Added Pin To Net: NetName=AGND Pin=P5-21
Added Pin To Net: NetName=AGND Pin=P5-22
Added Pin To Net: NetName=AGND Pin=P5-23
Added Pin To Net: NetName=AGND Pin=P5-24
Added Member To Class: ClassName=DDS_RIKEN_main Member=Component P5 EMI sheild
