Added Pin To Net: NetName=DGND Pin=C23-2
Added Pin To Net: NetName=DGND Pin=C24-1
Added Pin To Net: NetName=DGND Pin=C27-2
Added Pin To Net: NetName=DGND Pin=C28-2
Added Pin To Net: NetName=DGND Pin=C29-2
Added Pin To Net: NetName=DGND Pin=C38-2
Added Pin To Net: NetName=DGND Pin=C39-2
Added Pin To Net: NetName=DGND Pin=C40-1
Added Pin To Net: NetName=DGND Pin=C41-1
Added Pin To Net: NetName=DGND Pin=C42-2
Added Pin To Net: NetName=DGND Pin=C44-1
Added Pin To Net: NetName=DGND Pin=C45-1
Added Pin To Net: NetName=DGND Pin=C46-2
Added Pin To Net: NetName=DGND Pin=C56-2
Added Pin To Net: NetName=DGND Pin=C57-2
Added Pin To Net: NetName=DGND Pin=C65-1
Added Pin To Net: NetName=DGND Pin=C66-1
Added Pin To Net: NetName=DGND Pin=C70-1
Added Pin To Net: NetName=DGND Pin=C71-2
Added Pin To Net: NetName=DGND Pin=C72-2
Added Pin To Net: NetName=DGND Pin=C73-2
Added Pin To Net: NetName=DGND Pin=C74-1
Added Pin To Net: NetName=DGND Pin=C75-2
Added Pin To Net: NetName=DGND Pin=C76-2
Added Pin To Net: NetName=DGND Pin=C77-1
Added Pin To Net: NetName=DGND Pin=C78-1
Added Pin To Net: NetName=DGND Pin=C87-1
Added Pin To Net: NetName=DGND Pin=P3-A2
Added Pin To Net: NetName=DGND Pin=P3-A4
Added Pin To Net: NetName=DGND Pin=P3-B2
Added Pin To Net: NetName=DGND Pin=P3-B4
Added Pin To Net: NetName=DGND Pin=P5-1
Added Pin To Net: NetName=DGND Pin=P5-2
Added Pin To Net: NetName=DGND Pin=P5-3
Added Pin To Net: NetName=DGND Pin=P5-4
Added Pin To Net: NetName=DGND Pin=P5-5
Added Pin To Net: NetName=DGND Pin=P5-6
Added Pin To Net: NetName=DGND Pin=P5-7
Added Pin To Net: NetName=DGND Pin=P5-8
Added Pin To Net: NetName=DGND Pin=P5-9
Added Pin To Net: NetName=DGND Pin=P5-10
Added Pin To Net: NetName=DGND Pin=P5-11
Added Pin To Net: NetName=DGND Pin=P5-12
Added Pin To Net: NetName=DGND Pin=P5-13
Added Pin To Net: NetName=DGND Pin=P5-14
Added Pin To Net: NetName=DGND Pin=P5-15
Added Pin To Net: NetName=DGND Pin=P5-16
Added Pin To Net: NetName=DGND Pin=P5-17
Added Pin To Net: NetName=DGND Pin=P5-18
Added Pin To Net: NetName=DGND Pin=P5-19
Added Pin To Net: NetName=DGND Pin=P5-20
Added Pin To Net: NetName=DGND Pin=P5-21
Added Pin To Net: NetName=DGND Pin=P5-22
Added Pin To Net: NetName=DGND Pin=P5-23
Added Pin To Net: NetName=DGND Pin=P5-24
Added Pin To Net: NetName=DGND Pin=P7-2
Added Pin To Net: NetName=DGND Pin=P7-2
Added Pin To Net: NetName=DGND Pin=P7-2
Added Pin To Net: NetName=DGND Pin=P7-2
Added Pin To Net: NetName=DGND Pin=R8-2
Added Pin To Net: NetName=DGND Pin=R12-2
Added Pin To Net: NetName=DGND Pin=R13-1
Added Pin To Net: NetName=DGND Pin=R15-1
Added Pin To Net: NetName=DGND Pin=R21-2
Added Pin To Net: NetName=DGND Pin=R23-1
Added Pin To Net: NetName=DGND Pin=T1-2
Added Pin To Net: NetName=DGND Pin=T1-6
Added Pin To Net: NetName=DGND Pin=T2-6
Added Pin To Net: NetName=DGND Pin=T3-4
Added Pin To Net: NetName=DGND Pin=U3-33
Added Pin To Net: NetName=DGND Pin=U3-35
Added Pin To Net: NetName=DGND Pin=U3-37
Added Pin To Net: NetName=DGND Pin=U3-38
Added Pin To Net: NetName=DGND Pin=U3-44
Added Pin To Net: NetName=DGND Pin=U3-46
Added Pin To Net: NetName=DGND Pin=U3-49
Added Pin To Net: NetName=DGND Pin=U3-51
Added Pin To Net: NetName=DGND Pin=U13-1
Added Pin To Net: NetName=DGND Pin=U14-1
Added Pin To Net: NetName=DGND Pin=U19-1
Added Pin To Net: NetName=DGND Pin=U21-16
Added Pin To Net: NetName=DGND Pin=U21-20
Added Pin To Net: NetName=DGND Pin=U22-2
Added Pin To Net: NetName=DGND Pin=U22-5
Added Pin To Net: NetName=DGND Pin=U22-10
Added Pin To Net: NetName=DGND Pin=U22-11
Added Pin To Net: NetName=DGND Pin=U22-12
Added Pin To Net: NetName=DGND Pin=U22-14
Added Pin To Net: NetName=DGND Pin=U22-17
Added Pin To Net: NetName=DGND Pin=U22-25
Added Pin To Net: NetName=DGND Pin=U26-2
Added Pin To Net: NetName=DGND Pin=U26-3
Added Pin To Net: NetName=DGND Pin=U26-4
Added Pin To Net: NetName=DGND Pin=U26-5
Added Pin To Net: NetName=DGND Pin=U26-6
Added Pin To Net: NetName=DGND Pin=U26-7
Added Pin To Net: NetName=DGND Pin=U27-2
Added Pin To Net: NetName=DGND Pin=U27-3
Added Pin To Net: NetName=DGND Pin=U27-4
Added Pin To Net: NetName=DGND Pin=U27-5
Added Pin To Net: NetName=DGND Pin=U27-6
Added Pin To Net: NetName=DGND Pin=U27-7
Added Pin To Net: NetName=DGND Pin=U28-1
Added Pin To Net: NetName=DGND Pin=U28-3
Change Net Name : Old Net Name=DGND New Net Name=AGND
