Removed Pin From Net: NetName=DGND Pin=C1-2
Removed Pin From Net: NetName=DGND Pin=U1-1
Removed Pin From Net: NetName=NetD6_2 Pin=U1-8
Removed Pin From Net: NetName=NetD8_2 Pin=U1-9
Removed Pin From Net: NetName=NetD7_2 Pin=U1-10
Removed Pin From Net: NetName=NetD5_2 Pin=U1-11
Removed Pin From Net: NetName=3.3V_DIG Pin=U1-16
Removed Member From Class: ClassName=DDS_RIKEN_main Member=C1
Removed Member From Class: ClassName=DDS_RIKEN_main Member=D1
Removed Member From Class: ClassName=DDS_RIKEN_main Member=D2
Removed Member From Class: ClassName=DDS_RIKEN_main Member=D3
Removed Member From Class: ClassName=DDS_RIKEN_main Member=D4
Removed Member From Class: ClassName=DDS_RIKEN_main Member=R2
Removed Member From Class: ClassName=DDS_RIKEN_main Member=U1
Change Component DesignItemId : Designator=D1 Old DesignItemId=LED3 New DesignItemId=Diode
Change Component DesignItemId : Designator=D2 Old DesignItemId=LED3 New DesignItemId=Diode
Change Component DesignItemId : Designator=D3 Old DesignItemId=LED3 New DesignItemId=Diode
Change Component DesignItemId : Designator=D4 Old DesignItemId=LED3 New DesignItemId=Diode
Change Component DesignItemId : Designator=U1 Old DesignItemId=TLC5917 New DesignItemId=EP4CE22F17C8
Change Component Footprint: Designator=U1 Old Footprint=D016_N New Footprint=FBGA256
Change Component Footprint: Designator=D1 Old Footprint=DSO-C2/D5.6 New Footprint=SOD323
Change Component Footprint: Designator=D2 Old Footprint=DSO-C2/D5.6 New Footprint=SOD323
Change Component Footprint: Designator=D3 Old Footprint=DSO-C2/D5.6 New Footprint=SOD323
Change Component Footprint: Designator=D4 Old Footprint=DSO-C2/D5.6 New Footprint=SOD323
Change Component Comment : Designator=D1 Old Comment=LED3 New Comment=1PS76SB17
Change Component Comment : Designator=D2 Old Comment=LED3 New Comment=1PS76SB17
Change Component Comment : Designator=D3 Old Comment=LED3 New Comment=1PS76SB17
Change Component Comment : Designator=D4 Old Comment=LED3 New Comment=1PS76SB17
Change Component Comment : Designator=U1 Old Comment=TLC5917 New Comment=EP4CE22F17C8
Added Component: Designator=C69(CAPC2012L)
Added Component: Designator=D9(DSO-C2/D5.6)
Added Component: Designator=D10(DSO-C2/D5.6)
Added Component: Designator=D11(DSO-C2/D5.6)
Added Component: Designator=D12(DSO-C2/D5.6)
Added Component: Designator=R9(RESC3216L)
Added Component: Designator=U23(D016_N)
Added Pin To Net: NetName=3.3V_DIG Pin=C1-2
Added Pin To Net: NetName=3.3V_DIG Pin=C69-1
Added Pin To Net: NetName=DGND Pin=C69-2
Added Pin To Net: NetName=3.3V_DIG Pin=D1-2
Added Pin To Net: NetName=3.3V_DIG Pin=D2-2
Added Pin To Net: NetName=3.3V_DIG Pin=D3-2
Added Pin To Net: NetName=3.3V_DIG Pin=D4-2
Added Pin To Net: NetName=3.3V_DIG Pin=D9-1
Added Pin To Net: NetName=3.3V_DIG Pin=D10-1
Added Pin To Net: NetName=3.3V_DIG Pin=D11-1
Added Pin To Net: NetName=3.3V_DIG Pin=D12-1
Added Pin To Net: NetName=3.3V_DIG Pin=R2-2
Added Pin To Net: NetName=DGND Pin=R9-1
Added Pin To Net: NetName=3.3V_DIG Pin=U1-A1
Added Pin To Net: NetName=IOB8_16 Pin=U1-A2
Added Pin To Net: NetName=IOB8_17 Pin=U1-A3
Added Pin To Net: NetName=IOB8_14 Pin=U1-A4
Added Pin To Net: NetName=IOB8_11 Pin=U1-A5
Added Pin To Net: NetName=IOB8_7 Pin=U1-A6
Added Pin To Net: NetName=IOB8_4 Pin=U1-A7
Added Pin To Net: NetName=SYNC_CLK Pin=U1-A9
Added Pin To Net: NetName=IOB7_17 Pin=U1-A10
Added Pin To Net: NetName=IOB7_12 Pin=U1-A11
Added Pin To Net: NetName=IOB7_10 Pin=U1-A12
Added Pin To Net: NetName=IOB7_4 Pin=U1-A13
Added Pin To Net: NetName=IOB7_6 Pin=U1-A14
Added Pin To Net: NetName=IOB7_15 Pin=U1-A15
Added Pin To Net: NetName=3.3V_DIG Pin=U1-A16
Added Pin To Net: NetName=IOB1_0 Pin=U1-B1
Added Pin To Net: NetName=DGND Pin=U1-B2
Added Pin To Net: NetName=IOB8_19 Pin=U1-B3
Added Pin To Net: NetName=IOB8_15 Pin=U1-B4
Added Pin To Net: NetName=IOB8_12 Pin=U1-B5
Added Pin To Net: NetName=IOB8_8 Pin=U1-B6
Added Pin To Net: NetName=IOB8_5 Pin=U1-B7
Added Pin To Net: NetName=IOB7_18 Pin=U1-B10
Added Pin To Net: NetName=IOB7_13 Pin=U1-B11
Added Pin To Net: NetName=IOB7_11 Pin=U1-B12
Added Pin To Net: NetName=IOB7_5 Pin=U1-B13
Added Pin To Net: NetName=IOB7_7 Pin=U1-B14
Added Pin To Net: NetName=DGND Pin=U1-B15
Added Pin To Net: NetName=IOB6_5 Pin=U1-B16
Added Pin To Net: NetName=ASDI Pin=U1-C1
Added Pin To Net: NetName=IOB1_1 Pin=U1-C2
Added Pin To Net: NetName=IOB8_20 Pin=U1-C3
Added Pin To Net: NetName=3.3V_DIG Pin=U1-C4
Added Pin To Net: NetName=DGND Pin=U1-C5
Added Pin To Net: NetName=IOB8_6 Pin=U1-C6
Added Pin To Net: NetName=3.3V_DIG Pin=U1-C7
Added Pin To Net: NetName=IOB8_0 Pin=U1-C8
Added Pin To Net: NetName=IOB7_19 Pin=U1-C9
Added Pin To Net: NetName=3.3V_DIG Pin=U1-C10
Added Pin To Net: NetName=IOB7_14 Pin=U1-C11
Added Pin To Net: NetName=DGND Pin=U1-C12
Added Pin To Net: NetName=3.3V_DIG Pin=U1-C13
Added Pin To Net: NetName=IOB7_0 Pin=U1-C14
Added Pin To Net: NetName=IOB6_10 Pin=U1-C15
Added Pin To Net: NetName=IOB6_9 Pin=U1-C16
Added Pin To Net: NetName=IOB1_3 Pin=U1-D1
Added Pin To Net: NetName=NCS Pin=U1-D2
Added Pin To Net: NetName=IOB8_21 Pin=U1-D3
Added Pin To Net: NetName=1.2V_DIG Pin=U1-D4
Added Pin To Net: NetName=IOB8_18 Pin=U1-D5
Added Pin To Net: NetName=IOB8_13 Pin=U1-D6
Added Pin To Net: NetName=DGND Pin=U1-D7
Added Pin To Net: NetName=IOB8_1 Pin=U1-D8
Added Pin To Net: NetName=IOB7_20 Pin=U1-D9
Added Pin To Net: NetName=DGND Pin=U1-D10
Added Pin To Net: NetName=IOB7_2 Pin=U1-D11
Added Pin To Net: NetName=IOB7_3 Pin=U1-D12
Added Pin To Net: NetName=1.2V_DIG Pin=U1-D13
Added Pin To Net: NetName=IOB7_1 Pin=U1-D14
Added Pin To Net: NetName=IOB6_8 Pin=U1-D15
Added Pin To Net: NetName=IOB6_7 Pin=U1-D16
Added Pin To Net: NetName=DGND Pin=U1-E2
Added Pin To Net: NetName=3.3V_DIG Pin=U1-E3
Added Pin To Net: NetName=DGND Pin=U1-E4
Added Pin To Net: NetName=DGND Pin=U1-E5
Added Pin To Net: NetName=IOB8_10 Pin=U1-E6
Added Pin To Net: NetName=IOB8_9 Pin=U1-E7
Added Pin To Net: NetName=IOB8_2 Pin=U1-E8
Added Pin To Net: NetName=IOB7_21 Pin=U1-E9
Added Pin To Net: NetName=IOB7_9 Pin=U1-E10
Added Pin To Net: NetName=IOB7_8 Pin=U1-E11
Added Pin To Net: NetName=DGND Pin=U1-E12
Added Pin To Net: NetName=DGND Pin=U1-E13
Added Pin To Net: NetName=3.3V_DIG Pin=U1-E14
Added Pin To Net: NetName=IOB1_6 Pin=U1-F1
Added Pin To Net: NetName=IOB1_5 Pin=U1-F2
Added Pin To Net: NetName=IOB1_2 Pin=U1-F3
Added Pin To Net: NetName=NetR1_1 Pin=U1-F4
Added Pin To Net: NetName=2.5V_DIG Pin=U1-F5
Added Pin To Net: NetName=DGND Pin=U1-F6
Added Pin To Net: NetName=1.2V_DIG Pin=U1-F7
Added Pin To Net: NetName=IOB8_3 Pin=U1-F8
Added Pin To Net: NetName=IOB7_16 Pin=U1-F9
Added Pin To Net: NetName=DGND Pin=U1-F10
Added Pin To Net: NetName=1.2V_DIG Pin=U1-F11
Added Pin To Net: NetName=2.5V_DIG Pin=U1-F12
Added Pin To Net: NetName=IOB6_2 Pin=U1-F13
Added Pin To Net: NetName=IOB6_6 Pin=U1-F14
Added Pin To Net: NetName=IOB6_4 Pin=U1-F15
Added Pin To Net: NetName=IOB6_3 Pin=U1-F16
Added Pin To Net: NetName=IOB1_8 Pin=U1-G1
Added Pin To Net: NetName=IOB1_7 Pin=U1-G2
Added Pin To Net: NetName=3.3V_DIG Pin=U1-G3
Added Pin To Net: NetName=DGND Pin=U1-G4
Added Pin To Net: NetName=IOB1_4 Pin=U1-G5
Added Pin To Net: NetName=1.2V_DIG Pin=U1-G6
Added Pin To Net: NetName=1.2V_DIG Pin=U1-G7
Added Pin To Net: NetName=1.2V_DIG Pin=U1-G8
Added Pin To Net: NetName=1.2V_DIG Pin=U1-G9
Added Pin To Net: NetName=1.2V_DIG Pin=U1-G10
Added Pin To Net: NetName=DGND Pin=U1-G11
Added Pin To Net: NetName=DGND Pin=U1-G12
Added Pin To Net: NetName=DGND Pin=U1-G13
Added Pin To Net: NetName=3.3V_DIG Pin=U1-G14
Added Pin To Net: NetName=IOB6_1 Pin=U1-G15
Added Pin To Net: NetName=IOB6_0 Pin=U1-G16
Added Pin To Net: NetName=AS_DCLK Pin=U1-H1
Added Pin To Net: NetName=AS_DATA Pin=U1-H2
Added Pin To Net: NetName=NetP1_1 Pin=U1-H3
Added Pin To Net: NetName=NetP1_9 Pin=U1-H4
Added Pin To Net: NetName=NetR2_1 Pin=U1-H5
Added Pin To Net: NetName=1.2V_DIG Pin=U1-H6
Added Pin To Net: NetName=DGND Pin=U1-H7
Added Pin To Net: NetName=DGND Pin=U1-H8
Added Pin To Net: NetName=DGND Pin=U1-H9
Added Pin To Net: NetName=DGND Pin=U1-H10
Added Pin To Net: NetName=1.2V_DIG Pin=U1-H11
Added Pin To Net: NetName=3.3V_DIG Pin=U1-H12
Added Pin To Net: NetName=DGND Pin=U1-H13
Added Pin To Net: NetName=NetR3_1 Pin=U1-H14
Added Pin To Net: NetName=DGND Pin=U1-H15
Added Pin To Net: NetName=DGND Pin=U1-H16
Added Pin To Net: NetName=IOB2_1 Pin=U1-J1
Added Pin To Net: NetName=IOB2_0 Pin=U1-J2
Added Pin To Net: NetName=NCE Pin=U1-J3
Added Pin To Net: NetName=NetP1_3 Pin=U1-J4
Added Pin To Net: NetName=NetP1_5 Pin=U1-J5
Added Pin To Net: NetName=1.2V_DIG Pin=U1-J6
Added Pin To Net: NetName=DGND Pin=U1-J7
Added Pin To Net: NetName=DGND Pin=U1-J8
Added Pin To Net: NetName=DGND Pin=U1-J9
Added Pin To Net: NetName=DGND Pin=U1-J10
Added Pin To Net: NetName=DGND Pin=U1-J11
Added Pin To Net: NetName=1.2V_DIG Pin=U1-J12
Added Pin To Net: NetName=IOB5_15 Pin=U1-J13
Added Pin To Net: NetName=IOB5_14 Pin=U1-J14
Added Pin To Net: NetName=IOB5_13 Pin=U1-J15
Added Pin To Net: NetName=IOB5_12 Pin=U1-J16
Added Pin To Net: NetName=IOB2_3 Pin=U1-K1
Added Pin To Net: NetName=IOB2_2 Pin=U1-K2
Added Pin To Net: NetName=3.3V_DIG Pin=U1-K3
Added Pin To Net: NetName=DGND Pin=U1-K4
Added Pin To Net: NetName=IOB2_9 Pin=U1-K5
Added Pin To Net: NetName=DGND Pin=U1-K6
Added Pin To Net: NetName=1.2V_DIG Pin=U1-K7
Added Pin To Net: NetName=DGND Pin=U1-K8
Added Pin To Net: NetName=1.2V_DIG Pin=U1-K9
Added Pin To Net: NetName=1.2V_DIG Pin=U1-K10
Added Pin To Net: NetName=1.2V_DIG Pin=U1-K11
Added Pin To Net: NetName=DGND Pin=U1-K12
Added Pin To Net: NetName=DGND Pin=U1-K13
Added Pin To Net: NetName=3.3V_DIG Pin=U1-K14
Added Pin To Net: NetName=IOB5_11 Pin=U1-K15
Added Pin To Net: NetName=IOB5_10 Pin=U1-K16
Added Pin To Net: NetName=IOB2_5 Pin=U1-L1
Added Pin To Net: NetName=IOB2_4 Pin=U1-L2
Added Pin To Net: NetName=IOB2_6 Pin=U1-L3
Added Pin To Net: NetName=IOB2_10 Pin=U1-L4
Added Pin To Net: NetName=2.5V_DIG Pin=U1-L5
Added Pin To Net: NetName=1.2V_DIG Pin=U1-L6
Added Pin To Net: NetName=IOB3_16 Pin=U1-L7
Added Pin To Net: NetName=IOB3_19 Pin=U1-L8
Added Pin To Net: NetName=DGND Pin=U1-L9
Added Pin To Net: NetName=DGND Pin=U1-L10
Added Pin To Net: NetName=DGND Pin=U1-L11
Added Pin To Net: NetName=2.5V_DIG Pin=U1-L12
Added Pin To Net: NetName=IOB5_7 Pin=U1-L13
Added Pin To Net: NetName=IOB5_6 Pin=U1-L14
Added Pin To Net: NetName=IOB5_9 Pin=U1-L15
Added Pin To Net: NetName=IOB5_8 Pin=U1-L16
Added Pin To Net: NetName=3.3V_DIG Pin=U1-M3
Added Pin To Net: NetName=DGND Pin=U1-M4
Added Pin To Net: NetName=DGND Pin=U1-M5
Added Pin To Net: NetName=IOB3_9 Pin=U1-M6
Added Pin To Net: NetName=IOB3_11 Pin=U1-M7
Added Pin To Net: NetName=IOB3_20 Pin=U1-M8
Added Pin To Net: NetName=1.2V_DIG Pin=U1-M9
Added Pin To Net: NetName=IOB4_11 Pin=U1-M10
Added Pin To Net: NetName=1.2V_DIG Pin=U1-M11
Added Pin To Net: NetName=DGND Pin=U1-M12
Added Pin To Net: NetName=DGND Pin=U1-M13
Added Pin To Net: NetName=3.3V_DIG Pin=U1-M14
Added Pin To Net: NetName=IOB2_8 Pin=U1-N1
Added Pin To Net: NetName=IOB2_7 Pin=U1-N2
Added Pin To Net: NetName=IOB3_0 Pin=U1-N3
Added Pin To Net: NetName=1.2V_DIG Pin=U1-N4
Added Pin To Net: NetName=IOB3_7 Pin=U1-N5
Added Pin To Net: NetName=IOB3_8 Pin=U1-N6
Added Pin To Net: NetName=DGND Pin=U1-N7
Added Pin To Net: NetName=IOB3_21 Pin=U1-N8
Added Pin To Net: NetName=IOB4_0 Pin=U1-N9
Added Pin To Net: NetName=DGND Pin=U1-N10
Added Pin To Net: NetName=IOB4_12 Pin=U1-N11
Added Pin To Net: NetName=IOB4_15 Pin=U1-N12
Added Pin To Net: NetName=1.2V_DIG Pin=U1-N13
Added Pin To Net: NetName=IOB5_0 Pin=U1-N14
Added Pin To Net: NetName=IOB5_5 Pin=U1-N15
Added Pin To Net: NetName=IOB5_4 Pin=U1-N16
Added Pin To Net: NetName=IOB2_13 Pin=U1-P1
Added Pin To Net: NetName=IOB2_12 Pin=U1-P2
Added Pin To Net: NetName=IOB3_1 Pin=U1-P3
Added Pin To Net: NetName=3.3V_DIG Pin=U1-P4
Added Pin To Net: NetName=DGND Pin=U1-P5
Added Pin To Net: NetName=IOB3_10 Pin=U1-P6
Added Pin To Net: NetName=3.3V_DIG Pin=U1-P7
Added Pin To Net: NetName=IOB3_22 Pin=U1-P8
Added Pin To Net: NetName=IOB4_7 Pin=U1-P9
Added Pin To Net: NetName=3.3V_DIG Pin=U1-P10
Added Pin To Net: NetName=IOB4_8 Pin=U1-P11
Added Pin To Net: NetName=DGND Pin=U1-P12
Added Pin To Net: NetName=3.3V_DIG Pin=U1-P13
Added Pin To Net: NetName=IOB4_16 Pin=U1-P14
Added Pin To Net: NetName=IOB5_1 Pin=U1-P15
Added Pin To Net: NetName=IOB5_2 Pin=U1-P16
Added Pin To Net: NetName=IOB2_11 Pin=U1-R1
Added Pin To Net: NetName=DGND Pin=U1-R2
Added Pin To Net: NetName=IOB3_2 Pin=U1-R3
Added Pin To Net: NetName=IOB3_5 Pin=U1-R4
Added Pin To Net: NetName=IOB3_12 Pin=U1-R5
Added Pin To Net: NetName=IOB3_14 Pin=U1-R6
Added Pin To Net: NetName=IOB3_17 Pin=U1-R7
Added Pin To Net: NetName=IOB4_1 Pin=U1-R10
Added Pin To Net: NetName=IOB4_3 Pin=U1-R11
Added Pin To Net: NetName=IOB4_5 Pin=U1-R12
Added Pin To Net: NetName=IOB4_9 Pin=U1-R13
Added Pin To Net: NetName=IOB4_17 Pin=U1-R14
Added Pin To Net: NetName=DGND Pin=U1-R15
Added Pin To Net: NetName=IOB5_3 Pin=U1-R16
Added Pin To Net: NetName=3.3V_DIG Pin=U1-T1
Added Pin To Net: NetName=IOB3_4 Pin=U1-T2
Added Pin To Net: NetName=IOB3_3 Pin=U1-T3
Added Pin To Net: NetName=IOB3_6 Pin=U1-T4
Added Pin To Net: NetName=IOB3_13 Pin=U1-T5
Added Pin To Net: NetName=IOB3_15 Pin=U1-T6
Added Pin To Net: NetName=IOB3_18 Pin=U1-T7
Added Pin To Net: NetName=IOB4_2 Pin=U1-T10
Added Pin To Net: NetName=IOB4_4 Pin=U1-T11
Added Pin To Net: NetName=IOB4_6 Pin=U1-T12
Added Pin To Net: NetName=IOB4_10 Pin=U1-T13
Added Pin To Net: NetName=IOB4_13 Pin=U1-T14
Added Pin To Net: NetName=IOB4_14 Pin=U1-T15
Added Pin To Net: NetName=3.3V_DIG Pin=U1-T16
Added Pin To Net: NetName=DGND Pin=U23-1
Added Pin To Net: NetName=NetD6_2 Pin=U23-8
Added Pin To Net: NetName=NetD8_2 Pin=U23-9
Added Pin To Net: NetName=NetD7_2 Pin=U23-10
Added Pin To Net: NetName=NetD5_2 Pin=U23-11
Added Pin To Net: NetName=3.3V_DIG Pin=U23-16
Added Pin To Net: NetName=NetD9_2 Pin=D9-2
Added Pin To Net: NetName=NetD9_2 Pin=U23-5
Added Net: Name=NetD9_2
Added Pin To Net: NetName=NetD10_2 Pin=D10-2
Added Pin To Net: NetName=NetD10_2 Pin=U23-6
Added Net: Name=NetD10_2
Added Pin To Net: NetName=NetD11_2 Pin=D11-2
Added Pin To Net: NetName=NetD11_2 Pin=U23-12
Added Net: Name=NetD11_2
Added Pin To Net: NetName=NetD12_2 Pin=D12-2
Added Pin To Net: NetName=NetD12_2 Pin=U23-7
Added Net: Name=NetD12_2
Added Pin To Net: NetName=NetR9_2 Pin=R9-2
Added Pin To Net: NetName=NetR9_2 Pin=U23-15
Added Net: Name=NetR9_2
Added Member To Class: ClassName=FPGA Member=Component C1 Cap Semi
Added Member To Class: ClassName=DDS_RIKEN_main Member=Component C69 Cap Semi
Added Member To Class: ClassName=FPGA Member=Component D1 1PS76SB17
Added Member To Class: ClassName=FPGA Member=Component D2 1PS76SB17
Added Member To Class: ClassName=FPGA Member=Component D3 1PS76SB17
Added Member To Class: ClassName=FPGA Member=Component D4 1PS76SB17
Added Member To Class: ClassName=DDS_RIKEN_main Member=Component D9 LED3
Added Member To Class: ClassName=DDS_RIKEN_main Member=Component D10 LED3
Added Member To Class: ClassName=DDS_RIKEN_main Member=Component D11 LED3
Added Member To Class: ClassName=DDS_RIKEN_main Member=Component D12 LED3
Added Member To Class: ClassName=FPGA Member=Component R2 
Added Member To Class: ClassName=DDS_RIKEN_main Member=Component R9 
Added Member To Class: ClassName=FPGA Member=Component U2 EPCS16SI8N
Added Member To Class: ClassName=DDS_RIKEN_main Member=Component U23 TLC5917
