Removed Pin From Net: NetName=8V_BUS Pin=J?-1
Removed Pin From Net: NetName=AGND Pin=J?-2
Change Component Designator: OldDesignator=J? NewDesignator=J1
Added Component: Designator=J2(1-145154-2)
Added Component: Designator=J3(1-145154-2)
Added Component: Designator=J4(1-145154-2)
Added Component: Designator=J5(1-145154-2)
Added Component: Designator=J6(1-145154-2)
Added Component: Designator=J7(1-145154-2)
Added Component: Designator=J8(1-145154-2)
Added Component: Designator=J9(1-145154-2)
Added Component: Designator=J10(1-145154-2)
Added Component: Designator=J11(1-145154-2)
Added Component: Designator=J12(1-145154-2)
Added Component: Designator=J13(1-145154-2)
Added Component: Designator=J14(1-145154-2)
Added Component: Designator=J15(1-145154-2)
Added Component: Designator=J16(1-145154-2)
Added Pin To Net: NetName=AGND Pin=J1-57
Added Pin To Net: NetName=AGND Pin=J1-59
Added Pin To Net: NetName=8V_BUS Pin=J1-60
Added Pin To Net: NetName=AGND Pin=J1-117
Added Pin To Net: NetName=AGND Pin=J1-119
Added Pin To Net: NetName=8V_BUS Pin=J1-120
Added Pin To Net: NetName=AGND Pin=J2-57
Added Pin To Net: NetName=AGND Pin=J2-59
Added Pin To Net: NetName=8V_BUS Pin=J2-60
Added Pin To Net: NetName=AGND Pin=J2-117
Added Pin To Net: NetName=AGND Pin=J2-119
Added Pin To Net: NetName=8V_BUS Pin=J2-120
Added Pin To Net: NetName=AGND Pin=J3-57
Added Pin To Net: NetName=AGND Pin=J3-59
Added Pin To Net: NetName=8V_BUS Pin=J3-60
Added Pin To Net: NetName=AGND Pin=J3-117
Added Pin To Net: NetName=AGND Pin=J3-119
Added Pin To Net: NetName=8V_BUS Pin=J3-120
Added Pin To Net: NetName=AGND Pin=J4-57
Added Pin To Net: NetName=AGND Pin=J4-59
Added Pin To Net: NetName=8V_BUS Pin=J4-60
Added Pin To Net: NetName=AGND Pin=J4-117
Added Pin To Net: NetName=AGND Pin=J4-119
Added Pin To Net: NetName=8V_BUS Pin=J4-120
Added Pin To Net: NetName=AGND Pin=J5-57
Added Pin To Net: NetName=AGND Pin=J5-59
Added Pin To Net: NetName=8V_BUS Pin=J5-60
Added Pin To Net: NetName=AGND Pin=J5-117
Added Pin To Net: NetName=AGND Pin=J5-119
Added Pin To Net: NetName=8V_BUS Pin=J5-120
Added Pin To Net: NetName=AGND Pin=J6-57
Added Pin To Net: NetName=AGND Pin=J6-59
Added Pin To Net: NetName=8V_BUS Pin=J6-60
Added Pin To Net: NetName=AGND Pin=J6-117
Added Pin To Net: NetName=AGND Pin=J6-119
Added Pin To Net: NetName=8V_BUS Pin=J6-120
Added Pin To Net: NetName=AGND Pin=J7-57
Added Pin To Net: NetName=AGND Pin=J7-59
Added Pin To Net: NetName=8V_BUS Pin=J7-60
Added Pin To Net: NetName=AGND Pin=J7-117
Added Pin To Net: NetName=AGND Pin=J7-119
Added Pin To Net: NetName=8V_BUS Pin=J7-120
Added Pin To Net: NetName=AGND Pin=J8-57
Added Pin To Net: NetName=AGND Pin=J8-59
Added Pin To Net: NetName=8V_BUS Pin=J8-60
Added Pin To Net: NetName=AGND Pin=J8-117
Added Pin To Net: NetName=AGND Pin=J8-119
Added Pin To Net: NetName=8V_BUS Pin=J8-120
Added Pin To Net: NetName=AGND Pin=J9-57
Added Pin To Net: NetName=AGND Pin=J9-59
Added Pin To Net: NetName=8V_BUS Pin=J9-60
Added Pin To Net: NetName=AGND Pin=J9-117
Added Pin To Net: NetName=AGND Pin=J9-119
Added Pin To Net: NetName=8V_BUS Pin=J9-120
Added Pin To Net: NetName=AGND Pin=J10-57
Added Pin To Net: NetName=AGND Pin=J10-59
Added Pin To Net: NetName=8V_BUS Pin=J10-60
Added Pin To Net: NetName=AGND Pin=J10-117
Added Pin To Net: NetName=AGND Pin=J10-119
Added Pin To Net: NetName=8V_BUS Pin=J10-120
Added Pin To Net: NetName=AGND Pin=J11-57
Added Pin To Net: NetName=AGND Pin=J11-59
Added Pin To Net: NetName=8V_BUS Pin=J11-60
Added Pin To Net: NetName=AGND Pin=J11-117
Added Pin To Net: NetName=AGND Pin=J11-119
Added Pin To Net: NetName=8V_BUS Pin=J11-120
Added Pin To Net: NetName=AGND Pin=J12-57
Added Pin To Net: NetName=AGND Pin=J12-59
Added Pin To Net: NetName=8V_BUS Pin=J12-60
Added Pin To Net: NetName=AGND Pin=J12-117
Added Pin To Net: NetName=AGND Pin=J12-119
Added Pin To Net: NetName=8V_BUS Pin=J12-120
Added Pin To Net: NetName=AGND Pin=J13-57
Added Pin To Net: NetName=AGND Pin=J13-59
Added Pin To Net: NetName=8V_BUS Pin=J13-60
Added Pin To Net: NetName=AGND Pin=J13-117
Added Pin To Net: NetName=AGND Pin=J13-119
Added Pin To Net: NetName=8V_BUS Pin=J13-120
Added Pin To Net: NetName=AGND Pin=J14-57
Added Pin To Net: NetName=AGND Pin=J14-59
Added Pin To Net: NetName=8V_BUS Pin=J14-60
Added Pin To Net: NetName=AGND Pin=J14-117
Added Pin To Net: NetName=AGND Pin=J14-119
Added Pin To Net: NetName=8V_BUS Pin=J14-120
Added Pin To Net: NetName=AGND Pin=J15-57
Added Pin To Net: NetName=AGND Pin=J15-59
Added Pin To Net: NetName=8V_BUS Pin=J15-60
Added Pin To Net: NetName=AGND Pin=J15-117
Added Pin To Net: NetName=AGND Pin=J15-119
Added Pin To Net: NetName=8V_BUS Pin=J15-120
Added Pin To Net: NetName=AGND Pin=J16-57
Added Pin To Net: NetName=AGND Pin=J16-59
Added Pin To Net: NetName=8V_BUS Pin=J16-60
Added Pin To Net: NetName=AGND Pin=J16-117
Added Pin To Net: NetName=AGND Pin=J16-119
Added Pin To Net: NetName=8V_BUS Pin=J16-120
Added Pin To Net: NetName=5V_ANA_BUS Pin=J1-58
Added Pin To Net: NetName=5V_ANA_BUS Pin=J1-118
Added Pin To Net: NetName=5V_ANA_BUS Pin=J2-58
Added Pin To Net: NetName=5V_ANA_BUS Pin=J2-118
Added Pin To Net: NetName=5V_ANA_BUS Pin=J3-58
Added Pin To Net: NetName=5V_ANA_BUS Pin=J3-118
Added Pin To Net: NetName=5V_ANA_BUS Pin=J4-58
Added Pin To Net: NetName=5V_ANA_BUS Pin=J4-118
Added Pin To Net: NetName=5V_ANA_BUS Pin=J5-58
Added Pin To Net: NetName=5V_ANA_BUS Pin=J5-118
Added Pin To Net: NetName=5V_ANA_BUS Pin=J6-58
Added Pin To Net: NetName=5V_ANA_BUS Pin=J6-118
Added Pin To Net: NetName=5V_ANA_BUS Pin=J7-58
Added Pin To Net: NetName=5V_ANA_BUS Pin=J7-118
Added Pin To Net: NetName=5V_ANA_BUS Pin=J8-58
Added Pin To Net: NetName=5V_ANA_BUS Pin=J8-118
Added Pin To Net: NetName=5V_ANA_BUS Pin=J9-58
Added Pin To Net: NetName=5V_ANA_BUS Pin=J9-118
Added Pin To Net: NetName=5V_ANA_BUS Pin=J10-58
Added Pin To Net: NetName=5V_ANA_BUS Pin=J10-118
Added Pin To Net: NetName=5V_ANA_BUS Pin=J11-58
Added Pin To Net: NetName=5V_ANA_BUS Pin=J11-118
Added Pin To Net: NetName=5V_ANA_BUS Pin=J12-58
Added Pin To Net: NetName=5V_ANA_BUS Pin=J12-118
Added Pin To Net: NetName=5V_ANA_BUS Pin=J13-58
Added Pin To Net: NetName=5V_ANA_BUS Pin=J13-118
Added Pin To Net: NetName=5V_ANA_BUS Pin=J14-58
Added Pin To Net: NetName=5V_ANA_BUS Pin=J14-118
Added Pin To Net: NetName=5V_ANA_BUS Pin=J15-58
Added Pin To Net: NetName=5V_ANA_BUS Pin=J15-118
Added Pin To Net: NetName=5V_ANA_BUS Pin=J16-58
Added Pin To Net: NetName=5V_ANA_BUS Pin=J16-118
Added Net: Name=5V_ANA_BUS
Added Pin To Net: NetName=5V_DIG_BUS Pin=J1-1
Added Pin To Net: NetName=5V_DIG_BUS Pin=J1-61
Added Pin To Net: NetName=5V_DIG_BUS Pin=J2-1
Added Pin To Net: NetName=5V_DIG_BUS Pin=J2-61
Added Pin To Net: NetName=5V_DIG_BUS Pin=J3-1
Added Pin To Net: NetName=5V_DIG_BUS Pin=J3-61
Added Pin To Net: NetName=5V_DIG_BUS Pin=J4-1
Added Pin To Net: NetName=5V_DIG_BUS Pin=J4-61
Added Pin To Net: NetName=5V_DIG_BUS Pin=J5-1
Added Pin To Net: NetName=5V_DIG_BUS Pin=J5-61
Added Pin To Net: NetName=5V_DIG_BUS Pin=J6-1
Added Pin To Net: NetName=5V_DIG_BUS Pin=J6-61
Added Pin To Net: NetName=5V_DIG_BUS Pin=J7-1
Added Pin To Net: NetName=5V_DIG_BUS Pin=J7-61
Added Pin To Net: NetName=5V_DIG_BUS Pin=J8-1
Added Pin To Net: NetName=5V_DIG_BUS Pin=J8-61
Added Pin To Net: NetName=5V_DIG_BUS Pin=J9-1
Added Pin To Net: NetName=5V_DIG_BUS Pin=J9-61
Added Pin To Net: NetName=5V_DIG_BUS Pin=J10-1
Added Pin To Net: NetName=5V_DIG_BUS Pin=J10-61
Added Pin To Net: NetName=5V_DIG_BUS Pin=J11-1
Added Pin To Net: NetName=5V_DIG_BUS Pin=J11-61
Added Pin To Net: NetName=5V_DIG_BUS Pin=J12-1
Added Pin To Net: NetName=5V_DIG_BUS Pin=J12-61
Added Pin To Net: NetName=5V_DIG_BUS Pin=J13-1
Added Pin To Net: NetName=5V_DIG_BUS Pin=J13-61
Added Pin To Net: NetName=5V_DIG_BUS Pin=J14-1
Added Pin To Net: NetName=5V_DIG_BUS Pin=J14-61
Added Pin To Net: NetName=5V_DIG_BUS Pin=J15-1
Added Pin To Net: NetName=5V_DIG_BUS Pin=J15-61
Added Pin To Net: NetName=5V_DIG_BUS Pin=J16-1
Added Pin To Net: NetName=5V_DIG_BUS Pin=J16-61
Added Net: Name=5V_DIG_BUS
Added Pin To Net: NetName=BUS0_N Pin=J1-52
Added Pin To Net: NetName=BUS0_N Pin=J2-52
Added Pin To Net: NetName=BUS0_N Pin=J3-52
Added Pin To Net: NetName=BUS0_N Pin=J4-52
Added Pin To Net: NetName=BUS0_N Pin=J5-52
Added Pin To Net: NetName=BUS0_N Pin=J6-52
Added Pin To Net: NetName=BUS0_N Pin=J7-52
Added Pin To Net: NetName=BUS0_N Pin=J8-52
Added Pin To Net: NetName=BUS0_N Pin=J9-52
Added Pin To Net: NetName=BUS0_N Pin=J10-52
Added Pin To Net: NetName=BUS0_N Pin=J11-52
Added Pin To Net: NetName=BUS0_N Pin=J12-52
Added Pin To Net: NetName=BUS0_N Pin=J13-52
Added Pin To Net: NetName=BUS0_N Pin=J14-52
Added Pin To Net: NetName=BUS0_N Pin=J15-52
Added Pin To Net: NetName=BUS0_N Pin=J16-52
Added Net: Name=BUS0_N
Added Pin To Net: NetName=BUS0_P Pin=J1-51
Added Pin To Net: NetName=BUS0_P Pin=J2-51
Added Pin To Net: NetName=BUS0_P Pin=J3-51
Added Pin To Net: NetName=BUS0_P Pin=J4-51
Added Pin To Net: NetName=BUS0_P Pin=J5-51
Added Pin To Net: NetName=BUS0_P Pin=J6-51
Added Pin To Net: NetName=BUS0_P Pin=J7-51
Added Pin To Net: NetName=BUS0_P Pin=J8-51
Added Pin To Net: NetName=BUS0_P Pin=J9-51
Added Pin To Net: NetName=BUS0_P Pin=J10-51
Added Pin To Net: NetName=BUS0_P Pin=J11-51
Added Pin To Net: NetName=BUS0_P Pin=J12-51
Added Pin To Net: NetName=BUS0_P Pin=J13-51
Added Pin To Net: NetName=BUS0_P Pin=J14-51
Added Pin To Net: NetName=BUS0_P Pin=J15-51
Added Pin To Net: NetName=BUS0_P Pin=J16-51
Added Net: Name=BUS0_P
Added Pin To Net: NetName=BUS1_N Pin=J1-49
Added Pin To Net: NetName=BUS1_N Pin=J2-49
Added Pin To Net: NetName=BUS1_N Pin=J3-49
Added Pin To Net: NetName=BUS1_N Pin=J4-49
Added Pin To Net: NetName=BUS1_N Pin=J5-49
Added Pin To Net: NetName=BUS1_N Pin=J6-49
Added Pin To Net: NetName=BUS1_N Pin=J7-49
Added Pin To Net: NetName=BUS1_N Pin=J8-49
Added Pin To Net: NetName=BUS1_N Pin=J9-49
Added Pin To Net: NetName=BUS1_N Pin=J10-49
Added Pin To Net: NetName=BUS1_N Pin=J11-49
Added Pin To Net: NetName=BUS1_N Pin=J12-49
Added Pin To Net: NetName=BUS1_N Pin=J13-49
Added Pin To Net: NetName=BUS1_N Pin=J14-49
Added Pin To Net: NetName=BUS1_N Pin=J15-49
Added Pin To Net: NetName=BUS1_N Pin=J16-49
Added Net: Name=BUS1_N
Added Pin To Net: NetName=BUS1_P Pin=J1-50
Added Pin To Net: NetName=BUS1_P Pin=J2-50
Added Pin To Net: NetName=BUS1_P Pin=J3-50
Added Pin To Net: NetName=BUS1_P Pin=J4-50
Added Pin To Net: NetName=BUS1_P Pin=J5-50
Added Pin To Net: NetName=BUS1_P Pin=J6-50
Added Pin To Net: NetName=BUS1_P Pin=J7-50
Added Pin To Net: NetName=BUS1_P Pin=J8-50
Added Pin To Net: NetName=BUS1_P Pin=J9-50
Added Pin To Net: NetName=BUS1_P Pin=J10-50
Added Pin To Net: NetName=BUS1_P Pin=J11-50
Added Pin To Net: NetName=BUS1_P Pin=J12-50
Added Pin To Net: NetName=BUS1_P Pin=J13-50
Added Pin To Net: NetName=BUS1_P Pin=J14-50
Added Pin To Net: NetName=BUS1_P Pin=J15-50
Added Pin To Net: NetName=BUS1_P Pin=J16-50
Added Net: Name=BUS1_P
Added Pin To Net: NetName=BUS2_N Pin=J1-56
Added Pin To Net: NetName=BUS2_N Pin=J2-56
Added Pin To Net: NetName=BUS2_N Pin=J3-56
Added Pin To Net: NetName=BUS2_N Pin=J4-56
Added Pin To Net: NetName=BUS2_N Pin=J5-56
Added Pin To Net: NetName=BUS2_N Pin=J6-56
Added Pin To Net: NetName=BUS2_N Pin=J7-56
Added Pin To Net: NetName=BUS2_N Pin=J8-56
Added Pin To Net: NetName=BUS2_N Pin=J9-56
Added Pin To Net: NetName=BUS2_N Pin=J10-56
Added Pin To Net: NetName=BUS2_N Pin=J11-56
Added Pin To Net: NetName=BUS2_N Pin=J12-56
Added Pin To Net: NetName=BUS2_N Pin=J13-56
Added Pin To Net: NetName=BUS2_N Pin=J14-56
Added Pin To Net: NetName=BUS2_N Pin=J15-56
Added Pin To Net: NetName=BUS2_N Pin=J16-56
Added Net: Name=BUS2_N
Added Pin To Net: NetName=BUS2_P Pin=J1-55
Added Pin To Net: NetName=BUS2_P Pin=J2-55
Added Pin To Net: NetName=BUS2_P Pin=J3-55
Added Pin To Net: NetName=BUS2_P Pin=J4-55
Added Pin To Net: NetName=BUS2_P Pin=J5-55
Added Pin To Net: NetName=BUS2_P Pin=J6-55
Added Pin To Net: NetName=BUS2_P Pin=J7-55
Added Pin To Net: NetName=BUS2_P Pin=J8-55
Added Pin To Net: NetName=BUS2_P Pin=J9-55
Added Pin To Net: NetName=BUS2_P Pin=J10-55
Added Pin To Net: NetName=BUS2_P Pin=J11-55
Added Pin To Net: NetName=BUS2_P Pin=J12-55
Added Pin To Net: NetName=BUS2_P Pin=J13-55
Added Pin To Net: NetName=BUS2_P Pin=J14-55
Added Pin To Net: NetName=BUS2_P Pin=J15-55
Added Pin To Net: NetName=BUS2_P Pin=J16-55
Added Net: Name=BUS2_P
Added Pin To Net: NetName=BUS3_N Pin=J1-53
Added Pin To Net: NetName=BUS3_N Pin=J2-53
Added Pin To Net: NetName=BUS3_N Pin=J3-53
Added Pin To Net: NetName=BUS3_N Pin=J4-53
Added Pin To Net: NetName=BUS3_N Pin=J5-53
Added Pin To Net: NetName=BUS3_N Pin=J6-53
Added Pin To Net: NetName=BUS3_N Pin=J7-53
Added Pin To Net: NetName=BUS3_N Pin=J8-53
Added Pin To Net: NetName=BUS3_N Pin=J9-53
Added Pin To Net: NetName=BUS3_N Pin=J10-53
Added Pin To Net: NetName=BUS3_N Pin=J11-53
Added Pin To Net: NetName=BUS3_N Pin=J12-53
Added Pin To Net: NetName=BUS3_N Pin=J13-53
Added Pin To Net: NetName=BUS3_N Pin=J14-53
Added Pin To Net: NetName=BUS3_N Pin=J15-53
Added Pin To Net: NetName=BUS3_N Pin=J16-53
Added Net: Name=BUS3_N
Added Pin To Net: NetName=BUS3_P Pin=J1-54
Added Pin To Net: NetName=BUS3_P Pin=J2-54
Added Pin To Net: NetName=BUS3_P Pin=J3-54
Added Pin To Net: NetName=BUS3_P Pin=J4-54
Added Pin To Net: NetName=BUS3_P Pin=J5-54
Added Pin To Net: NetName=BUS3_P Pin=J6-54
Added Pin To Net: NetName=BUS3_P Pin=J7-54
Added Pin To Net: NetName=BUS3_P Pin=J8-54
Added Pin To Net: NetName=BUS3_P Pin=J9-54
Added Pin To Net: NetName=BUS3_P Pin=J10-54
Added Pin To Net: NetName=BUS3_P Pin=J11-54
Added Pin To Net: NetName=BUS3_P Pin=J12-54
Added Pin To Net: NetName=BUS3_P Pin=J13-54
Added Pin To Net: NetName=BUS3_P Pin=J14-54
Added Pin To Net: NetName=BUS3_P Pin=J15-54
Added Pin To Net: NetName=BUS3_P Pin=J16-54
Added Net: Name=BUS3_P
Added Pin To Net: NetName=BUS4_N Pin=J1-43
Added Pin To Net: NetName=BUS4_N Pin=J2-43
Added Pin To Net: NetName=BUS4_N Pin=J3-43
Added Pin To Net: NetName=BUS4_N Pin=J4-43
Added Pin To Net: NetName=BUS4_N Pin=J5-43
Added Pin To Net: NetName=BUS4_N Pin=J6-43
Added Pin To Net: NetName=BUS4_N Pin=J7-43
Added Pin To Net: NetName=BUS4_N Pin=J8-43
Added Pin To Net: NetName=BUS4_N Pin=J9-43
Added Pin To Net: NetName=BUS4_N Pin=J10-43
Added Pin To Net: NetName=BUS4_N Pin=J11-43
Added Pin To Net: NetName=BUS4_N Pin=J12-43
Added Pin To Net: NetName=BUS4_N Pin=J13-43
Added Pin To Net: NetName=BUS4_N Pin=J14-43
Added Pin To Net: NetName=BUS4_N Pin=J15-43
Added Pin To Net: NetName=BUS4_N Pin=J16-43
Added Net: Name=BUS4_N
Added Pin To Net: NetName=BUS4_P Pin=J1-42
Added Pin To Net: NetName=BUS4_P Pin=J2-42
Added Pin To Net: NetName=BUS4_P Pin=J3-42
Added Pin To Net: NetName=BUS4_P Pin=J4-42
Added Pin To Net: NetName=BUS4_P Pin=J5-42
Added Pin To Net: NetName=BUS4_P Pin=J6-42
Added Pin To Net: NetName=BUS4_P Pin=J7-42
Added Pin To Net: NetName=BUS4_P Pin=J8-42
Added Pin To Net: NetName=BUS4_P Pin=J9-42
Added Pin To Net: NetName=BUS4_P Pin=J10-42
Added Pin To Net: NetName=BUS4_P Pin=J11-42
Added Pin To Net: NetName=BUS4_P Pin=J12-42
Added Pin To Net: NetName=BUS4_P Pin=J13-42
Added Pin To Net: NetName=BUS4_P Pin=J14-42
Added Pin To Net: NetName=BUS4_P Pin=J15-42
Added Pin To Net: NetName=BUS4_P Pin=J16-42
Added Net: Name=BUS4_P
Added Pin To Net: NetName=BUS5_N Pin=J1-40
Added Pin To Net: NetName=BUS5_N Pin=J2-40
Added Pin To Net: NetName=BUS5_N Pin=J3-40
Added Pin To Net: NetName=BUS5_N Pin=J4-40
Added Pin To Net: NetName=BUS5_N Pin=J5-40
Added Pin To Net: NetName=BUS5_N Pin=J6-40
Added Pin To Net: NetName=BUS5_N Pin=J7-40
Added Pin To Net: NetName=BUS5_N Pin=J8-40
Added Pin To Net: NetName=BUS5_N Pin=J9-40
Added Pin To Net: NetName=BUS5_N Pin=J10-40
Added Pin To Net: NetName=BUS5_N Pin=J11-40
Added Pin To Net: NetName=BUS5_N Pin=J12-40
Added Pin To Net: NetName=BUS5_N Pin=J13-40
Added Pin To Net: NetName=BUS5_N Pin=J14-40
Added Pin To Net: NetName=BUS5_N Pin=J15-40
Added Pin To Net: NetName=BUS5_N Pin=J16-40
Added Net: Name=BUS5_N
Added Pin To Net: NetName=BUS5_P Pin=J1-41
Added Pin To Net: NetName=BUS5_P Pin=J2-41
Added Pin To Net: NetName=BUS5_P Pin=J3-41
Added Pin To Net: NetName=BUS5_P Pin=J4-41
Added Pin To Net: NetName=BUS5_P Pin=J5-41
Added Pin To Net: NetName=BUS5_P Pin=J6-41
Added Pin To Net: NetName=BUS5_P Pin=J7-41
Added Pin To Net: NetName=BUS5_P Pin=J8-41
Added Pin To Net: NetName=BUS5_P Pin=J9-41
Added Pin To Net: NetName=BUS5_P Pin=J10-41
Added Pin To Net: NetName=BUS5_P Pin=J11-41
Added Pin To Net: NetName=BUS5_P Pin=J12-41
Added Pin To Net: NetName=BUS5_P Pin=J13-41
Added Pin To Net: NetName=BUS5_P Pin=J14-41
Added Pin To Net: NetName=BUS5_P Pin=J15-41
Added Pin To Net: NetName=BUS5_P Pin=J16-41
Added Net: Name=BUS5_P
Added Pin To Net: NetName=BUS6_N Pin=J1-47
Added Pin To Net: NetName=BUS6_N Pin=J2-47
Added Pin To Net: NetName=BUS6_N Pin=J3-47
Added Pin To Net: NetName=BUS6_N Pin=J4-47
Added Pin To Net: NetName=BUS6_N Pin=J5-47
Added Pin To Net: NetName=BUS6_N Pin=J6-47
Added Pin To Net: NetName=BUS6_N Pin=J7-47
Added Pin To Net: NetName=BUS6_N Pin=J8-47
Added Pin To Net: NetName=BUS6_N Pin=J9-47
Added Pin To Net: NetName=BUS6_N Pin=J10-47
Added Pin To Net: NetName=BUS6_N Pin=J11-47
Added Pin To Net: NetName=BUS6_N Pin=J12-47
Added Pin To Net: NetName=BUS6_N Pin=J13-47
Added Pin To Net: NetName=BUS6_N Pin=J14-47
Added Pin To Net: NetName=BUS6_N Pin=J15-47
Added Pin To Net: NetName=BUS6_N Pin=J16-47
Added Net: Name=BUS6_N
Added Pin To Net: NetName=BUS6_P Pin=J1-46
Added Pin To Net: NetName=BUS6_P Pin=J2-46
Added Pin To Net: NetName=BUS6_P Pin=J3-46
Added Pin To Net: NetName=BUS6_P Pin=J4-46
Added Pin To Net: NetName=BUS6_P Pin=J5-46
Added Pin To Net: NetName=BUS6_P Pin=J6-46
Added Pin To Net: NetName=BUS6_P Pin=J7-46
Added Pin To Net: NetName=BUS6_P Pin=J8-46
Added Pin To Net: NetName=BUS6_P Pin=J9-46
Added Pin To Net: NetName=BUS6_P Pin=J10-46
Added Pin To Net: NetName=BUS6_P Pin=J11-46
Added Pin To Net: NetName=BUS6_P Pin=J12-46
Added Pin To Net: NetName=BUS6_P Pin=J13-46
Added Pin To Net: NetName=BUS6_P Pin=J14-46
Added Pin To Net: NetName=BUS6_P Pin=J15-46
Added Pin To Net: NetName=BUS6_P Pin=J16-46
Added Net: Name=BUS6_P
Added Pin To Net: NetName=BUS7_N Pin=J1-44
Added Pin To Net: NetName=BUS7_N Pin=J2-44
Added Pin To Net: NetName=BUS7_N Pin=J3-44
Added Pin To Net: NetName=BUS7_N Pin=J4-44
Added Pin To Net: NetName=BUS7_N Pin=J5-44
Added Pin To Net: NetName=BUS7_N Pin=J6-44
Added Pin To Net: NetName=BUS7_N Pin=J7-44
Added Pin To Net: NetName=BUS7_N Pin=J8-44
Added Pin To Net: NetName=BUS7_N Pin=J9-44
Added Pin To Net: NetName=BUS7_N Pin=J10-44
Added Pin To Net: NetName=BUS7_N Pin=J11-44
Added Pin To Net: NetName=BUS7_N Pin=J12-44
Added Pin To Net: NetName=BUS7_N Pin=J13-44
Added Pin To Net: NetName=BUS7_N Pin=J14-44
Added Pin To Net: NetName=BUS7_N Pin=J15-44
Added Pin To Net: NetName=BUS7_N Pin=J16-44
Added Net: Name=BUS7_N
Added Pin To Net: NetName=BUS7_P Pin=J1-45
Added Pin To Net: NetName=BUS7_P Pin=J2-45
Added Pin To Net: NetName=BUS7_P Pin=J3-45
Added Pin To Net: NetName=BUS7_P Pin=J4-45
Added Pin To Net: NetName=BUS7_P Pin=J5-45
Added Pin To Net: NetName=BUS7_P Pin=J6-45
Added Pin To Net: NetName=BUS7_P Pin=J7-45
Added Pin To Net: NetName=BUS7_P Pin=J8-45
Added Pin To Net: NetName=BUS7_P Pin=J9-45
Added Pin To Net: NetName=BUS7_P Pin=J10-45
Added Pin To Net: NetName=BUS7_P Pin=J11-45
Added Pin To Net: NetName=BUS7_P Pin=J12-45
Added Pin To Net: NetName=BUS7_P Pin=J13-45
Added Pin To Net: NetName=BUS7_P Pin=J14-45
Added Pin To Net: NetName=BUS7_P Pin=J15-45
Added Pin To Net: NetName=BUS7_P Pin=J16-45
Added Net: Name=BUS7_P
Added Pin To Net: NetName=BUS8_N Pin=J1-34
Added Pin To Net: NetName=BUS8_N Pin=J2-34
Added Pin To Net: NetName=BUS8_N Pin=J3-34
Added Pin To Net: NetName=BUS8_N Pin=J4-34
Added Pin To Net: NetName=BUS8_N Pin=J5-34
Added Pin To Net: NetName=BUS8_N Pin=J6-34
Added Pin To Net: NetName=BUS8_N Pin=J7-34
Added Pin To Net: NetName=BUS8_N Pin=J8-34
Added Pin To Net: NetName=BUS8_N Pin=J9-34
Added Pin To Net: NetName=BUS8_N Pin=J10-34
Added Pin To Net: NetName=BUS8_N Pin=J11-34
Added Pin To Net: NetName=BUS8_N Pin=J12-34
Added Pin To Net: NetName=BUS8_N Pin=J13-34
Added Pin To Net: NetName=BUS8_N Pin=J14-34
Added Pin To Net: NetName=BUS8_N Pin=J15-34
Added Pin To Net: NetName=BUS8_N Pin=J16-34
Added Net: Name=BUS8_N
Added Pin To Net: NetName=BUS8_P Pin=J1-33
Added Pin To Net: NetName=BUS8_P Pin=J2-33
Added Pin To Net: NetName=BUS8_P Pin=J3-33
Added Pin To Net: NetName=BUS8_P Pin=J4-33
Added Pin To Net: NetName=BUS8_P Pin=J5-33
Added Pin To Net: NetName=BUS8_P Pin=J6-33
Added Pin To Net: NetName=BUS8_P Pin=J7-33
Added Pin To Net: NetName=BUS8_P Pin=J8-33
Added Pin To Net: NetName=BUS8_P Pin=J9-33
Added Pin To Net: NetName=BUS8_P Pin=J10-33
Added Pin To Net: NetName=BUS8_P Pin=J11-33
Added Pin To Net: NetName=BUS8_P Pin=J12-33
Added Pin To Net: NetName=BUS8_P Pin=J13-33
Added Pin To Net: NetName=BUS8_P Pin=J14-33
Added Pin To Net: NetName=BUS8_P Pin=J15-33
Added Pin To Net: NetName=BUS8_P Pin=J16-33
Added Net: Name=BUS8_P
Added Pin To Net: NetName=BUS9_N Pin=J1-31
Added Pin To Net: NetName=BUS9_N Pin=J2-31
Added Pin To Net: NetName=BUS9_N Pin=J3-31
Added Pin To Net: NetName=BUS9_N Pin=J4-31
Added Pin To Net: NetName=BUS9_N Pin=J5-31
Added Pin To Net: NetName=BUS9_N Pin=J6-31
Added Pin To Net: NetName=BUS9_N Pin=J7-31
Added Pin To Net: NetName=BUS9_N Pin=J8-31
Added Pin To Net: NetName=BUS9_N Pin=J9-31
Added Pin To Net: NetName=BUS9_N Pin=J10-31
Added Pin To Net: NetName=BUS9_N Pin=J11-31
Added Pin To Net: NetName=BUS9_N Pin=J12-31
Added Pin To Net: NetName=BUS9_N Pin=J13-31
Added Pin To Net: NetName=BUS9_N Pin=J14-31
Added Pin To Net: NetName=BUS9_N Pin=J15-31
Added Pin To Net: NetName=BUS9_N Pin=J16-31
Added Net: Name=BUS9_N
Added Pin To Net: NetName=BUS9_P Pin=J1-32
Added Pin To Net: NetName=BUS9_P Pin=J2-32
Added Pin To Net: NetName=BUS9_P Pin=J3-32
Added Pin To Net: NetName=BUS9_P Pin=J4-32
Added Pin To Net: NetName=BUS9_P Pin=J5-32
Added Pin To Net: NetName=BUS9_P Pin=J6-32
Added Pin To Net: NetName=BUS9_P Pin=J7-32
Added Pin To Net: NetName=BUS9_P Pin=J8-32
Added Pin To Net: NetName=BUS9_P Pin=J9-32
Added Pin To Net: NetName=BUS9_P Pin=J10-32
Added Pin To Net: NetName=BUS9_P Pin=J11-32
Added Pin To Net: NetName=BUS9_P Pin=J12-32
Added Pin To Net: NetName=BUS9_P Pin=J13-32
Added Pin To Net: NetName=BUS9_P Pin=J14-32
Added Pin To Net: NetName=BUS9_P Pin=J15-32
Added Pin To Net: NetName=BUS9_P Pin=J16-32
Added Net: Name=BUS9_P
Added Pin To Net: NetName=BUS10_N Pin=J1-38
Added Pin To Net: NetName=BUS10_N Pin=J2-38
Added Pin To Net: NetName=BUS10_N Pin=J3-38
Added Pin To Net: NetName=BUS10_N Pin=J4-38
Added Pin To Net: NetName=BUS10_N Pin=J5-38
Added Pin To Net: NetName=BUS10_N Pin=J6-38
Added Pin To Net: NetName=BUS10_N Pin=J7-38
Added Pin To Net: NetName=BUS10_N Pin=J8-38
Added Pin To Net: NetName=BUS10_N Pin=J9-38
Added Pin To Net: NetName=BUS10_N Pin=J10-38
Added Pin To Net: NetName=BUS10_N Pin=J11-38
Added Pin To Net: NetName=BUS10_N Pin=J12-38
Added Pin To Net: NetName=BUS10_N Pin=J13-38
Added Pin To Net: NetName=BUS10_N Pin=J14-38
Added Pin To Net: NetName=BUS10_N Pin=J15-38
Added Pin To Net: NetName=BUS10_N Pin=J16-38
Added Net: Name=BUS10_N
Added Pin To Net: NetName=BUS10_P Pin=J1-37
Added Pin To Net: NetName=BUS10_P Pin=J2-37
Added Pin To Net: NetName=BUS10_P Pin=J3-37
Added Pin To Net: NetName=BUS10_P Pin=J4-37
Added Pin To Net: NetName=BUS10_P Pin=J5-37
Added Pin To Net: NetName=BUS10_P Pin=J6-37
Added Pin To Net: NetName=BUS10_P Pin=J7-37
Added Pin To Net: NetName=BUS10_P Pin=J8-37
Added Pin To Net: NetName=BUS10_P Pin=J9-37
Added Pin To Net: NetName=BUS10_P Pin=J10-37
Added Pin To Net: NetName=BUS10_P Pin=J11-37
Added Pin To Net: NetName=BUS10_P Pin=J12-37
Added Pin To Net: NetName=BUS10_P Pin=J13-37
Added Pin To Net: NetName=BUS10_P Pin=J14-37
Added Pin To Net: NetName=BUS10_P Pin=J15-37
Added Pin To Net: NetName=BUS10_P Pin=J16-37
Added Net: Name=BUS10_P
Added Pin To Net: NetName=BUS11_N Pin=J1-35
Added Pin To Net: NetName=BUS11_N Pin=J2-35
Added Pin To Net: NetName=BUS11_N Pin=J3-35
Added Pin To Net: NetName=BUS11_N Pin=J4-35
Added Pin To Net: NetName=BUS11_N Pin=J5-35
Added Pin To Net: NetName=BUS11_N Pin=J6-35
Added Pin To Net: NetName=BUS11_N Pin=J7-35
Added Pin To Net: NetName=BUS11_N Pin=J8-35
Added Pin To Net: NetName=BUS11_N Pin=J9-35
Added Pin To Net: NetName=BUS11_N Pin=J10-35
Added Pin To Net: NetName=BUS11_N Pin=J11-35
Added Pin To Net: NetName=BUS11_N Pin=J12-35
Added Pin To Net: NetName=BUS11_N Pin=J13-35
Added Pin To Net: NetName=BUS11_N Pin=J14-35
Added Pin To Net: NetName=BUS11_N Pin=J15-35
Added Pin To Net: NetName=BUS11_N Pin=J16-35
Added Net: Name=BUS11_N
Added Pin To Net: NetName=BUS11_P Pin=J1-36
Added Pin To Net: NetName=BUS11_P Pin=J2-36
Added Pin To Net: NetName=BUS11_P Pin=J3-36
Added Pin To Net: NetName=BUS11_P Pin=J4-36
Added Pin To Net: NetName=BUS11_P Pin=J5-36
Added Pin To Net: NetName=BUS11_P Pin=J6-36
Added Pin To Net: NetName=BUS11_P Pin=J7-36
Added Pin To Net: NetName=BUS11_P Pin=J8-36
Added Pin To Net: NetName=BUS11_P Pin=J9-36
Added Pin To Net: NetName=BUS11_P Pin=J10-36
Added Pin To Net: NetName=BUS11_P Pin=J11-36
Added Pin To Net: NetName=BUS11_P Pin=J12-36
Added Pin To Net: NetName=BUS11_P Pin=J13-36
Added Pin To Net: NetName=BUS11_P Pin=J14-36
Added Pin To Net: NetName=BUS11_P Pin=J15-36
Added Pin To Net: NetName=BUS11_P Pin=J16-36
Added Net: Name=BUS11_P
Added Pin To Net: NetName=BUS12_N Pin=J1-25
Added Pin To Net: NetName=BUS12_N Pin=J2-25
Added Pin To Net: NetName=BUS12_N Pin=J3-25
Added Pin To Net: NetName=BUS12_N Pin=J4-25
Added Pin To Net: NetName=BUS12_N Pin=J5-25
Added Pin To Net: NetName=BUS12_N Pin=J6-25
Added Pin To Net: NetName=BUS12_N Pin=J7-25
Added Pin To Net: NetName=BUS12_N Pin=J8-25
Added Pin To Net: NetName=BUS12_N Pin=J9-25
Added Pin To Net: NetName=BUS12_N Pin=J10-25
Added Pin To Net: NetName=BUS12_N Pin=J11-25
Added Pin To Net: NetName=BUS12_N Pin=J12-25
Added Pin To Net: NetName=BUS12_N Pin=J13-25
Added Pin To Net: NetName=BUS12_N Pin=J14-25
Added Pin To Net: NetName=BUS12_N Pin=J15-25
Added Pin To Net: NetName=BUS12_N Pin=J16-25
Added Net: Name=BUS12_N
Added Pin To Net: NetName=BUS12_P Pin=J1-24
Added Pin To Net: NetName=BUS12_P Pin=J2-24
Added Pin To Net: NetName=BUS12_P Pin=J3-24
Added Pin To Net: NetName=BUS12_P Pin=J4-24
Added Pin To Net: NetName=BUS12_P Pin=J5-24
Added Pin To Net: NetName=BUS12_P Pin=J6-24
Added Pin To Net: NetName=BUS12_P Pin=J7-24
Added Pin To Net: NetName=BUS12_P Pin=J8-24
Added Pin To Net: NetName=BUS12_P Pin=J9-24
Added Pin To Net: NetName=BUS12_P Pin=J10-24
Added Pin To Net: NetName=BUS12_P Pin=J11-24
Added Pin To Net: NetName=BUS12_P Pin=J12-24
Added Pin To Net: NetName=BUS12_P Pin=J13-24
Added Pin To Net: NetName=BUS12_P Pin=J14-24
Added Pin To Net: NetName=BUS12_P Pin=J15-24
Added Pin To Net: NetName=BUS12_P Pin=J16-24
Added Net: Name=BUS12_P
Added Pin To Net: NetName=BUS13_N Pin=J1-22
Added Pin To Net: NetName=BUS13_N Pin=J2-22
Added Pin To Net: NetName=BUS13_N Pin=J3-22
Added Pin To Net: NetName=BUS13_N Pin=J4-22
Added Pin To Net: NetName=BUS13_N Pin=J5-22
Added Pin To Net: NetName=BUS13_N Pin=J6-22
Added Pin To Net: NetName=BUS13_N Pin=J7-22
Added Pin To Net: NetName=BUS13_N Pin=J8-22
Added Pin To Net: NetName=BUS13_N Pin=J9-22
Added Pin To Net: NetName=BUS13_N Pin=J10-22
Added Pin To Net: NetName=BUS13_N Pin=J11-22
Added Pin To Net: NetName=BUS13_N Pin=J12-22
Added Pin To Net: NetName=BUS13_N Pin=J13-22
Added Pin To Net: NetName=BUS13_N Pin=J14-22
Added Pin To Net: NetName=BUS13_N Pin=J15-22
Added Pin To Net: NetName=BUS13_N Pin=J16-22
Added Net: Name=BUS13_N
Added Pin To Net: NetName=BUS13_P Pin=J1-23
Added Pin To Net: NetName=BUS13_P Pin=J2-23
Added Pin To Net: NetName=BUS13_P Pin=J3-23
Added Pin To Net: NetName=BUS13_P Pin=J4-23
Added Pin To Net: NetName=BUS13_P Pin=J5-23
Added Pin To Net: NetName=BUS13_P Pin=J6-23
Added Pin To Net: NetName=BUS13_P Pin=J7-23
Added Pin To Net: NetName=BUS13_P Pin=J8-23
Added Pin To Net: NetName=BUS13_P Pin=J9-23
Added Pin To Net: NetName=BUS13_P Pin=J10-23
Added Pin To Net: NetName=BUS13_P Pin=J11-23
Added Pin To Net: NetName=BUS13_P Pin=J12-23
Added Pin To Net: NetName=BUS13_P Pin=J13-23
Added Pin To Net: NetName=BUS13_P Pin=J14-23
Added Pin To Net: NetName=BUS13_P Pin=J15-23
Added Pin To Net: NetName=BUS13_P Pin=J16-23
Added Net: Name=BUS13_P
Added Pin To Net: NetName=BUS14_N Pin=J1-29
Added Pin To Net: NetName=BUS14_N Pin=J2-29
Added Pin To Net: NetName=BUS14_N Pin=J3-29
Added Pin To Net: NetName=BUS14_N Pin=J4-29
Added Pin To Net: NetName=BUS14_N Pin=J5-29
Added Pin To Net: NetName=BUS14_N Pin=J6-29
Added Pin To Net: NetName=BUS14_N Pin=J7-29
Added Pin To Net: NetName=BUS14_N Pin=J8-29
Added Pin To Net: NetName=BUS14_N Pin=J9-29
Added Pin To Net: NetName=BUS14_N Pin=J10-29
Added Pin To Net: NetName=BUS14_N Pin=J11-29
Added Pin To Net: NetName=BUS14_N Pin=J12-29
Added Pin To Net: NetName=BUS14_N Pin=J13-29
Added Pin To Net: NetName=BUS14_N Pin=J14-29
Added Pin To Net: NetName=BUS14_N Pin=J15-29
Added Pin To Net: NetName=BUS14_N Pin=J16-29
Added Net: Name=BUS14_N
Added Pin To Net: NetName=BUS14_P Pin=J1-28
Added Pin To Net: NetName=BUS14_P Pin=J2-28
Added Pin To Net: NetName=BUS14_P Pin=J3-28
Added Pin To Net: NetName=BUS14_P Pin=J4-28
Added Pin To Net: NetName=BUS14_P Pin=J5-28
Added Pin To Net: NetName=BUS14_P Pin=J6-28
Added Pin To Net: NetName=BUS14_P Pin=J7-28
Added Pin To Net: NetName=BUS14_P Pin=J8-28
Added Pin To Net: NetName=BUS14_P Pin=J9-28
Added Pin To Net: NetName=BUS14_P Pin=J10-28
Added Pin To Net: NetName=BUS14_P Pin=J11-28
Added Pin To Net: NetName=BUS14_P Pin=J12-28
Added Pin To Net: NetName=BUS14_P Pin=J13-28
Added Pin To Net: NetName=BUS14_P Pin=J14-28
Added Pin To Net: NetName=BUS14_P Pin=J15-28
Added Pin To Net: NetName=BUS14_P Pin=J16-28
Added Net: Name=BUS14_P
Added Pin To Net: NetName=BUS15_N Pin=J1-26
Added Pin To Net: NetName=BUS15_N Pin=J2-26
Added Pin To Net: NetName=BUS15_N Pin=J3-26
Added Pin To Net: NetName=BUS15_N Pin=J4-26
Added Pin To Net: NetName=BUS15_N Pin=J5-26
Added Pin To Net: NetName=BUS15_N Pin=J6-26
Added Pin To Net: NetName=BUS15_N Pin=J7-26
Added Pin To Net: NetName=BUS15_N Pin=J8-26
Added Pin To Net: NetName=BUS15_N Pin=J9-26
Added Pin To Net: NetName=BUS15_N Pin=J10-26
Added Pin To Net: NetName=BUS15_N Pin=J11-26
Added Pin To Net: NetName=BUS15_N Pin=J12-26
Added Pin To Net: NetName=BUS15_N Pin=J13-26
Added Pin To Net: NetName=BUS15_N Pin=J14-26
Added Pin To Net: NetName=BUS15_N Pin=J15-26
Added Pin To Net: NetName=BUS15_N Pin=J16-26
Added Net: Name=BUS15_N
Added Pin To Net: NetName=BUS15_P Pin=J1-27
Added Pin To Net: NetName=BUS15_P Pin=J2-27
Added Pin To Net: NetName=BUS15_P Pin=J3-27
Added Pin To Net: NetName=BUS15_P Pin=J4-27
Added Pin To Net: NetName=BUS15_P Pin=J5-27
Added Pin To Net: NetName=BUS15_P Pin=J6-27
Added Pin To Net: NetName=BUS15_P Pin=J7-27
Added Pin To Net: NetName=BUS15_P Pin=J8-27
Added Pin To Net: NetName=BUS15_P Pin=J9-27
Added Pin To Net: NetName=BUS15_P Pin=J10-27
Added Pin To Net: NetName=BUS15_P Pin=J11-27
Added Pin To Net: NetName=BUS15_P Pin=J12-27
Added Pin To Net: NetName=BUS15_P Pin=J13-27
Added Pin To Net: NetName=BUS15_P Pin=J14-27
Added Pin To Net: NetName=BUS15_P Pin=J15-27
Added Pin To Net: NetName=BUS15_P Pin=J16-27
Added Net: Name=BUS15_P
Added Pin To Net: NetName=BUS16_N Pin=J1-113
Added Pin To Net: NetName=BUS16_N Pin=J2-113
Added Pin To Net: NetName=BUS16_N Pin=J3-113
Added Pin To Net: NetName=BUS16_N Pin=J4-113
Added Pin To Net: NetName=BUS16_N Pin=J5-113
Added Pin To Net: NetName=BUS16_N Pin=J6-113
Added Pin To Net: NetName=BUS16_N Pin=J7-113
Added Pin To Net: NetName=BUS16_N Pin=J8-113
Added Pin To Net: NetName=BUS16_N Pin=J9-113
Added Pin To Net: NetName=BUS16_N Pin=J10-113
Added Pin To Net: NetName=BUS16_N Pin=J11-113
Added Pin To Net: NetName=BUS16_N Pin=J12-113
Added Pin To Net: NetName=BUS16_N Pin=J13-113
Added Pin To Net: NetName=BUS16_N Pin=J14-113
Added Pin To Net: NetName=BUS16_N Pin=J15-113
Added Pin To Net: NetName=BUS16_N Pin=J16-113
Added Net: Name=BUS16_N
Added Pin To Net: NetName=BUS16_P Pin=J1-114
Added Pin To Net: NetName=BUS16_P Pin=J2-114
Added Pin To Net: NetName=BUS16_P Pin=J3-114
Added Pin To Net: NetName=BUS16_P Pin=J4-114
Added Pin To Net: NetName=BUS16_P Pin=J5-114
Added Pin To Net: NetName=BUS16_P Pin=J6-114
Added Pin To Net: NetName=BUS16_P Pin=J7-114
Added Pin To Net: NetName=BUS16_P Pin=J8-114
Added Pin To Net: NetName=BUS16_P Pin=J9-114
Added Pin To Net: NetName=BUS16_P Pin=J10-114
Added Pin To Net: NetName=BUS16_P Pin=J11-114
Added Pin To Net: NetName=BUS16_P Pin=J12-114
Added Pin To Net: NetName=BUS16_P Pin=J13-114
Added Pin To Net: NetName=BUS16_P Pin=J14-114
Added Pin To Net: NetName=BUS16_P Pin=J15-114
Added Pin To Net: NetName=BUS16_P Pin=J16-114
Added Net: Name=BUS16_P
Added Pin To Net: NetName=BUS17_N Pin=J1-116
Added Pin To Net: NetName=BUS17_N Pin=J2-116
Added Pin To Net: NetName=BUS17_N Pin=J3-116
Added Pin To Net: NetName=BUS17_N Pin=J4-116
Added Pin To Net: NetName=BUS17_N Pin=J5-116
Added Pin To Net: NetName=BUS17_N Pin=J6-116
Added Pin To Net: NetName=BUS17_N Pin=J7-116
Added Pin To Net: NetName=BUS17_N Pin=J8-116
Added Pin To Net: NetName=BUS17_N Pin=J9-116
Added Pin To Net: NetName=BUS17_N Pin=J10-116
Added Pin To Net: NetName=BUS17_N Pin=J11-116
Added Pin To Net: NetName=BUS17_N Pin=J12-116
Added Pin To Net: NetName=BUS17_N Pin=J13-116
Added Pin To Net: NetName=BUS17_N Pin=J14-116
Added Pin To Net: NetName=BUS17_N Pin=J15-116
Added Pin To Net: NetName=BUS17_N Pin=J16-116
Added Net: Name=BUS17_N
Added Pin To Net: NetName=BUS17_P Pin=J1-115
Added Pin To Net: NetName=BUS17_P Pin=J2-115
Added Pin To Net: NetName=BUS17_P Pin=J3-115
Added Pin To Net: NetName=BUS17_P Pin=J4-115
Added Pin To Net: NetName=BUS17_P Pin=J5-115
Added Pin To Net: NetName=BUS17_P Pin=J6-115
Added Pin To Net: NetName=BUS17_P Pin=J7-115
Added Pin To Net: NetName=BUS17_P Pin=J8-115
Added Pin To Net: NetName=BUS17_P Pin=J9-115
Added Pin To Net: NetName=BUS17_P Pin=J10-115
Added Pin To Net: NetName=BUS17_P Pin=J11-115
Added Pin To Net: NetName=BUS17_P Pin=J12-115
Added Pin To Net: NetName=BUS17_P Pin=J13-115
Added Pin To Net: NetName=BUS17_P Pin=J14-115
Added Pin To Net: NetName=BUS17_P Pin=J15-115
Added Pin To Net: NetName=BUS17_P Pin=J16-115
Added Net: Name=BUS17_P
Added Pin To Net: NetName=BUS18_N Pin=J1-109
Added Pin To Net: NetName=BUS18_N Pin=J2-109
Added Pin To Net: NetName=BUS18_N Pin=J3-109
Added Pin To Net: NetName=BUS18_N Pin=J4-109
Added Pin To Net: NetName=BUS18_N Pin=J5-109
Added Pin To Net: NetName=BUS18_N Pin=J6-109
Added Pin To Net: NetName=BUS18_N Pin=J7-109
Added Pin To Net: NetName=BUS18_N Pin=J8-109
Added Pin To Net: NetName=BUS18_N Pin=J9-109
Added Pin To Net: NetName=BUS18_N Pin=J10-109
Added Pin To Net: NetName=BUS18_N Pin=J11-109
Added Pin To Net: NetName=BUS18_N Pin=J12-109
Added Pin To Net: NetName=BUS18_N Pin=J13-109
Added Pin To Net: NetName=BUS18_N Pin=J14-109
Added Pin To Net: NetName=BUS18_N Pin=J15-109
Added Pin To Net: NetName=BUS18_N Pin=J16-109
Added Net: Name=BUS18_N
Added Pin To Net: NetName=BUS18_P Pin=J1-110
Added Pin To Net: NetName=BUS18_P Pin=J2-110
Added Pin To Net: NetName=BUS18_P Pin=J3-110
Added Pin To Net: NetName=BUS18_P Pin=J4-110
Added Pin To Net: NetName=BUS18_P Pin=J5-110
Added Pin To Net: NetName=BUS18_P Pin=J6-110
Added Pin To Net: NetName=BUS18_P Pin=J7-110
Added Pin To Net: NetName=BUS18_P Pin=J8-110
Added Pin To Net: NetName=BUS18_P Pin=J9-110
Added Pin To Net: NetName=BUS18_P Pin=J10-110
Added Pin To Net: NetName=BUS18_P Pin=J11-110
Added Pin To Net: NetName=BUS18_P Pin=J12-110
Added Pin To Net: NetName=BUS18_P Pin=J13-110
Added Pin To Net: NetName=BUS18_P Pin=J14-110
Added Pin To Net: NetName=BUS18_P Pin=J15-110
Added Pin To Net: NetName=BUS18_P Pin=J16-110
Added Net: Name=BUS18_P
Added Pin To Net: NetName=BUS19_N Pin=J1-112
Added Pin To Net: NetName=BUS19_N Pin=J2-112
Added Pin To Net: NetName=BUS19_N Pin=J3-112
Added Pin To Net: NetName=BUS19_N Pin=J4-112
Added Pin To Net: NetName=BUS19_N Pin=J5-112
Added Pin To Net: NetName=BUS19_N Pin=J6-112
Added Pin To Net: NetName=BUS19_N Pin=J7-112
Added Pin To Net: NetName=BUS19_N Pin=J8-112
Added Pin To Net: NetName=BUS19_N Pin=J9-112
Added Pin To Net: NetName=BUS19_N Pin=J10-112
Added Pin To Net: NetName=BUS19_N Pin=J11-112
Added Pin To Net: NetName=BUS19_N Pin=J12-112
Added Pin To Net: NetName=BUS19_N Pin=J13-112
Added Pin To Net: NetName=BUS19_N Pin=J14-112
Added Pin To Net: NetName=BUS19_N Pin=J15-112
Added Pin To Net: NetName=BUS19_N Pin=J16-112
Added Net: Name=BUS19_N
Added Pin To Net: NetName=BUS19_P Pin=J1-111
Added Pin To Net: NetName=BUS19_P Pin=J2-111
Added Pin To Net: NetName=BUS19_P Pin=J3-111
Added Pin To Net: NetName=BUS19_P Pin=J4-111
Added Pin To Net: NetName=BUS19_P Pin=J5-111
Added Pin To Net: NetName=BUS19_P Pin=J6-111
Added Pin To Net: NetName=BUS19_P Pin=J7-111
Added Pin To Net: NetName=BUS19_P Pin=J8-111
Added Pin To Net: NetName=BUS19_P Pin=J9-111
Added Pin To Net: NetName=BUS19_P Pin=J10-111
Added Pin To Net: NetName=BUS19_P Pin=J11-111
Added Pin To Net: NetName=BUS19_P Pin=J12-111
Added Pin To Net: NetName=BUS19_P Pin=J13-111
Added Pin To Net: NetName=BUS19_P Pin=J14-111
Added Pin To Net: NetName=BUS19_P Pin=J15-111
Added Pin To Net: NetName=BUS19_P Pin=J16-111
Added Net: Name=BUS19_P
Added Pin To Net: NetName=BUS20_N Pin=J1-104
Added Pin To Net: NetName=BUS20_N Pin=J2-104
Added Pin To Net: NetName=BUS20_N Pin=J3-104
Added Pin To Net: NetName=BUS20_N Pin=J4-104
Added Pin To Net: NetName=BUS20_N Pin=J5-104
Added Pin To Net: NetName=BUS20_N Pin=J6-104
Added Pin To Net: NetName=BUS20_N Pin=J7-104
Added Pin To Net: NetName=BUS20_N Pin=J8-104
Added Pin To Net: NetName=BUS20_N Pin=J9-104
Added Pin To Net: NetName=BUS20_N Pin=J10-104
Added Pin To Net: NetName=BUS20_N Pin=J11-104
Added Pin To Net: NetName=BUS20_N Pin=J12-104
Added Pin To Net: NetName=BUS20_N Pin=J13-104
Added Pin To Net: NetName=BUS20_N Pin=J14-104
Added Pin To Net: NetName=BUS20_N Pin=J15-104
Added Pin To Net: NetName=BUS20_N Pin=J16-104
Added Net: Name=BUS20_N
Added Pin To Net: NetName=BUS20_P Pin=J1-105
Added Pin To Net: NetName=BUS20_P Pin=J2-105
Added Pin To Net: NetName=BUS20_P Pin=J3-105
Added Pin To Net: NetName=BUS20_P Pin=J4-105
Added Pin To Net: NetName=BUS20_P Pin=J5-105
Added Pin To Net: NetName=BUS20_P Pin=J6-105
Added Pin To Net: NetName=BUS20_P Pin=J7-105
Added Pin To Net: NetName=BUS20_P Pin=J8-105
Added Pin To Net: NetName=BUS20_P Pin=J9-105
Added Pin To Net: NetName=BUS20_P Pin=J10-105
Added Pin To Net: NetName=BUS20_P Pin=J11-105
Added Pin To Net: NetName=BUS20_P Pin=J12-105
Added Pin To Net: NetName=BUS20_P Pin=J13-105
Added Pin To Net: NetName=BUS20_P Pin=J14-105
Added Pin To Net: NetName=BUS20_P Pin=J15-105
Added Pin To Net: NetName=BUS20_P Pin=J16-105
Added Net: Name=BUS20_P
Added Pin To Net: NetName=BUS21_N Pin=J1-107
Added Pin To Net: NetName=BUS21_N Pin=J2-107
Added Pin To Net: NetName=BUS21_N Pin=J3-107
Added Pin To Net: NetName=BUS21_N Pin=J4-107
Added Pin To Net: NetName=BUS21_N Pin=J5-107
Added Pin To Net: NetName=BUS21_N Pin=J6-107
Added Pin To Net: NetName=BUS21_N Pin=J7-107
Added Pin To Net: NetName=BUS21_N Pin=J8-107
Added Pin To Net: NetName=BUS21_N Pin=J9-107
Added Pin To Net: NetName=BUS21_N Pin=J10-107
Added Pin To Net: NetName=BUS21_N Pin=J11-107
Added Pin To Net: NetName=BUS21_N Pin=J12-107
Added Pin To Net: NetName=BUS21_N Pin=J13-107
Added Pin To Net: NetName=BUS21_N Pin=J14-107
Added Pin To Net: NetName=BUS21_N Pin=J15-107
Added Pin To Net: NetName=BUS21_N Pin=J16-107
Added Net: Name=BUS21_N
Added Pin To Net: NetName=BUS21_P Pin=J1-106
Added Pin To Net: NetName=BUS21_P Pin=J2-106
Added Pin To Net: NetName=BUS21_P Pin=J3-106
Added Pin To Net: NetName=BUS21_P Pin=J4-106
Added Pin To Net: NetName=BUS21_P Pin=J5-106
Added Pin To Net: NetName=BUS21_P Pin=J6-106
Added Pin To Net: NetName=BUS21_P Pin=J7-106
Added Pin To Net: NetName=BUS21_P Pin=J8-106
Added Pin To Net: NetName=BUS21_P Pin=J9-106
Added Pin To Net: NetName=BUS21_P Pin=J10-106
Added Pin To Net: NetName=BUS21_P Pin=J11-106
Added Pin To Net: NetName=BUS21_P Pin=J12-106
Added Pin To Net: NetName=BUS21_P Pin=J13-106
Added Pin To Net: NetName=BUS21_P Pin=J14-106
Added Pin To Net: NetName=BUS21_P Pin=J15-106
Added Pin To Net: NetName=BUS21_P Pin=J16-106
Added Net: Name=BUS21_P
Added Pin To Net: NetName=BUS22_N Pin=J1-100
Added Pin To Net: NetName=BUS22_N Pin=J2-100
Added Pin To Net: NetName=BUS22_N Pin=J3-100
Added Pin To Net: NetName=BUS22_N Pin=J4-100
Added Pin To Net: NetName=BUS22_N Pin=J5-100
Added Pin To Net: NetName=BUS22_N Pin=J6-100
Added Pin To Net: NetName=BUS22_N Pin=J7-100
Added Pin To Net: NetName=BUS22_N Pin=J8-100
Added Pin To Net: NetName=BUS22_N Pin=J9-100
Added Pin To Net: NetName=BUS22_N Pin=J10-100
Added Pin To Net: NetName=BUS22_N Pin=J11-100
Added Pin To Net: NetName=BUS22_N Pin=J12-100
Added Pin To Net: NetName=BUS22_N Pin=J13-100
Added Pin To Net: NetName=BUS22_N Pin=J14-100
Added Pin To Net: NetName=BUS22_N Pin=J15-100
Added Pin To Net: NetName=BUS22_N Pin=J16-100
Added Net: Name=BUS22_N
Added Pin To Net: NetName=BUS22_P Pin=J1-101
Added Pin To Net: NetName=BUS22_P Pin=J2-101
Added Pin To Net: NetName=BUS22_P Pin=J3-101
Added Pin To Net: NetName=BUS22_P Pin=J4-101
Added Pin To Net: NetName=BUS22_P Pin=J5-101
Added Pin To Net: NetName=BUS22_P Pin=J6-101
Added Pin To Net: NetName=BUS22_P Pin=J7-101
Added Pin To Net: NetName=BUS22_P Pin=J8-101
Added Pin To Net: NetName=BUS22_P Pin=J9-101
Added Pin To Net: NetName=BUS22_P Pin=J10-101
Added Pin To Net: NetName=BUS22_P Pin=J11-101
Added Pin To Net: NetName=BUS22_P Pin=J12-101
Added Pin To Net: NetName=BUS22_P Pin=J13-101
Added Pin To Net: NetName=BUS22_P Pin=J14-101
Added Pin To Net: NetName=BUS22_P Pin=J15-101
Added Pin To Net: NetName=BUS22_P Pin=J16-101
Added Net: Name=BUS22_P
Added Pin To Net: NetName=BUS23_N Pin=J1-103
Added Pin To Net: NetName=BUS23_N Pin=J2-103
Added Pin To Net: NetName=BUS23_N Pin=J3-103
Added Pin To Net: NetName=BUS23_N Pin=J4-103
Added Pin To Net: NetName=BUS23_N Pin=J5-103
Added Pin To Net: NetName=BUS23_N Pin=J6-103
Added Pin To Net: NetName=BUS23_N Pin=J7-103
Added Pin To Net: NetName=BUS23_N Pin=J8-103
Added Pin To Net: NetName=BUS23_N Pin=J9-103
Added Pin To Net: NetName=BUS23_N Pin=J10-103
Added Pin To Net: NetName=BUS23_N Pin=J11-103
Added Pin To Net: NetName=BUS23_N Pin=J12-103
Added Pin To Net: NetName=BUS23_N Pin=J13-103
Added Pin To Net: NetName=BUS23_N Pin=J14-103
Added Pin To Net: NetName=BUS23_N Pin=J15-103
Added Pin To Net: NetName=BUS23_N Pin=J16-103
Added Net: Name=BUS23_N
Added Pin To Net: NetName=BUS23_P Pin=J1-102
Added Pin To Net: NetName=BUS23_P Pin=J2-102
Added Pin To Net: NetName=BUS23_P Pin=J3-102
Added Pin To Net: NetName=BUS23_P Pin=J4-102
Added Pin To Net: NetName=BUS23_P Pin=J5-102
Added Pin To Net: NetName=BUS23_P Pin=J6-102
Added Pin To Net: NetName=BUS23_P Pin=J7-102
Added Pin To Net: NetName=BUS23_P Pin=J8-102
Added Pin To Net: NetName=BUS23_P Pin=J9-102
Added Pin To Net: NetName=BUS23_P Pin=J10-102
Added Pin To Net: NetName=BUS23_P Pin=J11-102
Added Pin To Net: NetName=BUS23_P Pin=J12-102
Added Pin To Net: NetName=BUS23_P Pin=J13-102
Added Pin To Net: NetName=BUS23_P Pin=J14-102
Added Pin To Net: NetName=BUS23_P Pin=J15-102
Added Pin To Net: NetName=BUS23_P Pin=J16-102
Added Net: Name=BUS23_P
Added Pin To Net: NetName=BUS24_N Pin=J1-95
Added Pin To Net: NetName=BUS24_N Pin=J2-95
Added Pin To Net: NetName=BUS24_N Pin=J3-95
Added Pin To Net: NetName=BUS24_N Pin=J4-95
Added Pin To Net: NetName=BUS24_N Pin=J5-95
Added Pin To Net: NetName=BUS24_N Pin=J6-95
Added Pin To Net: NetName=BUS24_N Pin=J7-95
Added Pin To Net: NetName=BUS24_N Pin=J8-95
Added Pin To Net: NetName=BUS24_N Pin=J9-95
Added Pin To Net: NetName=BUS24_N Pin=J10-95
Added Pin To Net: NetName=BUS24_N Pin=J11-95
Added Pin To Net: NetName=BUS24_N Pin=J12-95
Added Pin To Net: NetName=BUS24_N Pin=J13-95
Added Pin To Net: NetName=BUS24_N Pin=J14-95
Added Pin To Net: NetName=BUS24_N Pin=J15-95
Added Pin To Net: NetName=BUS24_N Pin=J16-95
Added Net: Name=BUS24_N
Added Pin To Net: NetName=BUS24_P Pin=J1-96
Added Pin To Net: NetName=BUS24_P Pin=J2-96
Added Pin To Net: NetName=BUS24_P Pin=J3-96
Added Pin To Net: NetName=BUS24_P Pin=J4-96
Added Pin To Net: NetName=BUS24_P Pin=J5-96
Added Pin To Net: NetName=BUS24_P Pin=J6-96
Added Pin To Net: NetName=BUS24_P Pin=J7-96
Added Pin To Net: NetName=BUS24_P Pin=J8-96
Added Pin To Net: NetName=BUS24_P Pin=J9-96
Added Pin To Net: NetName=BUS24_P Pin=J10-96
Added Pin To Net: NetName=BUS24_P Pin=J11-96
Added Pin To Net: NetName=BUS24_P Pin=J12-96
Added Pin To Net: NetName=BUS24_P Pin=J13-96
Added Pin To Net: NetName=BUS24_P Pin=J14-96
Added Pin To Net: NetName=BUS24_P Pin=J15-96
Added Pin To Net: NetName=BUS24_P Pin=J16-96
Added Net: Name=BUS24_P
Added Pin To Net: NetName=BUS25_N Pin=J1-98
Added Pin To Net: NetName=BUS25_N Pin=J2-98
Added Pin To Net: NetName=BUS25_N Pin=J3-98
Added Pin To Net: NetName=BUS25_N Pin=J4-98
Added Pin To Net: NetName=BUS25_N Pin=J5-98
Added Pin To Net: NetName=BUS25_N Pin=J6-98
Added Pin To Net: NetName=BUS25_N Pin=J7-98
Added Pin To Net: NetName=BUS25_N Pin=J8-98
Added Pin To Net: NetName=BUS25_N Pin=J9-98
Added Pin To Net: NetName=BUS25_N Pin=J10-98
Added Pin To Net: NetName=BUS25_N Pin=J11-98
Added Pin To Net: NetName=BUS25_N Pin=J12-98
Added Pin To Net: NetName=BUS25_N Pin=J13-98
Added Pin To Net: NetName=BUS25_N Pin=J14-98
Added Pin To Net: NetName=BUS25_N Pin=J15-98
Added Pin To Net: NetName=BUS25_N Pin=J16-98
Added Net: Name=BUS25_N
Added Pin To Net: NetName=BUS25_P Pin=J1-97
Added Pin To Net: NetName=BUS25_P Pin=J2-97
Added Pin To Net: NetName=BUS25_P Pin=J3-97
Added Pin To Net: NetName=BUS25_P Pin=J4-97
Added Pin To Net: NetName=BUS25_P Pin=J5-97
Added Pin To Net: NetName=BUS25_P Pin=J6-97
Added Pin To Net: NetName=BUS25_P Pin=J7-97
Added Pin To Net: NetName=BUS25_P Pin=J8-97
Added Pin To Net: NetName=BUS25_P Pin=J9-97
Added Pin To Net: NetName=BUS25_P Pin=J10-97
Added Pin To Net: NetName=BUS25_P Pin=J11-97
Added Pin To Net: NetName=BUS25_P Pin=J12-97
Added Pin To Net: NetName=BUS25_P Pin=J13-97
Added Pin To Net: NetName=BUS25_P Pin=J14-97
Added Pin To Net: NetName=BUS25_P Pin=J15-97
Added Pin To Net: NetName=BUS25_P Pin=J16-97
Added Net: Name=BUS25_P
Added Pin To Net: NetName=BUS26_N Pin=J1-91
Added Pin To Net: NetName=BUS26_N Pin=J2-91
Added Pin To Net: NetName=BUS26_N Pin=J3-91
Added Pin To Net: NetName=BUS26_N Pin=J4-91
Added Pin To Net: NetName=BUS26_N Pin=J5-91
Added Pin To Net: NetName=BUS26_N Pin=J6-91
Added Pin To Net: NetName=BUS26_N Pin=J7-91
Added Pin To Net: NetName=BUS26_N Pin=J8-91
Added Pin To Net: NetName=BUS26_N Pin=J9-91
Added Pin To Net: NetName=BUS26_N Pin=J10-91
Added Pin To Net: NetName=BUS26_N Pin=J11-91
Added Pin To Net: NetName=BUS26_N Pin=J12-91
Added Pin To Net: NetName=BUS26_N Pin=J13-91
Added Pin To Net: NetName=BUS26_N Pin=J14-91
Added Pin To Net: NetName=BUS26_N Pin=J15-91
Added Pin To Net: NetName=BUS26_N Pin=J16-91
Added Net: Name=BUS26_N
Added Pin To Net: NetName=BUS26_P Pin=J1-92
Added Pin To Net: NetName=BUS26_P Pin=J2-92
Added Pin To Net: NetName=BUS26_P Pin=J3-92
Added Pin To Net: NetName=BUS26_P Pin=J4-92
Added Pin To Net: NetName=BUS26_P Pin=J5-92
Added Pin To Net: NetName=BUS26_P Pin=J6-92
Added Pin To Net: NetName=BUS26_P Pin=J7-92
Added Pin To Net: NetName=BUS26_P Pin=J8-92
Added Pin To Net: NetName=BUS26_P Pin=J9-92
Added Pin To Net: NetName=BUS26_P Pin=J10-92
Added Pin To Net: NetName=BUS26_P Pin=J11-92
Added Pin To Net: NetName=BUS26_P Pin=J12-92
Added Pin To Net: NetName=BUS26_P Pin=J13-92
Added Pin To Net: NetName=BUS26_P Pin=J14-92
Added Pin To Net: NetName=BUS26_P Pin=J15-92
Added Pin To Net: NetName=BUS26_P Pin=J16-92
Added Net: Name=BUS26_P
Added Pin To Net: NetName=BUS27_N Pin=J1-94
Added Pin To Net: NetName=BUS27_N Pin=J2-94
Added Pin To Net: NetName=BUS27_N Pin=J3-94
Added Pin To Net: NetName=BUS27_N Pin=J4-94
Added Pin To Net: NetName=BUS27_N Pin=J5-94
Added Pin To Net: NetName=BUS27_N Pin=J6-94
Added Pin To Net: NetName=BUS27_N Pin=J7-94
Added Pin To Net: NetName=BUS27_N Pin=J8-94
Added Pin To Net: NetName=BUS27_N Pin=J9-94
Added Pin To Net: NetName=BUS27_N Pin=J10-94
Added Pin To Net: NetName=BUS27_N Pin=J11-94
Added Pin To Net: NetName=BUS27_N Pin=J12-94
Added Pin To Net: NetName=BUS27_N Pin=J13-94
Added Pin To Net: NetName=BUS27_N Pin=J14-94
Added Pin To Net: NetName=BUS27_N Pin=J15-94
Added Pin To Net: NetName=BUS27_N Pin=J16-94
Added Net: Name=BUS27_N
Added Pin To Net: NetName=BUS27_P Pin=J1-93
Added Pin To Net: NetName=BUS27_P Pin=J2-93
Added Pin To Net: NetName=BUS27_P Pin=J3-93
Added Pin To Net: NetName=BUS27_P Pin=J4-93
Added Pin To Net: NetName=BUS27_P Pin=J5-93
Added Pin To Net: NetName=BUS27_P Pin=J6-93
Added Pin To Net: NetName=BUS27_P Pin=J7-93
Added Pin To Net: NetName=BUS27_P Pin=J8-93
Added Pin To Net: NetName=BUS27_P Pin=J9-93
Added Pin To Net: NetName=BUS27_P Pin=J10-93
Added Pin To Net: NetName=BUS27_P Pin=J11-93
Added Pin To Net: NetName=BUS27_P Pin=J12-93
Added Pin To Net: NetName=BUS27_P Pin=J13-93
Added Pin To Net: NetName=BUS27_P Pin=J14-93
Added Pin To Net: NetName=BUS27_P Pin=J15-93
Added Pin To Net: NetName=BUS27_P Pin=J16-93
Added Net: Name=BUS27_P
Added Pin To Net: NetName=BUS28_N Pin=J1-86
Added Pin To Net: NetName=BUS28_N Pin=J2-86
Added Pin To Net: NetName=BUS28_N Pin=J3-86
Added Pin To Net: NetName=BUS28_N Pin=J4-86
Added Pin To Net: NetName=BUS28_N Pin=J5-86
Added Pin To Net: NetName=BUS28_N Pin=J6-86
Added Pin To Net: NetName=BUS28_N Pin=J7-86
Added Pin To Net: NetName=BUS28_N Pin=J8-86
Added Pin To Net: NetName=BUS28_N Pin=J9-86
Added Pin To Net: NetName=BUS28_N Pin=J10-86
Added Pin To Net: NetName=BUS28_N Pin=J11-86
Added Pin To Net: NetName=BUS28_N Pin=J12-86
Added Pin To Net: NetName=BUS28_N Pin=J13-86
Added Pin To Net: NetName=BUS28_N Pin=J14-86
Added Pin To Net: NetName=BUS28_N Pin=J15-86
Added Pin To Net: NetName=BUS28_N Pin=J16-86
Added Net: Name=BUS28_N
Added Pin To Net: NetName=BUS28_P Pin=J1-87
Added Pin To Net: NetName=BUS28_P Pin=J2-87
Added Pin To Net: NetName=BUS28_P Pin=J3-87
Added Pin To Net: NetName=BUS28_P Pin=J4-87
Added Pin To Net: NetName=BUS28_P Pin=J5-87
Added Pin To Net: NetName=BUS28_P Pin=J6-87
Added Pin To Net: NetName=BUS28_P Pin=J7-87
Added Pin To Net: NetName=BUS28_P Pin=J8-87
Added Pin To Net: NetName=BUS28_P Pin=J9-87
Added Pin To Net: NetName=BUS28_P Pin=J10-87
Added Pin To Net: NetName=BUS28_P Pin=J11-87
Added Pin To Net: NetName=BUS28_P Pin=J12-87
Added Pin To Net: NetName=BUS28_P Pin=J13-87
Added Pin To Net: NetName=BUS28_P Pin=J14-87
Added Pin To Net: NetName=BUS28_P Pin=J15-87
Added Pin To Net: NetName=BUS28_P Pin=J16-87
Added Net: Name=BUS28_P
Added Pin To Net: NetName=BUS29_N Pin=J1-89
Added Pin To Net: NetName=BUS29_N Pin=J2-89
Added Pin To Net: NetName=BUS29_N Pin=J3-89
Added Pin To Net: NetName=BUS29_N Pin=J4-89
Added Pin To Net: NetName=BUS29_N Pin=J5-89
Added Pin To Net: NetName=BUS29_N Pin=J6-89
Added Pin To Net: NetName=BUS29_N Pin=J7-89
Added Pin To Net: NetName=BUS29_N Pin=J8-89
Added Pin To Net: NetName=BUS29_N Pin=J9-89
Added Pin To Net: NetName=BUS29_N Pin=J10-89
Added Pin To Net: NetName=BUS29_N Pin=J11-89
Added Pin To Net: NetName=BUS29_N Pin=J12-89
Added Pin To Net: NetName=BUS29_N Pin=J13-89
Added Pin To Net: NetName=BUS29_N Pin=J14-89
Added Pin To Net: NetName=BUS29_N Pin=J15-89
Added Pin To Net: NetName=BUS29_N Pin=J16-89
Added Net: Name=BUS29_N
Added Pin To Net: NetName=BUS29_P Pin=J1-88
Added Pin To Net: NetName=BUS29_P Pin=J2-88
Added Pin To Net: NetName=BUS29_P Pin=J3-88
Added Pin To Net: NetName=BUS29_P Pin=J4-88
Added Pin To Net: NetName=BUS29_P Pin=J5-88
Added Pin To Net: NetName=BUS29_P Pin=J6-88
Added Pin To Net: NetName=BUS29_P Pin=J7-88
Added Pin To Net: NetName=BUS29_P Pin=J8-88
Added Pin To Net: NetName=BUS29_P Pin=J9-88
Added Pin To Net: NetName=BUS29_P Pin=J10-88
Added Pin To Net: NetName=BUS29_P Pin=J11-88
Added Pin To Net: NetName=BUS29_P Pin=J12-88
Added Pin To Net: NetName=BUS29_P Pin=J13-88
Added Pin To Net: NetName=BUS29_P Pin=J14-88
Added Pin To Net: NetName=BUS29_P Pin=J15-88
Added Pin To Net: NetName=BUS29_P Pin=J16-88
Added Net: Name=BUS29_P
Added Pin To Net: NetName=BUS30_N Pin=J1-82
Added Pin To Net: NetName=BUS30_N Pin=J2-82
Added Pin To Net: NetName=BUS30_N Pin=J3-82
Added Pin To Net: NetName=BUS30_N Pin=J4-82
Added Pin To Net: NetName=BUS30_N Pin=J5-82
Added Pin To Net: NetName=BUS30_N Pin=J6-82
Added Pin To Net: NetName=BUS30_N Pin=J7-82
Added Pin To Net: NetName=BUS30_N Pin=J8-82
Added Pin To Net: NetName=BUS30_N Pin=J9-82
Added Pin To Net: NetName=BUS30_N Pin=J10-82
Added Pin To Net: NetName=BUS30_N Pin=J11-82
Added Pin To Net: NetName=BUS30_N Pin=J12-82
Added Pin To Net: NetName=BUS30_N Pin=J13-82
Added Pin To Net: NetName=BUS30_N Pin=J14-82
Added Pin To Net: NetName=BUS30_N Pin=J15-82
Added Pin To Net: NetName=BUS30_N Pin=J16-82
Added Net: Name=BUS30_N
Added Pin To Net: NetName=BUS30_P Pin=J1-83
Added Pin To Net: NetName=BUS30_P Pin=J2-83
Added Pin To Net: NetName=BUS30_P Pin=J3-83
Added Pin To Net: NetName=BUS30_P Pin=J4-83
Added Pin To Net: NetName=BUS30_P Pin=J5-83
Added Pin To Net: NetName=BUS30_P Pin=J6-83
Added Pin To Net: NetName=BUS30_P Pin=J7-83
Added Pin To Net: NetName=BUS30_P Pin=J8-83
Added Pin To Net: NetName=BUS30_P Pin=J9-83
Added Pin To Net: NetName=BUS30_P Pin=J10-83
Added Pin To Net: NetName=BUS30_P Pin=J11-83
Added Pin To Net: NetName=BUS30_P Pin=J12-83
Added Pin To Net: NetName=BUS30_P Pin=J13-83
Added Pin To Net: NetName=BUS30_P Pin=J14-83
Added Pin To Net: NetName=BUS30_P Pin=J15-83
Added Pin To Net: NetName=BUS30_P Pin=J16-83
Added Net: Name=BUS30_P
Added Pin To Net: NetName=BUS31_N Pin=J1-85
Added Pin To Net: NetName=BUS31_N Pin=J2-85
Added Pin To Net: NetName=BUS31_N Pin=J3-85
Added Pin To Net: NetName=BUS31_N Pin=J4-85
Added Pin To Net: NetName=BUS31_N Pin=J5-85
Added Pin To Net: NetName=BUS31_N Pin=J6-85
Added Pin To Net: NetName=BUS31_N Pin=J7-85
Added Pin To Net: NetName=BUS31_N Pin=J8-85
Added Pin To Net: NetName=BUS31_N Pin=J9-85
Added Pin To Net: NetName=BUS31_N Pin=J10-85
Added Pin To Net: NetName=BUS31_N Pin=J11-85
Added Pin To Net: NetName=BUS31_N Pin=J12-85
Added Pin To Net: NetName=BUS31_N Pin=J13-85
Added Pin To Net: NetName=BUS31_N Pin=J14-85
Added Pin To Net: NetName=BUS31_N Pin=J15-85
Added Pin To Net: NetName=BUS31_N Pin=J16-85
Added Net: Name=BUS31_N
Added Pin To Net: NetName=BUS31_P Pin=J1-84
Added Pin To Net: NetName=BUS31_P Pin=J2-84
Added Pin To Net: NetName=BUS31_P Pin=J3-84
Added Pin To Net: NetName=BUS31_P Pin=J4-84
Added Pin To Net: NetName=BUS31_P Pin=J5-84
Added Pin To Net: NetName=BUS31_P Pin=J6-84
Added Pin To Net: NetName=BUS31_P Pin=J7-84
Added Pin To Net: NetName=BUS31_P Pin=J8-84
Added Pin To Net: NetName=BUS31_P Pin=J9-84
Added Pin To Net: NetName=BUS31_P Pin=J10-84
Added Pin To Net: NetName=BUS31_P Pin=J11-84
Added Pin To Net: NetName=BUS31_P Pin=J12-84
Added Pin To Net: NetName=BUS31_P Pin=J13-84
Added Pin To Net: NetName=BUS31_P Pin=J14-84
Added Pin To Net: NetName=BUS31_P Pin=J15-84
Added Pin To Net: NetName=BUS31_P Pin=J16-84
Added Net: Name=BUS31_P
Added Pin To Net: NetName=BUS32_N Pin=J1-15
Added Pin To Net: NetName=BUS32_N Pin=J2-15
Added Pin To Net: NetName=BUS32_N Pin=J3-15
Added Pin To Net: NetName=BUS32_N Pin=J4-15
Added Pin To Net: NetName=BUS32_N Pin=J5-15
Added Pin To Net: NetName=BUS32_N Pin=J6-15
Added Pin To Net: NetName=BUS32_N Pin=J7-15
Added Pin To Net: NetName=BUS32_N Pin=J8-15
Added Pin To Net: NetName=BUS32_N Pin=J9-15
Added Pin To Net: NetName=BUS32_N Pin=J10-15
Added Pin To Net: NetName=BUS32_N Pin=J11-15
Added Pin To Net: NetName=BUS32_N Pin=J12-15
Added Pin To Net: NetName=BUS32_N Pin=J13-15
Added Pin To Net: NetName=BUS32_N Pin=J14-15
Added Pin To Net: NetName=BUS32_N Pin=J15-15
Added Pin To Net: NetName=BUS32_N Pin=J16-15
Added Net: Name=BUS32_N
Added Pin To Net: NetName=BUS32_P Pin=J1-16
Added Pin To Net: NetName=BUS32_P Pin=J2-16
Added Pin To Net: NetName=BUS32_P Pin=J3-16
Added Pin To Net: NetName=BUS32_P Pin=J4-16
Added Pin To Net: NetName=BUS32_P Pin=J5-16
Added Pin To Net: NetName=BUS32_P Pin=J6-16
Added Pin To Net: NetName=BUS32_P Pin=J7-16
Added Pin To Net: NetName=BUS32_P Pin=J8-16
Added Pin To Net: NetName=BUS32_P Pin=J9-16
Added Pin To Net: NetName=BUS32_P Pin=J10-16
Added Pin To Net: NetName=BUS32_P Pin=J11-16
Added Pin To Net: NetName=BUS32_P Pin=J12-16
Added Pin To Net: NetName=BUS32_P Pin=J13-16
Added Pin To Net: NetName=BUS32_P Pin=J14-16
Added Pin To Net: NetName=BUS32_P Pin=J15-16
Added Pin To Net: NetName=BUS32_P Pin=J16-16
Added Net: Name=BUS32_P
Added Pin To Net: NetName=BUS33_N Pin=J1-14
Added Pin To Net: NetName=BUS33_N Pin=J2-14
Added Pin To Net: NetName=BUS33_N Pin=J3-14
Added Pin To Net: NetName=BUS33_N Pin=J4-14
Added Pin To Net: NetName=BUS33_N Pin=J5-14
Added Pin To Net: NetName=BUS33_N Pin=J6-14
Added Pin To Net: NetName=BUS33_N Pin=J7-14
Added Pin To Net: NetName=BUS33_N Pin=J8-14
Added Pin To Net: NetName=BUS33_N Pin=J9-14
Added Pin To Net: NetName=BUS33_N Pin=J10-14
Added Pin To Net: NetName=BUS33_N Pin=J11-14
Added Pin To Net: NetName=BUS33_N Pin=J12-14
Added Pin To Net: NetName=BUS33_N Pin=J13-14
Added Pin To Net: NetName=BUS33_N Pin=J14-14
Added Pin To Net: NetName=BUS33_N Pin=J15-14
Added Pin To Net: NetName=BUS33_N Pin=J16-14
Added Net: Name=BUS33_N
Added Pin To Net: NetName=BUS33_P Pin=J1-13
Added Pin To Net: NetName=BUS33_P Pin=J2-13
Added Pin To Net: NetName=BUS33_P Pin=J3-13
Added Pin To Net: NetName=BUS33_P Pin=J4-13
Added Pin To Net: NetName=BUS33_P Pin=J5-13
Added Pin To Net: NetName=BUS33_P Pin=J6-13
Added Pin To Net: NetName=BUS33_P Pin=J7-13
Added Pin To Net: NetName=BUS33_P Pin=J8-13
Added Pin To Net: NetName=BUS33_P Pin=J9-13
Added Pin To Net: NetName=BUS33_P Pin=J10-13
Added Pin To Net: NetName=BUS33_P Pin=J11-13
Added Pin To Net: NetName=BUS33_P Pin=J12-13
Added Pin To Net: NetName=BUS33_P Pin=J13-13
Added Pin To Net: NetName=BUS33_P Pin=J14-13
Added Pin To Net: NetName=BUS33_P Pin=J15-13
Added Pin To Net: NetName=BUS33_P Pin=J16-13
Added Net: Name=BUS33_P
Added Pin To Net: NetName=BUS34_N Pin=J1-19
Added Pin To Net: NetName=BUS34_N Pin=J2-19
Added Pin To Net: NetName=BUS34_N Pin=J3-19
Added Pin To Net: NetName=BUS34_N Pin=J4-19
Added Pin To Net: NetName=BUS34_N Pin=J5-19
Added Pin To Net: NetName=BUS34_N Pin=J6-19
Added Pin To Net: NetName=BUS34_N Pin=J7-19
Added Pin To Net: NetName=BUS34_N Pin=J8-19
Added Pin To Net: NetName=BUS34_N Pin=J9-19
Added Pin To Net: NetName=BUS34_N Pin=J10-19
Added Pin To Net: NetName=BUS34_N Pin=J11-19
Added Pin To Net: NetName=BUS34_N Pin=J12-19
Added Pin To Net: NetName=BUS34_N Pin=J13-19
Added Pin To Net: NetName=BUS34_N Pin=J14-19
Added Pin To Net: NetName=BUS34_N Pin=J15-19
Added Pin To Net: NetName=BUS34_N Pin=J16-19
Added Net: Name=BUS34_N
Added Pin To Net: NetName=BUS34_P Pin=J1-20
Added Pin To Net: NetName=BUS34_P Pin=J2-20
Added Pin To Net: NetName=BUS34_P Pin=J3-20
Added Pin To Net: NetName=BUS34_P Pin=J4-20
Added Pin To Net: NetName=BUS34_P Pin=J5-20
Added Pin To Net: NetName=BUS34_P Pin=J6-20
Added Pin To Net: NetName=BUS34_P Pin=J7-20
Added Pin To Net: NetName=BUS34_P Pin=J8-20
Added Pin To Net: NetName=BUS34_P Pin=J9-20
Added Pin To Net: NetName=BUS34_P Pin=J10-20
Added Pin To Net: NetName=BUS34_P Pin=J11-20
Added Pin To Net: NetName=BUS34_P Pin=J12-20
Added Pin To Net: NetName=BUS34_P Pin=J13-20
Added Pin To Net: NetName=BUS34_P Pin=J14-20
Added Pin To Net: NetName=BUS34_P Pin=J15-20
Added Pin To Net: NetName=BUS34_P Pin=J16-20
Added Net: Name=BUS34_P
Added Pin To Net: NetName=BUS35_N Pin=J1-18
Added Pin To Net: NetName=BUS35_N Pin=J2-18
Added Pin To Net: NetName=BUS35_N Pin=J3-18
Added Pin To Net: NetName=BUS35_N Pin=J4-18
Added Pin To Net: NetName=BUS35_N Pin=J5-18
Added Pin To Net: NetName=BUS35_N Pin=J6-18
Added Pin To Net: NetName=BUS35_N Pin=J7-18
Added Pin To Net: NetName=BUS35_N Pin=J8-18
Added Pin To Net: NetName=BUS35_N Pin=J9-18
Added Pin To Net: NetName=BUS35_N Pin=J10-18
Added Pin To Net: NetName=BUS35_N Pin=J11-18
Added Pin To Net: NetName=BUS35_N Pin=J12-18
Added Pin To Net: NetName=BUS35_N Pin=J13-18
Added Pin To Net: NetName=BUS35_N Pin=J14-18
Added Pin To Net: NetName=BUS35_N Pin=J15-18
Added Pin To Net: NetName=BUS35_N Pin=J16-18
Added Net: Name=BUS35_N
Added Pin To Net: NetName=BUS35_P Pin=J1-17
Added Pin To Net: NetName=BUS35_P Pin=J2-17
Added Pin To Net: NetName=BUS35_P Pin=J3-17
Added Pin To Net: NetName=BUS35_P Pin=J4-17
Added Pin To Net: NetName=BUS35_P Pin=J5-17
Added Pin To Net: NetName=BUS35_P Pin=J6-17
Added Pin To Net: NetName=BUS35_P Pin=J7-17
Added Pin To Net: NetName=BUS35_P Pin=J8-17
Added Pin To Net: NetName=BUS35_P Pin=J9-17
Added Pin To Net: NetName=BUS35_P Pin=J10-17
Added Pin To Net: NetName=BUS35_P Pin=J11-17
Added Pin To Net: NetName=BUS35_P Pin=J12-17
Added Pin To Net: NetName=BUS35_P Pin=J13-17
Added Pin To Net: NetName=BUS35_P Pin=J14-17
Added Pin To Net: NetName=BUS35_P Pin=J15-17
Added Pin To Net: NetName=BUS35_P Pin=J16-17
Added Net: Name=BUS35_P
Added Pin To Net: NetName=BUS36_N Pin=J1-78
Added Pin To Net: NetName=BUS36_N Pin=J2-78
Added Pin To Net: NetName=BUS36_N Pin=J3-78
Added Pin To Net: NetName=BUS36_N Pin=J4-78
Added Pin To Net: NetName=BUS36_N Pin=J5-78
Added Pin To Net: NetName=BUS36_N Pin=J6-78
Added Pin To Net: NetName=BUS36_N Pin=J7-78
Added Pin To Net: NetName=BUS36_N Pin=J8-78
Added Pin To Net: NetName=BUS36_N Pin=J9-78
Added Pin To Net: NetName=BUS36_N Pin=J10-78
Added Pin To Net: NetName=BUS36_N Pin=J11-78
Added Pin To Net: NetName=BUS36_N Pin=J12-78
Added Pin To Net: NetName=BUS36_N Pin=J13-78
Added Pin To Net: NetName=BUS36_N Pin=J14-78
Added Pin To Net: NetName=BUS36_N Pin=J15-78
Added Pin To Net: NetName=BUS36_N Pin=J16-78
Added Net: Name=BUS36_N
Added Pin To Net: NetName=BUS36_P Pin=J1-77
Added Pin To Net: NetName=BUS36_P Pin=J2-77
Added Pin To Net: NetName=BUS36_P Pin=J3-77
Added Pin To Net: NetName=BUS36_P Pin=J4-77
Added Pin To Net: NetName=BUS36_P Pin=J5-77
Added Pin To Net: NetName=BUS36_P Pin=J6-77
Added Pin To Net: NetName=BUS36_P Pin=J7-77
Added Pin To Net: NetName=BUS36_P Pin=J8-77
Added Pin To Net: NetName=BUS36_P Pin=J9-77
Added Pin To Net: NetName=BUS36_P Pin=J10-77
Added Pin To Net: NetName=BUS36_P Pin=J11-77
Added Pin To Net: NetName=BUS36_P Pin=J12-77
Added Pin To Net: NetName=BUS36_P Pin=J13-77
Added Pin To Net: NetName=BUS36_P Pin=J14-77
Added Pin To Net: NetName=BUS36_P Pin=J15-77
Added Pin To Net: NetName=BUS36_P Pin=J16-77
Added Net: Name=BUS36_P
Added Pin To Net: NetName=BUS37_N Pin=J1-79
Added Pin To Net: NetName=BUS37_N Pin=J2-79
Added Pin To Net: NetName=BUS37_N Pin=J3-79
Added Pin To Net: NetName=BUS37_N Pin=J4-79
Added Pin To Net: NetName=BUS37_N Pin=J5-79
Added Pin To Net: NetName=BUS37_N Pin=J6-79
Added Pin To Net: NetName=BUS37_N Pin=J7-79
Added Pin To Net: NetName=BUS37_N Pin=J8-79
Added Pin To Net: NetName=BUS37_N Pin=J9-79
Added Pin To Net: NetName=BUS37_N Pin=J10-79
Added Pin To Net: NetName=BUS37_N Pin=J11-79
Added Pin To Net: NetName=BUS37_N Pin=J12-79
Added Pin To Net: NetName=BUS37_N Pin=J13-79
Added Pin To Net: NetName=BUS37_N Pin=J14-79
Added Pin To Net: NetName=BUS37_N Pin=J15-79
Added Pin To Net: NetName=BUS37_N Pin=J16-79
Added Net: Name=BUS37_N
Added Pin To Net: NetName=BUS37_P Pin=J1-80
Added Pin To Net: NetName=BUS37_P Pin=J2-80
Added Pin To Net: NetName=BUS37_P Pin=J3-80
Added Pin To Net: NetName=BUS37_P Pin=J4-80
Added Pin To Net: NetName=BUS37_P Pin=J5-80
Added Pin To Net: NetName=BUS37_P Pin=J6-80
Added Pin To Net: NetName=BUS37_P Pin=J7-80
Added Pin To Net: NetName=BUS37_P Pin=J8-80
Added Pin To Net: NetName=BUS37_P Pin=J9-80
Added Pin To Net: NetName=BUS37_P Pin=J10-80
Added Pin To Net: NetName=BUS37_P Pin=J11-80
Added Pin To Net: NetName=BUS37_P Pin=J12-80
Added Pin To Net: NetName=BUS37_P Pin=J13-80
Added Pin To Net: NetName=BUS37_P Pin=J14-80
Added Pin To Net: NetName=BUS37_P Pin=J15-80
Added Pin To Net: NetName=BUS37_P Pin=J16-80
Added Net: Name=BUS37_P
Added Pin To Net: NetName=BUS38_N Pin=J1-74
Added Pin To Net: NetName=BUS38_N Pin=J2-74
Added Pin To Net: NetName=BUS38_N Pin=J3-74
Added Pin To Net: NetName=BUS38_N Pin=J4-74
Added Pin To Net: NetName=BUS38_N Pin=J5-74
Added Pin To Net: NetName=BUS38_N Pin=J6-74
Added Pin To Net: NetName=BUS38_N Pin=J7-74
Added Pin To Net: NetName=BUS38_N Pin=J8-74
Added Pin To Net: NetName=BUS38_N Pin=J9-74
Added Pin To Net: NetName=BUS38_N Pin=J10-74
Added Pin To Net: NetName=BUS38_N Pin=J11-74
Added Pin To Net: NetName=BUS38_N Pin=J12-74
Added Pin To Net: NetName=BUS38_N Pin=J13-74
Added Pin To Net: NetName=BUS38_N Pin=J14-74
Added Pin To Net: NetName=BUS38_N Pin=J15-74
Added Pin To Net: NetName=BUS38_N Pin=J16-74
Added Net: Name=BUS38_N
Added Pin To Net: NetName=BUS38_P Pin=J1-73
Added Pin To Net: NetName=BUS38_P Pin=J2-73
Added Pin To Net: NetName=BUS38_P Pin=J3-73
Added Pin To Net: NetName=BUS38_P Pin=J4-73
Added Pin To Net: NetName=BUS38_P Pin=J5-73
Added Pin To Net: NetName=BUS38_P Pin=J6-73
Added Pin To Net: NetName=BUS38_P Pin=J7-73
Added Pin To Net: NetName=BUS38_P Pin=J8-73
Added Pin To Net: NetName=BUS38_P Pin=J9-73
Added Pin To Net: NetName=BUS38_P Pin=J10-73
Added Pin To Net: NetName=BUS38_P Pin=J11-73
Added Pin To Net: NetName=BUS38_P Pin=J12-73
Added Pin To Net: NetName=BUS38_P Pin=J13-73
Added Pin To Net: NetName=BUS38_P Pin=J14-73
Added Pin To Net: NetName=BUS38_P Pin=J15-73
Added Pin To Net: NetName=BUS38_P Pin=J16-73
Added Net: Name=BUS38_P
Added Pin To Net: NetName=BUS39_N Pin=J1-75
Added Pin To Net: NetName=BUS39_N Pin=J2-75
Added Pin To Net: NetName=BUS39_N Pin=J3-75
Added Pin To Net: NetName=BUS39_N Pin=J4-75
Added Pin To Net: NetName=BUS39_N Pin=J5-75
Added Pin To Net: NetName=BUS39_N Pin=J6-75
Added Pin To Net: NetName=BUS39_N Pin=J7-75
Added Pin To Net: NetName=BUS39_N Pin=J8-75
Added Pin To Net: NetName=BUS39_N Pin=J9-75
Added Pin To Net: NetName=BUS39_N Pin=J10-75
Added Pin To Net: NetName=BUS39_N Pin=J11-75
Added Pin To Net: NetName=BUS39_N Pin=J12-75
Added Pin To Net: NetName=BUS39_N Pin=J13-75
Added Pin To Net: NetName=BUS39_N Pin=J14-75
Added Pin To Net: NetName=BUS39_N Pin=J15-75
Added Pin To Net: NetName=BUS39_N Pin=J16-75
Added Net: Name=BUS39_N
Added Pin To Net: NetName=BUS39_P Pin=J1-76
Added Pin To Net: NetName=BUS39_P Pin=J2-76
Added Pin To Net: NetName=BUS39_P Pin=J3-76
Added Pin To Net: NetName=BUS39_P Pin=J4-76
Added Pin To Net: NetName=BUS39_P Pin=J5-76
Added Pin To Net: NetName=BUS39_P Pin=J6-76
Added Pin To Net: NetName=BUS39_P Pin=J7-76
Added Pin To Net: NetName=BUS39_P Pin=J8-76
Added Pin To Net: NetName=BUS39_P Pin=J9-76
Added Pin To Net: NetName=BUS39_P Pin=J10-76
Added Pin To Net: NetName=BUS39_P Pin=J11-76
Added Pin To Net: NetName=BUS39_P Pin=J12-76
Added Pin To Net: NetName=BUS39_P Pin=J13-76
Added Pin To Net: NetName=BUS39_P Pin=J14-76
Added Pin To Net: NetName=BUS39_P Pin=J15-76
Added Pin To Net: NetName=BUS39_P Pin=J16-76
Added Net: Name=BUS39_P
Added Pin To Net: NetName=DGND Pin=J1-2
Added Pin To Net: NetName=DGND Pin=J1-3
Added Pin To Net: NetName=DGND Pin=J1-4
Added Pin To Net: NetName=DGND Pin=J1-5
Added Pin To Net: NetName=DGND Pin=J1-6
Added Pin To Net: NetName=DGND Pin=J1-21
Added Pin To Net: NetName=DGND Pin=J1-30
Added Pin To Net: NetName=DGND Pin=J1-39
Added Pin To Net: NetName=DGND Pin=J1-48
Added Pin To Net: NetName=DGND Pin=J1-62
Added Pin To Net: NetName=DGND Pin=J1-63
Added Pin To Net: NetName=DGND Pin=J1-64
Added Pin To Net: NetName=DGND Pin=J1-65
Added Pin To Net: NetName=DGND Pin=J1-66
Added Pin To Net: NetName=DGND Pin=J1-81
Added Pin To Net: NetName=DGND Pin=J1-90
Added Pin To Net: NetName=DGND Pin=J1-99
Added Pin To Net: NetName=DGND Pin=J1-108
Added Pin To Net: NetName=DGND Pin=J2-2
Added Pin To Net: NetName=DGND Pin=J2-3
Added Pin To Net: NetName=DGND Pin=J2-4
Added Pin To Net: NetName=DGND Pin=J2-5
Added Pin To Net: NetName=DGND Pin=J2-6
Added Pin To Net: NetName=DGND Pin=J2-21
Added Pin To Net: NetName=DGND Pin=J2-30
Added Pin To Net: NetName=DGND Pin=J2-39
Added Pin To Net: NetName=DGND Pin=J2-48
Added Pin To Net: NetName=DGND Pin=J2-62
Added Pin To Net: NetName=DGND Pin=J2-63
Added Pin To Net: NetName=DGND Pin=J2-64
Added Pin To Net: NetName=DGND Pin=J2-65
Added Pin To Net: NetName=DGND Pin=J2-66
Added Pin To Net: NetName=DGND Pin=J2-81
Added Pin To Net: NetName=DGND Pin=J2-90
Added Pin To Net: NetName=DGND Pin=J2-99
Added Pin To Net: NetName=DGND Pin=J2-108
Added Pin To Net: NetName=DGND Pin=J3-2
Added Pin To Net: NetName=DGND Pin=J3-3
Added Pin To Net: NetName=DGND Pin=J3-4
Added Pin To Net: NetName=DGND Pin=J3-5
Added Pin To Net: NetName=DGND Pin=J3-6
Added Pin To Net: NetName=DGND Pin=J3-21
Added Pin To Net: NetName=DGND Pin=J3-30
Added Pin To Net: NetName=DGND Pin=J3-39
Added Pin To Net: NetName=DGND Pin=J3-48
Added Pin To Net: NetName=DGND Pin=J3-62
Added Pin To Net: NetName=DGND Pin=J3-63
Added Pin To Net: NetName=DGND Pin=J3-64
Added Pin To Net: NetName=DGND Pin=J3-65
Added Pin To Net: NetName=DGND Pin=J3-66
Added Pin To Net: NetName=DGND Pin=J3-81
Added Pin To Net: NetName=DGND Pin=J3-90
Added Pin To Net: NetName=DGND Pin=J3-99
Added Pin To Net: NetName=DGND Pin=J3-108
Added Pin To Net: NetName=DGND Pin=J4-2
Added Pin To Net: NetName=DGND Pin=J4-3
Added Pin To Net: NetName=DGND Pin=J4-4
Added Pin To Net: NetName=DGND Pin=J4-5
Added Pin To Net: NetName=DGND Pin=J4-6
Added Pin To Net: NetName=DGND Pin=J4-21
Added Pin To Net: NetName=DGND Pin=J4-30
Added Pin To Net: NetName=DGND Pin=J4-39
Added Pin To Net: NetName=DGND Pin=J4-48
Added Pin To Net: NetName=DGND Pin=J4-62
Added Pin To Net: NetName=DGND Pin=J4-63
Added Pin To Net: NetName=DGND Pin=J4-64
Added Pin To Net: NetName=DGND Pin=J4-65
Added Pin To Net: NetName=DGND Pin=J4-66
Added Pin To Net: NetName=DGND Pin=J4-81
Added Pin To Net: NetName=DGND Pin=J4-90
Added Pin To Net: NetName=DGND Pin=J4-99
Added Pin To Net: NetName=DGND Pin=J4-108
Added Pin To Net: NetName=DGND Pin=J5-2
Added Pin To Net: NetName=DGND Pin=J5-3
Added Pin To Net: NetName=DGND Pin=J5-4
Added Pin To Net: NetName=DGND Pin=J5-5
Added Pin To Net: NetName=DGND Pin=J5-6
Added Pin To Net: NetName=DGND Pin=J5-21
Added Pin To Net: NetName=DGND Pin=J5-30
Added Pin To Net: NetName=DGND Pin=J5-39
Added Pin To Net: NetName=DGND Pin=J5-48
Added Pin To Net: NetName=DGND Pin=J5-62
Added Pin To Net: NetName=DGND Pin=J5-63
Added Pin To Net: NetName=DGND Pin=J5-64
Added Pin To Net: NetName=DGND Pin=J5-65
Added Pin To Net: NetName=DGND Pin=J5-66
Added Pin To Net: NetName=DGND Pin=J5-81
Added Pin To Net: NetName=DGND Pin=J5-90
Added Pin To Net: NetName=DGND Pin=J5-99
Added Pin To Net: NetName=DGND Pin=J5-108
Added Pin To Net: NetName=DGND Pin=J6-2
Added Pin To Net: NetName=DGND Pin=J6-3
Added Pin To Net: NetName=DGND Pin=J6-4
Added Pin To Net: NetName=DGND Pin=J6-5
Added Pin To Net: NetName=DGND Pin=J6-6
Added Pin To Net: NetName=DGND Pin=J6-21
Added Pin To Net: NetName=DGND Pin=J6-30
Added Pin To Net: NetName=DGND Pin=J6-39
Added Pin To Net: NetName=DGND Pin=J6-48
Added Pin To Net: NetName=DGND Pin=J6-62
Added Pin To Net: NetName=DGND Pin=J6-63
Added Pin To Net: NetName=DGND Pin=J6-64
Added Pin To Net: NetName=DGND Pin=J6-65
Added Pin To Net: NetName=DGND Pin=J6-66
Added Pin To Net: NetName=DGND Pin=J6-81
Added Pin To Net: NetName=DGND Pin=J6-90
Added Pin To Net: NetName=DGND Pin=J6-99
Added Pin To Net: NetName=DGND Pin=J6-108
Added Pin To Net: NetName=DGND Pin=J7-2
Added Pin To Net: NetName=DGND Pin=J7-3
Added Pin To Net: NetName=DGND Pin=J7-4
Added Pin To Net: NetName=DGND Pin=J7-5
Added Pin To Net: NetName=DGND Pin=J7-6
Added Pin To Net: NetName=DGND Pin=J7-21
Added Pin To Net: NetName=DGND Pin=J7-30
Added Pin To Net: NetName=DGND Pin=J7-39
Added Pin To Net: NetName=DGND Pin=J7-48
Added Pin To Net: NetName=DGND Pin=J7-62
Added Pin To Net: NetName=DGND Pin=J7-63
Added Pin To Net: NetName=DGND Pin=J7-64
Added Pin To Net: NetName=DGND Pin=J7-65
Added Pin To Net: NetName=DGND Pin=J7-66
Added Pin To Net: NetName=DGND Pin=J7-81
Added Pin To Net: NetName=DGND Pin=J7-90
Added Pin To Net: NetName=DGND Pin=J7-99
Added Pin To Net: NetName=DGND Pin=J7-108
Added Pin To Net: NetName=DGND Pin=J8-2
Added Pin To Net: NetName=DGND Pin=J8-3
Added Pin To Net: NetName=DGND Pin=J8-4
Added Pin To Net: NetName=DGND Pin=J8-5
Added Pin To Net: NetName=DGND Pin=J8-6
Added Pin To Net: NetName=DGND Pin=J8-21
Added Pin To Net: NetName=DGND Pin=J8-30
Added Pin To Net: NetName=DGND Pin=J8-39
Added Pin To Net: NetName=DGND Pin=J8-48
Added Pin To Net: NetName=DGND Pin=J8-62
Added Pin To Net: NetName=DGND Pin=J8-63
Added Pin To Net: NetName=DGND Pin=J8-64
Added Pin To Net: NetName=DGND Pin=J8-65
Added Pin To Net: NetName=DGND Pin=J8-66
Added Pin To Net: NetName=DGND Pin=J8-81
Added Pin To Net: NetName=DGND Pin=J8-90
Added Pin To Net: NetName=DGND Pin=J8-99
Added Pin To Net: NetName=DGND Pin=J8-108
Added Pin To Net: NetName=DGND Pin=J9-2
Added Pin To Net: NetName=DGND Pin=J9-3
Added Pin To Net: NetName=DGND Pin=J9-4
Added Pin To Net: NetName=DGND Pin=J9-5
Added Pin To Net: NetName=DGND Pin=J9-6
Added Pin To Net: NetName=DGND Pin=J9-21
Added Pin To Net: NetName=DGND Pin=J9-30
Added Pin To Net: NetName=DGND Pin=J9-39
Added Pin To Net: NetName=DGND Pin=J9-48
Added Pin To Net: NetName=DGND Pin=J9-62
Added Pin To Net: NetName=DGND Pin=J9-63
Added Pin To Net: NetName=DGND Pin=J9-64
Added Pin To Net: NetName=DGND Pin=J9-65
Added Pin To Net: NetName=DGND Pin=J9-66
Added Pin To Net: NetName=DGND Pin=J9-81
Added Pin To Net: NetName=DGND Pin=J9-90
Added Pin To Net: NetName=DGND Pin=J9-99
Added Pin To Net: NetName=DGND Pin=J9-108
Added Pin To Net: NetName=DGND Pin=J10-2
Added Pin To Net: NetName=DGND Pin=J10-3
Added Pin To Net: NetName=DGND Pin=J10-4
Added Pin To Net: NetName=DGND Pin=J10-5
Added Pin To Net: NetName=DGND Pin=J10-6
Added Pin To Net: NetName=DGND Pin=J10-21
Added Pin To Net: NetName=DGND Pin=J10-30
Added Pin To Net: NetName=DGND Pin=J10-39
Added Pin To Net: NetName=DGND Pin=J10-48
Added Pin To Net: NetName=DGND Pin=J10-62
Added Pin To Net: NetName=DGND Pin=J10-63
Added Pin To Net: NetName=DGND Pin=J10-64
Added Pin To Net: NetName=DGND Pin=J10-65
Added Pin To Net: NetName=DGND Pin=J10-66
Added Pin To Net: NetName=DGND Pin=J10-81
Added Pin To Net: NetName=DGND Pin=J10-90
Added Pin To Net: NetName=DGND Pin=J10-99
Added Pin To Net: NetName=DGND Pin=J10-108
Added Pin To Net: NetName=DGND Pin=J11-2
Added Pin To Net: NetName=DGND Pin=J11-3
Added Pin To Net: NetName=DGND Pin=J11-4
Added Pin To Net: NetName=DGND Pin=J11-5
Added Pin To Net: NetName=DGND Pin=J11-6
Added Pin To Net: NetName=DGND Pin=J11-21
Added Pin To Net: NetName=DGND Pin=J11-30
Added Pin To Net: NetName=DGND Pin=J11-39
Added Pin To Net: NetName=DGND Pin=J11-48
Added Pin To Net: NetName=DGND Pin=J11-62
Added Pin To Net: NetName=DGND Pin=J11-63
Added Pin To Net: NetName=DGND Pin=J11-64
Added Pin To Net: NetName=DGND Pin=J11-65
Added Pin To Net: NetName=DGND Pin=J11-66
Added Pin To Net: NetName=DGND Pin=J11-81
Added Pin To Net: NetName=DGND Pin=J11-90
Added Pin To Net: NetName=DGND Pin=J11-99
Added Pin To Net: NetName=DGND Pin=J11-108
Added Pin To Net: NetName=DGND Pin=J12-2
Added Pin To Net: NetName=DGND Pin=J12-3
Added Pin To Net: NetName=DGND Pin=J12-4
Added Pin To Net: NetName=DGND Pin=J12-5
Added Pin To Net: NetName=DGND Pin=J12-6
Added Pin To Net: NetName=DGND Pin=J12-21
Added Pin To Net: NetName=DGND Pin=J12-30
Added Pin To Net: NetName=DGND Pin=J12-39
Added Pin To Net: NetName=DGND Pin=J12-48
Added Pin To Net: NetName=DGND Pin=J12-62
Added Pin To Net: NetName=DGND Pin=J12-63
Added Pin To Net: NetName=DGND Pin=J12-64
Added Pin To Net: NetName=DGND Pin=J12-65
Added Pin To Net: NetName=DGND Pin=J12-66
Added Pin To Net: NetName=DGND Pin=J12-81
Added Pin To Net: NetName=DGND Pin=J12-90
Added Pin To Net: NetName=DGND Pin=J12-99
Added Pin To Net: NetName=DGND Pin=J12-108
Added Pin To Net: NetName=DGND Pin=J13-2
Added Pin To Net: NetName=DGND Pin=J13-3
Added Pin To Net: NetName=DGND Pin=J13-4
Added Pin To Net: NetName=DGND Pin=J13-5
Added Pin To Net: NetName=DGND Pin=J13-6
Added Pin To Net: NetName=DGND Pin=J13-21
Added Pin To Net: NetName=DGND Pin=J13-30
Added Pin To Net: NetName=DGND Pin=J13-39
Added Pin To Net: NetName=DGND Pin=J13-48
Added Pin To Net: NetName=DGND Pin=J13-62
Added Pin To Net: NetName=DGND Pin=J13-63
Added Pin To Net: NetName=DGND Pin=J13-64
Added Pin To Net: NetName=DGND Pin=J13-65
Added Pin To Net: NetName=DGND Pin=J13-66
Added Pin To Net: NetName=DGND Pin=J13-81
Added Pin To Net: NetName=DGND Pin=J13-90
Added Pin To Net: NetName=DGND Pin=J13-99
Added Pin To Net: NetName=DGND Pin=J13-108
Added Pin To Net: NetName=DGND Pin=J14-2
Added Pin To Net: NetName=DGND Pin=J14-3
Added Pin To Net: NetName=DGND Pin=J14-4
Added Pin To Net: NetName=DGND Pin=J14-5
Added Pin To Net: NetName=DGND Pin=J14-6
Added Pin To Net: NetName=DGND Pin=J14-21
Added Pin To Net: NetName=DGND Pin=J14-30
Added Pin To Net: NetName=DGND Pin=J14-39
Added Pin To Net: NetName=DGND Pin=J14-48
Added Pin To Net: NetName=DGND Pin=J14-62
Added Pin To Net: NetName=DGND Pin=J14-63
Added Pin To Net: NetName=DGND Pin=J14-64
Added Pin To Net: NetName=DGND Pin=J14-65
Added Pin To Net: NetName=DGND Pin=J14-66
Added Pin To Net: NetName=DGND Pin=J14-81
Added Pin To Net: NetName=DGND Pin=J14-90
Added Pin To Net: NetName=DGND Pin=J14-99
Added Pin To Net: NetName=DGND Pin=J14-108
Added Pin To Net: NetName=DGND Pin=J15-2
Added Pin To Net: NetName=DGND Pin=J15-3
Added Pin To Net: NetName=DGND Pin=J15-4
Added Pin To Net: NetName=DGND Pin=J15-5
Added Pin To Net: NetName=DGND Pin=J15-6
Added Pin To Net: NetName=DGND Pin=J15-21
Added Pin To Net: NetName=DGND Pin=J15-30
Added Pin To Net: NetName=DGND Pin=J15-39
Added Pin To Net: NetName=DGND Pin=J15-48
Added Pin To Net: NetName=DGND Pin=J15-62
Added Pin To Net: NetName=DGND Pin=J15-63
Added Pin To Net: NetName=DGND Pin=J15-64
Added Pin To Net: NetName=DGND Pin=J15-65
Added Pin To Net: NetName=DGND Pin=J15-66
Added Pin To Net: NetName=DGND Pin=J15-81
Added Pin To Net: NetName=DGND Pin=J15-90
Added Pin To Net: NetName=DGND Pin=J15-99
Added Pin To Net: NetName=DGND Pin=J15-108
Added Pin To Net: NetName=DGND Pin=J16-2
Added Pin To Net: NetName=DGND Pin=J16-3
Added Pin To Net: NetName=DGND Pin=J16-4
Added Pin To Net: NetName=DGND Pin=J16-5
Added Pin To Net: NetName=DGND Pin=J16-6
Added Pin To Net: NetName=DGND Pin=J16-21
Added Pin To Net: NetName=DGND Pin=J16-30
Added Pin To Net: NetName=DGND Pin=J16-39
Added Pin To Net: NetName=DGND Pin=J16-48
Added Pin To Net: NetName=DGND Pin=J16-62
Added Pin To Net: NetName=DGND Pin=J16-63
Added Pin To Net: NetName=DGND Pin=J16-64
Added Pin To Net: NetName=DGND Pin=J16-65
Added Pin To Net: NetName=DGND Pin=J16-66
Added Pin To Net: NetName=DGND Pin=J16-81
Added Pin To Net: NetName=DGND Pin=J16-90
Added Pin To Net: NetName=DGND Pin=J16-99
Added Pin To Net: NetName=DGND Pin=J16-108
Added Net: Name=DGND
Added Member To Class: ClassName=BreakOutBoard_Cyclone Member=Component J2 1-145154-2
Added Member To Class: ClassName=BreakOutBoard_Cyclone Member=Component J3 1-145154-2
Added Member To Class: ClassName=BreakOutBoard_Cyclone Member=Component J4 1-145154-2
Added Member To Class: ClassName=BreakOutBoard_Cyclone Member=Component J5 1-145154-2
Added Member To Class: ClassName=BreakOutBoard_Cyclone Member=Component J6 1-145154-2
Added Member To Class: ClassName=BreakOutBoard_Cyclone Member=Component J7 1-145154-2
Added Member To Class: ClassName=BreakOutBoard_Cyclone Member=Component J8 1-145154-2
Added Member To Class: ClassName=BreakOutBoard_Cyclone Member=Component J9 1-145154-2
Added Member To Class: ClassName=BreakOutBoard_Cyclone Member=Component J10 1-145154-2
Added Member To Class: ClassName=BreakOutBoard_Cyclone Member=Component J11 1-145154-2
Added Member To Class: ClassName=BreakOutBoard_Cyclone Member=Component J12 1-145154-2
Added Member To Class: ClassName=BreakOutBoard_Cyclone Member=Component J13 1-145154-2
Added Member To Class: ClassName=BreakOutBoard_Cyclone Member=Component J14 1-145154-2
Added Member To Class: ClassName=BreakOutBoard_Cyclone Member=Component J15 1-145154-2
Added Member To Class: ClassName=BreakOutBoard_Cyclone Member=Component J16 1-145154-2
