Added Component: Designator=P5(HDR2X20)
Added Component: Designator=P6(HDR2X20)
Added Pin To Net: NetName=DGND Pin=P5-1
Added Pin To Net: NetName=DGND Pin=P6-1
Added Pin To Net: NetName=TTL_OUT_0 Pin=U11-2C3
Added Net: Name=TTL_OUT_0
Added Pin To Net: NetName=TTL_OUT_1 Pin=U11-2C4
Added Net: Name=TTL_OUT_1
Added Pin To Net: NetName=TTL_OUT_2 Pin=U11-2C5
Added Net: Name=TTL_OUT_2
Added Pin To Net: NetName=TTL_OUT_3 Pin=U11-2C6
Added Net: Name=TTL_OUT_3
Added Pin To Net: NetName=TTL_OUT_4 Pin=U11-2C7
Added Net: Name=TTL_OUT_4
Added Pin To Net: NetName=TTL_OUT_5 Pin=U11-2C8
Added Net: Name=TTL_OUT_5
Added Pin To Net: NetName=TTL_OUT_6 Pin=U11-2C9
Added Net: Name=TTL_OUT_6
Added Pin To Net: NetName=TTL_OUT_7 Pin=U11-2C10
Added Net: Name=TTL_OUT_7
Added Pin To Net: NetName=TTL_OUT_8 Pin=U11-2C11
Added Net: Name=TTL_OUT_8
Added Pin To Net: NetName=TTL_OUT_9 Pin=U11-2C12
Added Net: Name=TTL_OUT_9
Added Pin To Net: NetName=TTL_OUT_10 Pin=U11-2C13
Added Net: Name=TTL_OUT_10
Added Pin To Net: NetName=TTL_OUT_11 Pin=U11-2C14
Added Net: Name=TTL_OUT_11
Added Pin To Net: NetName=TTL_OUT_12 Pin=U11-2C15
Added Net: Name=TTL_OUT_12
Added Pin To Net: NetName=TTL_OUT_13 Pin=U11-2C16
Added Net: Name=TTL_OUT_13
Added Pin To Net: NetName=TTL_OUT_14 Pin=U11-2C17
Added Net: Name=TTL_OUT_14
Added Pin To Net: NetName=TTL_OUT_15 Pin=U11-2C18
Added Net: Name=TTL_OUT_15
Added Pin To Net: NetName=TTL_OUT_16 Pin=U11-2C19
Added Net: Name=TTL_OUT_16
Added Pin To Net: NetName=TTL_OUT_17 Pin=U11-2C20
Added Net: Name=TTL_OUT_17
Added Pin To Net: NetName=TTL_OUT_18 Pin=U11-2C21
Added Net: Name=TTL_OUT_18
Added Pin To Net: NetName=TTL_OUT_19 Pin=U11-2C22
Added Net: Name=TTL_OUT_19
Added Pin To Net: NetName=TTL_OUT_20 Pin=U11-2C23
Added Net: Name=TTL_OUT_20
Added Pin To Net: NetName=TTL_OUT_21 Pin=U11-2C24
Added Net: Name=TTL_OUT_21
Added Pin To Net: NetName=TTL_OUT_22 Pin=U11-2C25
Added Net: Name=TTL_OUT_22
Added Pin To Net: NetName=TTL_OUT_23 Pin=U11-2C26
Added Net: Name=TTL_OUT_23
Added Pin To Net: NetName=TTL_OUT_24 Pin=U11-2C27
Added Net: Name=TTL_OUT_24
Added Pin To Net: NetName=TTL_OUT_25 Pin=U11-2C28
Added Net: Name=TTL_OUT_25
Added Pin To Net: NetName=TTL_OUT_26 Pin=U11-2C29
Added Net: Name=TTL_OUT_26
Added Pin To Net: NetName=TTL_OUT_27 Pin=U11-2C30
Added Net: Name=TTL_OUT_27
Added Pin To Net: NetName=TTL_OUT_28 Pin=U11-2C31
Added Net: Name=TTL_OUT_28
Added Pin To Net: NetName=TTL_OUT_29 Pin=U11-2C32
Added Net: Name=TTL_OUT_29
Added Pin To Net: NetName=TTL_OUT_30 Pin=U11-2C33
Added Net: Name=TTL_OUT_30
Added Pin To Net: NetName=TTL_OUT_31 Pin=U11-2C34
Added Net: Name=TTL_OUT_31
Added Member To Class: ClassName=BreakOutBoard_Cyclone Member=Component P5 TTL_OUT_1
Added Member To Class: ClassName=BreakOutBoard_Cyclone Member=Component P6 TTL_OUT_2
